[0.047s] Invoking command in '/home/pablo/Desktop/ros2_dam/simulation/lbr-stack/build/lbr_ros2_control': AMENT_PREFIX_PATH=/home/pablo/Desktop/ros2_dam/simulation/lbr-stack/install/lbr_fri_ros2:/home/pablo/Desktop/ros2_dam/simulation/lbr-stack/install/lbr_fri_idl:/home/pablo/Desktop/ros2_dam/simulation/lbr-stack/install/lbr_description:${AMENT_PREFIX_PATH} CMAKE_PREFIX_PATH=/home/pablo/Desktop/ros2_dam/simulation/lbr-stack/install/lbr_fri_ros2:/home/pablo/Desktop/ros2_dam/simulation/lbr-stack/install/lbr_fri_idl:/home/pablo/Desktop/ros2_dam/simulation/lbr-stack/install/lbr_description:/home/pablo/Desktop/ros2_dam/simulation/lbr-stack/install/fri_client_sdk:/opt/ros/jazzy/opt/gz_sim_vendor:/opt/ros/jazzy/opt/gz_sensors_vendor:/opt/ros/jazzy/opt/gz_physics_vendor:/opt/ros/jazzy/opt/sdformat_vendor:/opt/ros/jazzy/opt/gz_gui_vendor:/opt/ros/jazzy/opt/gz_transport_vendor:/opt/ros/jazzy/opt/gz_rendering_vendor:/opt/ros/jazzy/opt/gz_plugin_vendor:/opt/ros/jazzy/opt/gz_fuel_tools_vendor:/opt/ros/jazzy/opt/gz_msgs_vendor:/opt/ros/jazzy/opt/gz_common_vendor:/opt/ros/jazzy/opt/gz_math_vendor:/opt/ros/jazzy/opt/gz_utils_vendor:/opt/ros/jazzy/opt/gz_tools_vendor:/opt/ros/jazzy/opt/gz_ogre_next_vendor:/opt/ros/jazzy/opt/gz_dartsim_vendor:/opt/ros/jazzy/opt/gz_cmake_vendor:/opt/ros/jazzy DEBUGINFOD_URLS=https://debuginfod.ubuntu.com LD_LIBRARY_PATH=/home/pablo/Desktop/ros2_dam/simulation/lbr-stack/install/lbr_fri_ros2/lib:/home/pablo/Desktop/ros2_dam/simulation/lbr-stack/install/lbr_fri_idl/lib:/home/pablo/Desktop/ros2_dam/simulation/lbr-stack/install/fri_client_sdk/lib:${LD_LIBRARY_PATH} PKG_CONFIG_PATH=/home/pablo/Desktop/ros2_dam/simulation/lbr-stack/install/fri_client_sdk/lib/x86_64-linux-gnu/pkgconfig:/home/pablo/Desktop/ros2_dam/simulation/lbr-stack/install/fri_client_sdk/lib/pkgconfig PYTHONPATH=/home/pablo/Desktop/ros2_dam/simulation/lbr-stack/install/lbr_fri_idl/lib/python3.12/site-packages:${PYTHONPATH} /usr/bin/cmake /home/pablo/Desktop/ros2_dam/simulation/lbr-stack/src/lbr_fri_ros2_stack/lbr_ros2_control -DAMENT_CMAKE_SYMLINK_INSTALL=1 -DCMAKE_INSTALL_PREFIX=/home/pablo/Desktop/ros2_dam/simulation/lbr-stack/install/lbr_ros2_control
[0.117s] -- The C compiler identification is GNU 13.3.0
[0.180s] -- The CXX compiler identification is GNU 13.3.0
[0.201s] -- Detecting C compiler ABI info
[0.298s] -- Detecting C compiler ABI info - done
[0.311s] -- Check for working C compiler: /usr/bin/cc - skipped
[0.311s] -- Detecting C compile features
[0.311s] -- Detecting C compile features - done
[0.322s] -- Detecting CXX compiler ABI info
[0.425s] -- Detecting CXX compiler ABI info - done
[0.444s] -- Check for working CXX compiler: /usr/bin/c++ - skipped
[0.445s] -- Detecting CXX compile features
[0.446s] -- Detecting CXX compile features - done
[0.453s] -- Found ament_cmake: 2.5.5 (/opt/ros/jazzy/share/ament_cmake/cmake)
[0.643s] -- Found Python3: /usr/bin/python3 (found version "3.12.3") found components: Interpreter 
[0.726s] -- Override CMake install command with custom implementation using symlinks instead of copying resources
[0.833s] -- Found controller_interface: 4.42.2 (/opt/ros/jazzy/share/controller_interface/cmake)
[0.911s] -- Found rosidl_generator_c: 4.6.7 (/opt/ros/jazzy/share/rosidl_generator_c/cmake)
[0.934s] -- Found rosidl_generator_cpp: 4.6.7 (/opt/ros/jazzy/share/rosidl_generator_cpp/cmake)
[0.959s] -- Using all available rosidl_typesupport_c: rosidl_typesupport_fastrtps_c;rosidl_typesupport_introspection_c
[0.987s] -- Using all available rosidl_typesupport_cpp: rosidl_typesupport_fastrtps_cpp;rosidl_typesupport_introspection_cpp
[1.296s] -- Found TinyXML2 via Config file: /usr/lib/x86_64-linux-gnu/cmake/tinyxml2
[1.367s] -- Found rmw_implementation_cmake: 7.3.3 (/opt/ros/jazzy/share/rmw_implementation_cmake/cmake)
[1.372s] -- Found rmw_fastrtps_cpp: 8.4.3 (/opt/ros/jazzy/share/rmw_fastrtps_cpp/cmake)
[1.409s] -- Found TinyXML2 via Config file: /usr/lib/x86_64-linux-gnu/cmake/tinyxml2
[1.478s] -- Found OpenSSL: /usr/lib/x86_64-linux-gnu/libcrypto.so (found version "3.0.13")  
[1.483s] -- Found TinyXML2 via Config file: /usr/lib/x86_64-linux-gnu/cmake/tinyxml2
[1.503s] -- Found FastRTPS: /opt/ros/jazzy/include (Required is at least version "2.13") 
[1.507s] -- Found TinyXML2 via Config file: /usr/lib/x86_64-linux-gnu/cmake/tinyxml2
[1.518s] -- Found TinyXML2 via Config file: /usr/lib/x86_64-linux-gnu/cmake/tinyxml2
[1.532s] -- Using RMW implementation 'rmw_fastrtps_cpp' as default
[1.895s] -- Found eigen3_cmake_module: 0.3.0 (/opt/ros/jazzy/share/eigen3_cmake_module/cmake)
[1.904s] -- Found Eigen3: TRUE (found version "3.4.0") 
[1.911s] -- Found kinematics_interface: 1.7.0 (/opt/ros/jazzy/share/kinematics_interface/cmake)
[1.914s] -- Found lbr_fri_idl: 1.5.0 (/home/pablo/Desktop/ros2_dam/simulation/lbr-stack/install/lbr_fri_idl/share/lbr_fri_idl/cmake)
[1.933s] -- Found lbr_fri_ros2: 2.4.3 (/home/pablo/Desktop/ros2_dam/simulation/lbr-stack/install/lbr_fri_ros2/share/lbr_fri_ros2/cmake)
[1.953s] -- Ensuring Eigen3 include directory is part of orocos-kdl CMake target
[2.069s] -- Configuring done (2.0s)
[2.102s] -- Generating done (0.0s)
[2.109s] -- Build files have been written to: /home/pablo/Desktop/ros2_dam/simulation/lbr-stack/build/lbr_ros2_control
[2.123s] Invoked command in '/home/pablo/Desktop/ros2_dam/simulation/lbr-stack/build/lbr_ros2_control' returned '0': AMENT_PREFIX_PATH=/home/pablo/Desktop/ros2_dam/simulation/lbr-stack/install/lbr_fri_ros2:/home/pablo/Desktop/ros2_dam/simulation/lbr-stack/install/lbr_fri_idl:/home/pablo/Desktop/ros2_dam/simulation/lbr-stack/install/lbr_description:${AMENT_PREFIX_PATH} CMAKE_PREFIX_PATH=/home/pablo/Desktop/ros2_dam/simulation/lbr-stack/install/lbr_fri_ros2:/home/pablo/Desktop/ros2_dam/simulation/lbr-stack/install/lbr_fri_idl:/home/pablo/Desktop/ros2_dam/simulation/lbr-stack/install/lbr_description:/home/pablo/Desktop/ros2_dam/simulation/lbr-stack/install/fri_client_sdk:/opt/ros/jazzy/opt/gz_sim_vendor:/opt/ros/jazzy/opt/gz_sensors_vendor:/opt/ros/jazzy/opt/gz_physics_vendor:/opt/ros/jazzy/opt/sdformat_vendor:/opt/ros/jazzy/opt/gz_gui_vendor:/opt/ros/jazzy/opt/gz_transport_vendor:/opt/ros/jazzy/opt/gz_rendering_vendor:/opt/ros/jazzy/opt/gz_plugin_vendor:/opt/ros/jazzy/opt/gz_fuel_tools_vendor:/opt/ros/jazzy/opt/gz_msgs_vendor:/opt/ros/jazzy/opt/gz_common_vendor:/opt/ros/jazzy/opt/gz_math_vendor:/opt/ros/jazzy/opt/gz_utils_vendor:/opt/ros/jazzy/opt/gz_tools_vendor:/opt/ros/jazzy/opt/gz_ogre_next_vendor:/opt/ros/jazzy/opt/gz_dartsim_vendor:/opt/ros/jazzy/opt/gz_cmake_vendor:/opt/ros/jazzy DEBUGINFOD_URLS=https://debuginfod.ubuntu.com LD_LIBRARY_PATH=/home/pablo/Desktop/ros2_dam/simulation/lbr-stack/install/lbr_fri_ros2/lib:/home/pablo/Desktop/ros2_dam/simulation/lbr-stack/install/lbr_fri_idl/lib:/home/pablo/Desktop/ros2_dam/simulation/lbr-stack/install/fri_client_sdk/lib:${LD_LIBRARY_PATH} PKG_CONFIG_PATH=/home/pablo/Desktop/ros2_dam/simulation/lbr-stack/install/fri_client_sdk/lib/x86_64-linux-gnu/pkgconfig:/home/pablo/Desktop/ros2_dam/simulation/lbr-stack/install/fri_client_sdk/lib/pkgconfig PYTHONPATH=/home/pablo/Desktop/ros2_dam/simulation/lbr-stack/install/lbr_fri_idl/lib/python3.12/site-packages:${PYTHONPATH} /usr/bin/cmake /home/pablo/Desktop/ros2_dam/simulation/lbr-stack/src/lbr_fri_ros2_stack/lbr_ros2_control -DAMENT_CMAKE_SYMLINK_INSTALL=1 -DCMAKE_INSTALL_PREFIX=/home/pablo/Desktop/ros2_dam/simulation/lbr-stack/install/lbr_ros2_control
[2.125s] Invoking command in '/home/pablo/Desktop/ros2_dam/simulation/lbr-stack/build/lbr_ros2_control': AMENT_PREFIX_PATH=/home/pablo/Desktop/ros2_dam/simulation/lbr-stack/install/lbr_fri_ros2:/home/pablo/Desktop/ros2_dam/simulation/lbr-stack/install/lbr_fri_idl:/home/pablo/Desktop/ros2_dam/simulation/lbr-stack/install/lbr_description:${AMENT_PREFIX_PATH} CMAKE_PREFIX_PATH=/home/pablo/Desktop/ros2_dam/simulation/lbr-stack/install/lbr_fri_ros2:/home/pablo/Desktop/ros2_dam/simulation/lbr-stack/install/lbr_fri_idl:/home/pablo/Desktop/ros2_dam/simulation/lbr-stack/install/lbr_description:/home/pablo/Desktop/ros2_dam/simulation/lbr-stack/install/fri_client_sdk:/opt/ros/jazzy/opt/gz_sim_vendor:/opt/ros/jazzy/opt/gz_sensors_vendor:/opt/ros/jazzy/opt/gz_physics_vendor:/opt/ros/jazzy/opt/sdformat_vendor:/opt/ros/jazzy/opt/gz_gui_vendor:/opt/ros/jazzy/opt/gz_transport_vendor:/opt/ros/jazzy/opt/gz_rendering_vendor:/opt/ros/jazzy/opt/gz_plugin_vendor:/opt/ros/jazzy/opt/gz_fuel_tools_vendor:/opt/ros/jazzy/opt/gz_msgs_vendor:/opt/ros/jazzy/opt/gz_common_vendor:/opt/ros/jazzy/opt/gz_math_vendor:/opt/ros/jazzy/opt/gz_utils_vendor:/opt/ros/jazzy/opt/gz_tools_vendor:/opt/ros/jazzy/opt/gz_ogre_next_vendor:/opt/ros/jazzy/opt/gz_dartsim_vendor:/opt/ros/jazzy/opt/gz_cmake_vendor:/opt/ros/jazzy DEBUGINFOD_URLS=https://debuginfod.ubuntu.com LD_LIBRARY_PATH=/home/pablo/Desktop/ros2_dam/simulation/lbr-stack/install/lbr_fri_ros2/lib:/home/pablo/Desktop/ros2_dam/simulation/lbr-stack/install/lbr_fri_idl/lib:/home/pablo/Desktop/ros2_dam/simulation/lbr-stack/install/fri_client_sdk/lib:${LD_LIBRARY_PATH} PKG_CONFIG_PATH=/home/pablo/Desktop/ros2_dam/simulation/lbr-stack/install/fri_client_sdk/lib/x86_64-linux-gnu/pkgconfig:/home/pablo/Desktop/ros2_dam/simulation/lbr-stack/install/fri_client_sdk/lib/pkgconfig PYTHONPATH=/home/pablo/Desktop/ros2_dam/simulation/lbr-stack/install/lbr_fri_idl/lib/python3.12/site-packages:${PYTHONPATH} /usr/bin/cmake --build /home/pablo/Desktop/ros2_dam/simulation/lbr-stack/build/lbr_ros2_control -- -j12 -l12
[2.190s] [ 55%] [32mBuilding CXX object CMakeFiles/lbr_ros2_control.dir/src/controllers/admittance_controller.cpp.o[0m
[2.190s] [ 55%] [32mBuilding CXX object CMakeFiles/lbr_ros2_control.dir/src/controllers/lbr_state_broadcaster.cpp.o[0m
[2.192s] [ 55%] [32mBuilding CXX object CMakeFiles/lbr_ros2_control.dir/src/controllers/estimated_wrench_interface.cpp.o[0m
[2.192s] [ 55%] [32mBuilding CXX object CMakeFiles/lbr_ros2_control.dir/src/controllers/lbr_joint_position_command_controller.cpp.o[0m
[2.192s] [ 66%] [32mBuilding CXX object CMakeFiles/lbr_ros2_control.dir/src/controllers/lbr_torque_command_controller.cpp.o[0m
[2.192s] [ 77%] [32mBuilding CXX object CMakeFiles/lbr_ros2_control.dir/src/controllers/twist_controller.cpp.o[0m
[2.192s] [ 77%] [32mBuilding CXX object CMakeFiles/lbr_ros2_control.dir/src/controllers/lbr_wrench_command_controller.cpp.o[0m
[2.192s] [ 88%] [32mBuilding CXX object CMakeFiles/lbr_ros2_control.dir/src/system_interface.cpp.o[0m
[23.387s] [100%] [32m[1mLinking CXX shared library liblbr_ros2_control.so[0m
[23.737s] [100%] Built target lbr_ros2_control
[23.750s] Invoked command in '/home/pablo/Desktop/ros2_dam/simulation/lbr-stack/build/lbr_ros2_control' returned '0': AMENT_PREFIX_PATH=/home/pablo/Desktop/ros2_dam/simulation/lbr-stack/install/lbr_fri_ros2:/home/pablo/Desktop/ros2_dam/simulation/lbr-stack/install/lbr_fri_idl:/home/pablo/Desktop/ros2_dam/simulation/lbr-stack/install/lbr_description:${AMENT_PREFIX_PATH} CMAKE_PREFIX_PATH=/home/pablo/Desktop/ros2_dam/simulation/lbr-stack/install/lbr_fri_ros2:/home/pablo/Desktop/ros2_dam/simulation/lbr-stack/install/lbr_fri_idl:/home/pablo/Desktop/ros2_dam/simulation/lbr-stack/install/lbr_description:/home/pablo/Desktop/ros2_dam/simulation/lbr-stack/install/fri_client_sdk:/opt/ros/jazzy/opt/gz_sim_vendor:/opt/ros/jazzy/opt/gz_sensors_vendor:/opt/ros/jazzy/opt/gz_physics_vendor:/opt/ros/jazzy/opt/sdformat_vendor:/opt/ros/jazzy/opt/gz_gui_vendor:/opt/ros/jazzy/opt/gz_transport_vendor:/opt/ros/jazzy/opt/gz_rendering_vendor:/opt/ros/jazzy/opt/gz_plugin_vendor:/opt/ros/jazzy/opt/gz_fuel_tools_vendor:/opt/ros/jazzy/opt/gz_msgs_vendor:/opt/ros/jazzy/opt/gz_common_vendor:/opt/ros/jazzy/opt/gz_math_vendor:/opt/ros/jazzy/opt/gz_utils_vendor:/opt/ros/jazzy/opt/gz_tools_vendor:/opt/ros/jazzy/opt/gz_ogre_next_vendor:/opt/ros/jazzy/opt/gz_dartsim_vendor:/opt/ros/jazzy/opt/gz_cmake_vendor:/opt/ros/jazzy DEBUGINFOD_URLS=https://debuginfod.ubuntu.com LD_LIBRARY_PATH=/home/pablo/Desktop/ros2_dam/simulation/lbr-stack/install/lbr_fri_ros2/lib:/home/pablo/Desktop/ros2_dam/simulation/lbr-stack/install/lbr_fri_idl/lib:/home/pablo/Desktop/ros2_dam/simulation/lbr-stack/install/fri_client_sdk/lib:${LD_LIBRARY_PATH} PKG_CONFIG_PATH=/home/pablo/Desktop/ros2_dam/simulation/lbr-stack/install/fri_client_sdk/lib/x86_64-linux-gnu/pkgconfig:/home/pablo/Desktop/ros2_dam/simulation/lbr-stack/install/fri_client_sdk/lib/pkgconfig PYTHONPATH=/home/pablo/Desktop/ros2_dam/simulation/lbr-stack/install/lbr_fri_idl/lib/python3.12/site-packages:${PYTHONPATH} /usr/bin/cmake --build /home/pablo/Desktop/ros2_dam/simulation/lbr-stack/build/lbr_ros2_control -- -j12 -l12
[23.752s] Invoking command in '/home/pablo/Desktop/ros2_dam/simulation/lbr-stack/build/lbr_ros2_control': AMENT_PREFIX_PATH=/home/pablo/Desktop/ros2_dam/simulation/lbr-stack/install/lbr_fri_ros2:/home/pablo/Desktop/ros2_dam/simulation/lbr-stack/install/lbr_fri_idl:/home/pablo/Desktop/ros2_dam/simulation/lbr-stack/install/lbr_description:${AMENT_PREFIX_PATH} CMAKE_PREFIX_PATH=/home/pablo/Desktop/ros2_dam/simulation/lbr-stack/install/lbr_fri_ros2:/home/pablo/Desktop/ros2_dam/simulation/lbr-stack/install/lbr_fri_idl:/home/pablo/Desktop/ros2_dam/simulation/lbr-stack/install/lbr_description:/home/pablo/Desktop/ros2_dam/simulation/lbr-stack/install/fri_client_sdk:/opt/ros/jazzy/opt/gz_sim_vendor:/opt/ros/jazzy/opt/gz_sensors_vendor:/opt/ros/jazzy/opt/gz_physics_vendor:/opt/ros/jazzy/opt/sdformat_vendor:/opt/ros/jazzy/opt/gz_gui_vendor:/opt/ros/jazzy/opt/gz_transport_vendor:/opt/ros/jazzy/opt/gz_rendering_vendor:/opt/ros/jazzy/opt/gz_plugin_vendor:/opt/ros/jazzy/opt/gz_fuel_tools_vendor:/opt/ros/jazzy/opt/gz_msgs_vendor:/opt/ros/jazzy/opt/gz_common_vendor:/opt/ros/jazzy/opt/gz_math_vendor:/opt/ros/jazzy/opt/gz_utils_vendor:/opt/ros/jazzy/opt/gz_tools_vendor:/opt/ros/jazzy/opt/gz_ogre_next_vendor:/opt/ros/jazzy/opt/gz_dartsim_vendor:/opt/ros/jazzy/opt/gz_cmake_vendor:/opt/ros/jazzy DEBUGINFOD_URLS=https://debuginfod.ubuntu.com LD_LIBRARY_PATH=/home/pablo/Desktop/ros2_dam/simulation/lbr-stack/install/lbr_fri_ros2/lib:/home/pablo/Desktop/ros2_dam/simulation/lbr-stack/install/lbr_fri_idl/lib:/home/pablo/Desktop/ros2_dam/simulation/lbr-stack/install/fri_client_sdk/lib:${LD_LIBRARY_PATH} PKG_CONFIG_PATH=/home/pablo/Desktop/ros2_dam/simulation/lbr-stack/install/fri_client_sdk/lib/x86_64-linux-gnu/pkgconfig:/home/pablo/Desktop/ros2_dam/simulation/lbr-stack/install/fri_client_sdk/lib/pkgconfig PYTHONPATH=/home/pablo/Desktop/ros2_dam/simulation/lbr-stack/install/lbr_fri_idl/lib/python3.12/site-packages:${PYTHONPATH} /usr/bin/cmake --install /home/pablo/Desktop/ros2_dam/simulation/lbr-stack/build/lbr_ros2_control
[23.763s] -- Install configuration: "Release"
[23.763s] -- Execute custom install script
[23.764s] -- Symlinking: /home/pablo/Desktop/ros2_dam/simulation/lbr-stack/install/lbr_ros2_control/share/lbr_ros2_control/plugin_description_files/controllers.xml
[23.776s] -- Symlinking: /home/pablo/Desktop/ros2_dam/simulation/lbr-stack/install/lbr_ros2_control/share/lbr_ros2_control/plugin_description_files/system_interface.xml
[23.788s] -- Symlinking: /home/pablo/Desktop/ros2_dam/simulation/lbr-stack/install/lbr_ros2_control/share/lbr_ros2_control/environment/library_path.sh
[23.801s] -- Symlinking: /home/pablo/Desktop/ros2_dam/simulation/lbr-stack/install/lbr_ros2_control/share/lbr_ros2_control/environment/library_path.dsv
[23.813s] -- Symlinking: /home/pablo/Desktop/ros2_dam/simulation/lbr-stack/install/lbr_ros2_control/include/lbr_ros2_control/controllers/admittance_controller.hpp
[23.825s] -- Symlinking: /home/pablo/Desktop/ros2_dam/simulation/lbr-stack/install/lbr_ros2_control/include/lbr_ros2_control/controllers/estimated_wrench_interface.hpp
[23.838s] -- Symlinking: /home/pablo/Desktop/ros2_dam/simulation/lbr-stack/install/lbr_ros2_control/include/lbr_ros2_control/controllers/lbr_joint_position_command_controller.hpp
[23.851s] -- Symlinking: /home/pablo/Desktop/ros2_dam/simulation/lbr-stack/install/lbr_ros2_control/include/lbr_ros2_control/controllers/lbr_state_broadcaster.hpp
[23.862s] -- Symlinking: /home/pablo/Desktop/ros2_dam/simulation/lbr-stack/install/lbr_ros2_control/include/lbr_ros2_control/controllers/lbr_torque_command_controller.hpp
[23.874s] -- Symlinking: /home/pablo/Desktop/ros2_dam/simulation/lbr-stack/install/lbr_ros2_control/include/lbr_ros2_control/controllers/lbr_wrench_command_controller.hpp
[23.885s] -- Symlinking: /home/pablo/Desktop/ros2_dam/simulation/lbr-stack/install/lbr_ros2_control/include/lbr_ros2_control/controllers/twist_controller.hpp
[23.896s] -- Symlinking: /home/pablo/Desktop/ros2_dam/simulation/lbr-stack/install/lbr_ros2_control/include/lbr_ros2_control/system_interface.hpp
[23.909s] -- Symlinking: /home/pablo/Desktop/ros2_dam/simulation/lbr-stack/install/lbr_ros2_control/include/lbr_ros2_control/system_interface_type_values.hpp
[23.921s] -- Symlinking: /home/pablo/Desktop/ros2_dam/simulation/lbr-stack/install/lbr_ros2_control/share/ament_index/resource_index/package_run_dependencies/lbr_ros2_control
[23.933s] -- Symlinking: /home/pablo/Desktop/ros2_dam/simulation/lbr-stack/install/lbr_ros2_control/share/ament_index/resource_index/parent_prefix_path/lbr_ros2_control
[23.945s] -- Symlinking: /home/pablo/Desktop/ros2_dam/simulation/lbr-stack/install/lbr_ros2_control/share/lbr_ros2_control/environment/ament_prefix_path.sh
[23.957s] -- Symlinking: /home/pablo/Desktop/ros2_dam/simulation/lbr-stack/install/lbr_ros2_control/share/lbr_ros2_control/environment/ament_prefix_path.dsv
[23.968s] -- Symlinking: /home/pablo/Desktop/ros2_dam/simulation/lbr-stack/install/lbr_ros2_control/share/lbr_ros2_control/environment/path.sh
[23.980s] -- Symlinking: /home/pablo/Desktop/ros2_dam/simulation/lbr-stack/install/lbr_ros2_control/share/lbr_ros2_control/environment/path.dsv
[23.992s] -- Symlinking: /home/pablo/Desktop/ros2_dam/simulation/lbr-stack/install/lbr_ros2_control/share/lbr_ros2_control/local_setup.bash
[24.004s] -- Symlinking: /home/pablo/Desktop/ros2_dam/simulation/lbr-stack/install/lbr_ros2_control/share/lbr_ros2_control/local_setup.sh
[24.016s] -- Symlinking: /home/pablo/Desktop/ros2_dam/simulation/lbr-stack/install/lbr_ros2_control/share/lbr_ros2_control/local_setup.zsh
[24.030s] -- Symlinking: /home/pablo/Desktop/ros2_dam/simulation/lbr-stack/install/lbr_ros2_control/share/lbr_ros2_control/local_setup.dsv
[24.042s] -- Symlinking: /home/pablo/Desktop/ros2_dam/simulation/lbr-stack/install/lbr_ros2_control/share/lbr_ros2_control/package.dsv
[24.054s] -- Symlinking: /home/pablo/Desktop/ros2_dam/simulation/lbr-stack/install/lbr_ros2_control/share/ament_index/resource_index/packages/lbr_ros2_control
[24.065s] -- Symlinking: /home/pablo/Desktop/ros2_dam/simulation/lbr-stack/install/lbr_ros2_control/share/ament_index/resource_index/controller_interface__pluginlib__plugin/lbr_ros2_control
[24.076s] -- Symlinking: /home/pablo/Desktop/ros2_dam/simulation/lbr-stack/install/lbr_ros2_control/share/ament_index/resource_index/hardware_interface__pluginlib__plugin/lbr_ros2_control
[24.088s] -- Symlinking: /home/pablo/Desktop/ros2_dam/simulation/lbr-stack/install/lbr_ros2_control/share/lbr_ros2_control/cmake/ament_cmake_export_targets-extras.cmake
[24.101s] -- Symlinking: /home/pablo/Desktop/ros2_dam/simulation/lbr-stack/install/lbr_ros2_control/share/lbr_ros2_control/cmake/ament_cmake_export_dependencies-extras.cmake
[24.112s] -- Symlinking: /home/pablo/Desktop/ros2_dam/simulation/lbr-stack/install/lbr_ros2_control/share/lbr_ros2_control/cmake/lbr_ros2_controlConfig.cmake
[24.123s] -- Symlinking: /home/pablo/Desktop/ros2_dam/simulation/lbr-stack/install/lbr_ros2_control/share/lbr_ros2_control/cmake/lbr_ros2_controlConfig-version.cmake
[24.135s] -- Symlinking: /home/pablo/Desktop/ros2_dam/simulation/lbr-stack/install/lbr_ros2_control/share/lbr_ros2_control/package.xml
[24.149s] -- Installing: /home/pablo/Desktop/ros2_dam/simulation/lbr-stack/install/lbr_ros2_control/lib/lbr_ros2_control/liblbr_ros2_control.so
[24.152s] -- Set non-toolchain portion of runtime path of "/home/pablo/Desktop/ros2_dam/simulation/lbr-stack/install/lbr_ros2_control/lib/lbr_ros2_control/liblbr_ros2_control.so" to ""
[24.153s] -- Installing: /home/pablo/Desktop/ros2_dam/simulation/lbr-stack/install/lbr_ros2_control/share/lbr_ros2_control/cmake/lbr_ros2_control_exportExport.cmake
[24.153s] -- Installing: /home/pablo/Desktop/ros2_dam/simulation/lbr-stack/install/lbr_ros2_control/share/lbr_ros2_control/cmake/lbr_ros2_control_exportExport-release.cmake
[24.155s] Invoked command in '/home/pablo/Desktop/ros2_dam/simulation/lbr-stack/build/lbr_ros2_control' returned '0': AMENT_PREFIX_PATH=/home/pablo/Desktop/ros2_dam/simulation/lbr-stack/install/lbr_fri_ros2:/home/pablo/Desktop/ros2_dam/simulation/lbr-stack/install/lbr_fri_idl:/home/pablo/Desktop/ros2_dam/simulation/lbr-stack/install/lbr_description:${AMENT_PREFIX_PATH} CMAKE_PREFIX_PATH=/home/pablo/Desktop/ros2_dam/simulation/lbr-stack/install/lbr_fri_ros2:/home/pablo/Desktop/ros2_dam/simulation/lbr-stack/install/lbr_fri_idl:/home/pablo/Desktop/ros2_dam/simulation/lbr-stack/install/lbr_description:/home/pablo/Desktop/ros2_dam/simulation/lbr-stack/install/fri_client_sdk:/opt/ros/jazzy/opt/gz_sim_vendor:/opt/ros/jazzy/opt/gz_sensors_vendor:/opt/ros/jazzy/opt/gz_physics_vendor:/opt/ros/jazzy/opt/sdformat_vendor:/opt/ros/jazzy/opt/gz_gui_vendor:/opt/ros/jazzy/opt/gz_transport_vendor:/opt/ros/jazzy/opt/gz_rendering_vendor:/opt/ros/jazzy/opt/gz_plugin_vendor:/opt/ros/jazzy/opt/gz_fuel_tools_vendor:/opt/ros/jazzy/opt/gz_msgs_vendor:/opt/ros/jazzy/opt/gz_common_vendor:/opt/ros/jazzy/opt/gz_math_vendor:/opt/ros/jazzy/opt/gz_utils_vendor:/opt/ros/jazzy/opt/gz_tools_vendor:/opt/ros/jazzy/opt/gz_ogre_next_vendor:/opt/ros/jazzy/opt/gz_dartsim_vendor:/opt/ros/jazzy/opt/gz_cmake_vendor:/opt/ros/jazzy DEBUGINFOD_URLS=https://debuginfod.ubuntu.com LD_LIBRARY_PATH=/home/pablo/Desktop/ros2_dam/simulation/lbr-stack/install/lbr_fri_ros2/lib:/home/pablo/Desktop/ros2_dam/simulation/lbr-stack/install/lbr_fri_idl/lib:/home/pablo/Desktop/ros2_dam/simulation/lbr-stack/install/fri_client_sdk/lib:${LD_LIBRARY_PATH} PKG_CONFIG_PATH=/home/pablo/Desktop/ros2_dam/simulation/lbr-stack/install/fri_client_sdk/lib/x86_64-linux-gnu/pkgconfig:/home/pablo/Desktop/ros2_dam/simulation/lbr-stack/install/fri_client_sdk/lib/pkgconfig PYTHONPATH=/home/pablo/Desktop/ros2_dam/simulation/lbr-stack/install/lbr_fri_idl/lib/python3.12/site-packages:${PYTHONPATH} /usr/bin/cmake --install /home/pablo/Desktop/ros2_dam/simulation/lbr-stack/build/lbr_ros2_control
