[0.035s] Invoking command in '/home/pablo/Desktop/ros2_dam/simulation/lbr-stack/build/fri_client_sdk': CMAKE_PREFIX_PATH=${CMAKE_PREFIX_PATH}:/home/pablo/Desktop/ros2_dam/ros2_ws/install/baile_sencillo:/home/pablo/Desktop/ros2_dam/simulation/lbr-stack/install/lbr_demos_py:/home/pablo/Desktop/ros2_dam/simulation/lbr-stack/install/lbr_moveit:/home/pablo/Desktop/ros2_dam/simulation/lbr-stack/install/lbr_demos_advanced_py:/opt/ros/jazzy DEBUGINFOD_URLS=https://debuginfod.ubuntu.com /usr/bin/cmake --build /home/pablo/Desktop/ros2_dam/simulation/lbr-stack/build/fri_client_sdk -- -j12 -l12
[0.383s] [100%] Built target FRIClient
[0.385s] Invoked command in '/home/pablo/Desktop/ros2_dam/simulation/lbr-stack/build/fri_client_sdk' returned '0': CMAKE_PREFIX_PATH=${CMAKE_PREFIX_PATH}:/home/pablo/Desktop/ros2_dam/ros2_ws/install/baile_sencillo:/home/pablo/Desktop/ros2_dam/simulation/lbr-stack/install/lbr_demos_py:/home/pablo/Desktop/ros2_dam/simulation/lbr-stack/install/lbr_moveit:/home/pablo/Desktop/ros2_dam/simulation/lbr-stack/install/lbr_demos_advanced_py:/opt/ros/jazzy DEBUGINFOD_URLS=https://debuginfod.ubuntu.com /usr/bin/cmake --build /home/pablo/Desktop/ros2_dam/simulation/lbr-stack/build/fri_client_sdk -- -j12 -l12
[0.401s] Invoking command in '/home/pablo/Desktop/ros2_dam/simulation/lbr-stack/build/fri_client_sdk': CMAKE_PREFIX_PATH=${CMAKE_PREFIX_PATH}:/home/pablo/Desktop/ros2_dam/ros2_ws/install/baile_sencillo:/home/pablo/Desktop/ros2_dam/simulation/lbr-stack/install/lbr_demos_py:/home/pablo/Desktop/ros2_dam/simulation/lbr-stack/install/lbr_moveit:/home/pablo/Desktop/ros2_dam/simulation/lbr-stack/install/lbr_demos_advanced_py:/opt/ros/jazzy DEBUGINFOD_URLS=https://debuginfod.ubuntu.com /usr/bin/cmake --install /home/pablo/Desktop/ros2_dam/simulation/lbr-stack/build/fri_client_sdk
[0.414s] -- Install configuration: "Release"
[0.417s] -- Up-to-date: /home/pablo/Desktop/ros2_dam/simulation/lbr-stack/install/fri_client_sdk/lib/libFRIClient.so
[0.418s] -- Up-to-date: /home/pablo/Desktop/ros2_dam/simulation/lbr-stack/install/fri_client_sdk/include
[0.418s] -- Up-to-date: /home/pablo/Desktop/ros2_dam/simulation/lbr-stack/install/fri_client_sdk/include/friUdpConnection.h
[0.419s] -- Up-to-date: /home/pablo/Desktop/ros2_dam/simulation/lbr-stack/install/fri_client_sdk/include/friLBRState.h
[0.419s] -- Up-to-date: /home/pablo/Desktop/ros2_dam/simulation/lbr-stack/install/fri_client_sdk/include/friClientIf.h
[0.419s] -- Up-to-date: /home/pablo/Desktop/ros2_dam/simulation/lbr-stack/install/fri_client_sdk/include/friLBRCommand.h
[0.420s] -- Up-to-date: /home/pablo/Desktop/ros2_dam/simulation/lbr-stack/install/fri_client_sdk/include/friClientVersion.h
[0.420s] -- Up-to-date: /home/pablo/Desktop/ros2_dam/simulation/lbr-stack/install/fri_client_sdk/include/friLBRClient.h
[0.420s] -- Up-to-date: /home/pablo/Desktop/ros2_dam/simulation/lbr-stack/install/fri_client_sdk/include/friClientApplication.h
[0.420s] -- Up-to-date: /home/pablo/Desktop/ros2_dam/simulation/lbr-stack/install/fri_client_sdk/include/friException.h
[0.420s] -- Up-to-date: /home/pablo/Desktop/ros2_dam/simulation/lbr-stack/install/fri_client_sdk/include/friConnectionIf.h
[0.420s] -- Up-to-date: /home/pablo/Desktop/ros2_dam/simulation/lbr-stack/install/fri_client_sdk/include/friTransformationClient.h
[0.421s] -- Up-to-date: /home/pablo/Desktop/ros2_dam/simulation/lbr-stack/install/fri_client_sdk/lib/cmake/FRIClient/FRIClientConfig.cmake
[0.422s] -- Up-to-date: /home/pablo/Desktop/ros2_dam/simulation/lbr-stack/install/fri_client_sdk/lib/cmake/FRIClient/FRIClientConfig-release.cmake
[0.422s] -- Up-to-date: /home/pablo/Desktop/ros2_dam/simulation/lbr-stack/install/fri_client_sdk/lib/cmake/FRIClient/FRIClientConfigVersion.cmake
[0.422s] Invoked command in '/home/pablo/Desktop/ros2_dam/simulation/lbr-stack/build/fri_client_sdk' returned '0': CMAKE_PREFIX_PATH=${CMAKE_PREFIX_PATH}:/home/pablo/Desktop/ros2_dam/ros2_ws/install/baile_sencillo:/home/pablo/Desktop/ros2_dam/simulation/lbr-stack/install/lbr_demos_py:/home/pablo/Desktop/ros2_dam/simulation/lbr-stack/install/lbr_moveit:/home/pablo/Desktop/ros2_dam/simulation/lbr-stack/install/lbr_demos_advanced_py:/opt/ros/jazzy DEBUGINFOD_URLS=https://debuginfod.ubuntu.com /usr/bin/cmake --install /home/pablo/Desktop/ros2_dam/simulation/lbr-stack/build/fri_client_sdk
