[0.019s] Invoking command in '/home/pablo/Desktop/ros2_dam/simulation/lbr-stack/build/lbr_description': CMAKE_PREFIX_PATH=${CMAKE_PREFIX_PATH}:/home/pablo/Desktop/ros2_dam/ros2_ws/install/press_moveit_ft45_pkg:/home/pablo/Desktop/ros2_dam/ros2_ws/install/baile_sencillo:/home/pablo/Desktop/ros2_dam/simulation/lbr-stack/install/lbr_demos_py:/home/pablo/Desktop/ros2_dam/simulation/lbr-stack/install/lbr_moveit:/home/pablo/Desktop/ros2_dam/simulation/lbr-stack/install/lbr_demos_advanced_py:/opt/ros/jazzy DEBUGINFOD_URLS=https://debuginfod.ubuntu.com /usr/bin/cmake --build /home/pablo/Desktop/ros2_dam/simulation/lbr-stack/build/lbr_description -- -j12 -l12
[0.052s] -- Found ament_cmake: 2.5.5 (/opt/ros/jazzy/share/ament_cmake/cmake)
[0.317s] -- Override CMake install command with custom implementation using symlinks instead of copying resources
[0.343s] -- Found ament_cmake_pytest: 2.5.5 (/opt/ros/jazzy/share/ament_cmake_pytest/cmake)
[0.963s] -- Configuring done (0.9s)
[0.966s] -- Generating done (0.0s)
[0.969s] -- Build files have been written to: /home/pablo/Desktop/ros2_dam/simulation/lbr-stack/build/lbr_description
[0.997s] Invoked command in '/home/pablo/Desktop/ros2_dam/simulation/lbr-stack/build/lbr_description' returned '0': CMAKE_PREFIX_PATH=${CMAKE_PREFIX_PATH}:/home/pablo/Desktop/ros2_dam/ros2_ws/install/press_moveit_ft45_pkg:/home/pablo/Desktop/ros2_dam/ros2_ws/install/baile_sencillo:/home/pablo/Desktop/ros2_dam/simulation/lbr-stack/install/lbr_demos_py:/home/pablo/Desktop/ros2_dam/simulation/lbr-stack/install/lbr_moveit:/home/pablo/Desktop/ros2_dam/simulation/lbr-stack/install/lbr_demos_advanced_py:/opt/ros/jazzy DEBUGINFOD_URLS=https://debuginfod.ubuntu.com /usr/bin/cmake --build /home/pablo/Desktop/ros2_dam/simulation/lbr-stack/build/lbr_description -- -j12 -l12
[1.012s] Invoking command in '/home/pablo/Desktop/ros2_dam/simulation/lbr-stack/build/lbr_description': CMAKE_PREFIX_PATH=${CMAKE_PREFIX_PATH}:/home/pablo/Desktop/ros2_dam/ros2_ws/install/press_moveit_ft45_pkg:/home/pablo/Desktop/ros2_dam/ros2_ws/install/baile_sencillo:/home/pablo/Desktop/ros2_dam/simulation/lbr-stack/install/lbr_demos_py:/home/pablo/Desktop/ros2_dam/simulation/lbr-stack/install/lbr_moveit:/home/pablo/Desktop/ros2_dam/simulation/lbr-stack/install/lbr_demos_advanced_py:/opt/ros/jazzy DEBUGINFOD_URLS=https://debuginfod.ubuntu.com /usr/bin/cmake --install /home/pablo/Desktop/ros2_dam/simulation/lbr-stack/build/lbr_description
[1.037s] -- Install configuration: ""
[1.038s] -- Execute custom install script
[1.038s] -- Up-to-date symlink: /home/pablo/Desktop/ros2_dam/simulation/lbr-stack/install/lbr_description/share/lbr_description/gazebo/lbr_gazebo.xacro
[1.039s] -- Up-to-date symlink: /home/pablo/Desktop/ros2_dam/simulation/lbr-stack/install/lbr_description/share/lbr_description/meshes/iiwa14/collision/link_0.stl
[1.039s] -- Up-to-date symlink: /home/pablo/Desktop/ros2_dam/simulation/lbr-stack/install/lbr_description/share/lbr_description/meshes/iiwa14/collision/link_1.stl
[1.040s] -- Up-to-date symlink: /home/pablo/Desktop/ros2_dam/simulation/lbr-stack/install/lbr_description/share/lbr_description/meshes/iiwa14/collision/link_2.stl
[1.041s] -- Up-to-date symlink: /home/pablo/Desktop/ros2_dam/simulation/lbr-stack/install/lbr_description/share/lbr_description/meshes/iiwa14/collision/link_3.stl
[1.041s] -- Up-to-date symlink: /home/pablo/Desktop/ros2_dam/simulation/lbr-stack/install/lbr_description/share/lbr_description/meshes/iiwa14/collision/link_4.stl
[1.042s] -- Up-to-date symlink: /home/pablo/Desktop/ros2_dam/simulation/lbr-stack/install/lbr_description/share/lbr_description/meshes/iiwa14/collision/link_5.stl
[1.042s] -- Up-to-date symlink: /home/pablo/Desktop/ros2_dam/simulation/lbr-stack/install/lbr_description/share/lbr_description/meshes/iiwa14/collision/link_6.stl
[1.043s] -- Up-to-date symlink: /home/pablo/Desktop/ros2_dam/simulation/lbr-stack/install/lbr_description/share/lbr_description/meshes/iiwa14/collision/link_7.stl
[1.043s] -- Up-to-date symlink: /home/pablo/Desktop/ros2_dam/simulation/lbr-stack/install/lbr_description/share/lbr_description/meshes/iiwa14/visual/link_0.dae
[1.044s] -- Up-to-date symlink: /home/pablo/Desktop/ros2_dam/simulation/lbr-stack/install/lbr_description/share/lbr_description/meshes/iiwa14/visual/link_1.dae
[1.044s] -- Up-to-date symlink: /home/pablo/Desktop/ros2_dam/simulation/lbr-stack/install/lbr_description/share/lbr_description/meshes/iiwa14/visual/link_2.dae
[1.045s] -- Up-to-date symlink: /home/pablo/Desktop/ros2_dam/simulation/lbr-stack/install/lbr_description/share/lbr_description/meshes/iiwa14/visual/link_3.dae
[1.045s] -- Up-to-date symlink: /home/pablo/Desktop/ros2_dam/simulation/lbr-stack/install/lbr_description/share/lbr_description/meshes/iiwa14/visual/link_4.dae
[1.045s] -- Up-to-date symlink: /home/pablo/Desktop/ros2_dam/simulation/lbr-stack/install/lbr_description/share/lbr_description/meshes/iiwa14/visual/link_5.dae
[1.046s] -- Up-to-date symlink: /home/pablo/Desktop/ros2_dam/simulation/lbr-stack/install/lbr_description/share/lbr_description/meshes/iiwa14/visual/link_6.dae
[1.046s] -- Up-to-date symlink: /home/pablo/Desktop/ros2_dam/simulation/lbr-stack/install/lbr_description/share/lbr_description/meshes/iiwa14/visual/link_7.dae
[1.046s] -- Up-to-date symlink: /home/pablo/Desktop/ros2_dam/simulation/lbr-stack/install/lbr_description/share/lbr_description/meshes/iiwa7/carrito_azul/Cuerpo_carro_1.dae
[1.047s] -- Up-to-date symlink: /home/pablo/Desktop/ros2_dam/simulation/lbr-stack/install/lbr_description/share/lbr_description/meshes/iiwa7/carrito_azul/Cuerpo_carro_1.stl
[1.047s] -- Up-to-date symlink: /home/pablo/Desktop/ros2_dam/simulation/lbr-stack/install/lbr_description/share/lbr_description/meshes/iiwa7/collision/link_0.stl
[1.048s] -- Up-to-date symlink: /home/pablo/Desktop/ros2_dam/simulation/lbr-stack/install/lbr_description/share/lbr_description/meshes/iiwa7/collision/link_1.stl
[1.048s] -- Up-to-date symlink: /home/pablo/Desktop/ros2_dam/simulation/lbr-stack/install/lbr_description/share/lbr_description/meshes/iiwa7/collision/link_2.stl
[1.049s] -- Up-to-date symlink: /home/pablo/Desktop/ros2_dam/simulation/lbr-stack/install/lbr_description/share/lbr_description/meshes/iiwa7/collision/link_3.stl
[1.049s] -- Up-to-date symlink: /home/pablo/Desktop/ros2_dam/simulation/lbr-stack/install/lbr_description/share/lbr_description/meshes/iiwa7/collision/link_4.stl
[1.049s] -- Up-to-date symlink: /home/pablo/Desktop/ros2_dam/simulation/lbr-stack/install/lbr_description/share/lbr_description/meshes/iiwa7/collision/link_5.stl
[1.050s] -- Up-to-date symlink: /home/pablo/Desktop/ros2_dam/simulation/lbr-stack/install/lbr_description/share/lbr_description/meshes/iiwa7/collision/link_6.stl
[1.050s] -- Up-to-date symlink: /home/pablo/Desktop/ros2_dam/simulation/lbr-stack/install/lbr_description/share/lbr_description/meshes/iiwa7/collision/link_7.stl
[1.051s] -- Up-to-date symlink: /home/pablo/Desktop/ros2_dam/simulation/lbr-stack/install/lbr_description/share/lbr_description/meshes/iiwa7/visual/link_0.dae
[1.051s] -- Up-to-date symlink: /home/pablo/Desktop/ros2_dam/simulation/lbr-stack/install/lbr_description/share/lbr_description/meshes/iiwa7/visual/link_1.dae
[1.051s] -- Up-to-date symlink: /home/pablo/Desktop/ros2_dam/simulation/lbr-stack/install/lbr_description/share/lbr_description/meshes/iiwa7/visual/link_2.dae
[1.052s] -- Up-to-date symlink: /home/pablo/Desktop/ros2_dam/simulation/lbr-stack/install/lbr_description/share/lbr_description/meshes/iiwa7/visual/link_3.dae
[1.052s] -- Up-to-date symlink: /home/pablo/Desktop/ros2_dam/simulation/lbr-stack/install/lbr_description/share/lbr_description/meshes/iiwa7/visual/link_4.dae
[1.052s] -- Up-to-date symlink: /home/pablo/Desktop/ros2_dam/simulation/lbr-stack/install/lbr_description/share/lbr_description/meshes/iiwa7/visual/link_5.dae
[1.053s] -- Up-to-date symlink: /home/pablo/Desktop/ros2_dam/simulation/lbr-stack/install/lbr_description/share/lbr_description/meshes/iiwa7/visual/link_6.dae
[1.053s] -- Up-to-date symlink: /home/pablo/Desktop/ros2_dam/simulation/lbr-stack/install/lbr_description/share/lbr_description/meshes/iiwa7/visual/link_7.dae
[1.053s] -- Up-to-date symlink: /home/pablo/Desktop/ros2_dam/simulation/lbr-stack/install/lbr_description/share/lbr_description/meshes/med14/collision/link_0.stl
[1.054s] -- Up-to-date symlink: /home/pablo/Desktop/ros2_dam/simulation/lbr-stack/install/lbr_description/share/lbr_description/meshes/med14/collision/link_1.stl
[1.054s] -- Up-to-date symlink: /home/pablo/Desktop/ros2_dam/simulation/lbr-stack/install/lbr_description/share/lbr_description/meshes/med14/collision/link_2.stl
[1.055s] -- Up-to-date symlink: /home/pablo/Desktop/ros2_dam/simulation/lbr-stack/install/lbr_description/share/lbr_description/meshes/med14/collision/link_3.stl
[1.055s] -- Up-to-date symlink: /home/pablo/Desktop/ros2_dam/simulation/lbr-stack/install/lbr_description/share/lbr_description/meshes/med14/collision/link_4.stl
[1.055s] -- Up-to-date symlink: /home/pablo/Desktop/ros2_dam/simulation/lbr-stack/install/lbr_description/share/lbr_description/meshes/med14/collision/link_5.stl
[1.056s] -- Up-to-date symlink: /home/pablo/Desktop/ros2_dam/simulation/lbr-stack/install/lbr_description/share/lbr_description/meshes/med14/collision/link_6.stl
[1.056s] -- Up-to-date symlink: /home/pablo/Desktop/ros2_dam/simulation/lbr-stack/install/lbr_description/share/lbr_description/meshes/med14/collision/link_7.stl
[1.056s] -- Up-to-date symlink: /home/pablo/Desktop/ros2_dam/simulation/lbr-stack/install/lbr_description/share/lbr_description/meshes/med14/visual/link_0.dae
[1.057s] -- Up-to-date symlink: /home/pablo/Desktop/ros2_dam/simulation/lbr-stack/install/lbr_description/share/lbr_description/meshes/med14/visual/link_1.dae
[1.057s] -- Up-to-date symlink: /home/pablo/Desktop/ros2_dam/simulation/lbr-stack/install/lbr_description/share/lbr_description/meshes/med14/visual/link_2.dae
[1.057s] -- Up-to-date symlink: /home/pablo/Desktop/ros2_dam/simulation/lbr-stack/install/lbr_description/share/lbr_description/meshes/med14/visual/link_3.dae
[1.058s] -- Up-to-date symlink: /home/pablo/Desktop/ros2_dam/simulation/lbr-stack/install/lbr_description/share/lbr_description/meshes/med14/visual/link_4.dae
[1.058s] -- Up-to-date symlink: /home/pablo/Desktop/ros2_dam/simulation/lbr-stack/install/lbr_description/share/lbr_description/meshes/med14/visual/link_5.dae
[1.058s] -- Up-to-date symlink: /home/pablo/Desktop/ros2_dam/simulation/lbr-stack/install/lbr_description/share/lbr_description/meshes/med14/visual/link_6.dae
[1.059s] -- Up-to-date symlink: /home/pablo/Desktop/ros2_dam/simulation/lbr-stack/install/lbr_description/share/lbr_description/meshes/med14/visual/link_7.dae
[1.059s] -- Up-to-date symlink: /home/pablo/Desktop/ros2_dam/simulation/lbr-stack/install/lbr_description/share/lbr_description/meshes/med7/collision/link_0.stl
[1.059s] -- Up-to-date symlink: /home/pablo/Desktop/ros2_dam/simulation/lbr-stack/install/lbr_description/share/lbr_description/meshes/med7/collision/link_1.stl
[1.060s] -- Up-to-date symlink: /home/pablo/Desktop/ros2_dam/simulation/lbr-stack/install/lbr_description/share/lbr_description/meshes/med7/collision/link_2.stl
[1.060s] -- Up-to-date symlink: /home/pablo/Desktop/ros2_dam/simulation/lbr-stack/install/lbr_description/share/lbr_description/meshes/med7/collision/link_3.stl
[1.060s] -- Up-to-date symlink: /home/pablo/Desktop/ros2_dam/simulation/lbr-stack/install/lbr_description/share/lbr_description/meshes/med7/collision/link_4.stl
[1.061s] -- Up-to-date symlink: /home/pablo/Desktop/ros2_dam/simulation/lbr-stack/install/lbr_description/share/lbr_description/meshes/med7/collision/link_5.stl
[1.061s] -- Up-to-date symlink: /home/pablo/Desktop/ros2_dam/simulation/lbr-stack/install/lbr_description/share/lbr_description/meshes/med7/collision/link_6.stl
[1.061s] -- Up-to-date symlink: /home/pablo/Desktop/ros2_dam/simulation/lbr-stack/install/lbr_description/share/lbr_description/meshes/med7/collision/link_7.stl
[1.062s] -- Up-to-date symlink: /home/pablo/Desktop/ros2_dam/simulation/lbr-stack/install/lbr_description/share/lbr_description/meshes/med7/visual/link_0.dae
[1.062s] -- Up-to-date symlink: /home/pablo/Desktop/ros2_dam/simulation/lbr-stack/install/lbr_description/share/lbr_description/meshes/med7/visual/link_1.dae
[1.062s] -- Up-to-date symlink: /home/pablo/Desktop/ros2_dam/simulation/lbr-stack/install/lbr_description/share/lbr_description/meshes/med7/visual/link_2.dae
[1.063s] -- Up-to-date symlink: /home/pablo/Desktop/ros2_dam/simulation/lbr-stack/install/lbr_description/share/lbr_description/meshes/med7/visual/link_3.dae
[1.063s] -- Up-to-date symlink: /home/pablo/Desktop/ros2_dam/simulation/lbr-stack/install/lbr_description/share/lbr_description/meshes/med7/visual/link_4.dae
[1.063s] -- Up-to-date symlink: /home/pablo/Desktop/ros2_dam/simulation/lbr-stack/install/lbr_description/share/lbr_description/meshes/med7/visual/link_5.dae
[1.064s] -- Up-to-date symlink: /home/pablo/Desktop/ros2_dam/simulation/lbr-stack/install/lbr_description/share/lbr_description/meshes/med7/visual/link_6.dae
[1.064s] -- Up-to-date symlink: /home/pablo/Desktop/ros2_dam/simulation/lbr-stack/install/lbr_description/share/lbr_description/meshes/med7/visual/link_7.dae
[1.064s] -- Up-to-date symlink: /home/pablo/Desktop/ros2_dam/simulation/lbr-stack/install/lbr_description/share/lbr_description/meshes/tool/sensor_tool_iiwa-FT45.dae
[1.065s] -- Up-to-date symlink: /home/pablo/Desktop/ros2_dam/simulation/lbr-stack/install/lbr_description/share/lbr_description/meshes/tool/sensor_tool_iiwa-brida_FT.dae
[1.065s] -- Up-to-date symlink: /home/pablo/Desktop/ros2_dam/simulation/lbr-stack/install/lbr_description/share/lbr_description/meshes/tool/sensor_tool_iiwa-brida_cam.dae
[1.065s] -- Up-to-date symlink: /home/pablo/Desktop/ros2_dam/simulation/lbr-stack/install/lbr_description/share/lbr_description/meshes/tool/sensor_tool_iiwa-tool_base.dae
[1.066s] -- Up-to-date symlink: /home/pablo/Desktop/ros2_dam/simulation/lbr-stack/install/lbr_description/share/lbr_description/meshes/tool/sensor_tool_iiwa-tool_sponge_red.dae
[1.066s] -- Up-to-date symlink: /home/pablo/Desktop/ros2_dam/simulation/lbr-stack/install/lbr_description/share/lbr_description/meshes/tool/sensor_tool_iiwa.dae
[1.066s] -- Up-to-date symlink: /home/pablo/Desktop/ros2_dam/simulation/lbr-stack/install/lbr_description/share/lbr_description/ros2_control/gazebo_controllers.yaml
[1.066s] -- Up-to-date symlink: /home/pablo/Desktop/ros2_dam/simulation/lbr-stack/install/lbr_description/share/lbr_description/ros2_control/hardware_controllers.yaml
[1.067s] -- Up-to-date symlink: /home/pablo/Desktop/ros2_dam/simulation/lbr-stack/install/lbr_description/share/lbr_description/ros2_control/initial_joint_positions.yaml
[1.067s] -- Up-to-date symlink: /home/pablo/Desktop/ros2_dam/simulation/lbr-stack/install/lbr_description/share/lbr_description/ros2_control/lbr_system_config.yaml
[1.067s] -- Up-to-date symlink: /home/pablo/Desktop/ros2_dam/simulation/lbr-stack/install/lbr_description/share/lbr_description/ros2_control/lbr_system_interface.xacro
[1.068s] -- Up-to-date symlink: /home/pablo/Desktop/ros2_dam/simulation/lbr-stack/install/lbr_description/share/lbr_description/ros2_control/mock_controllers.yaml
[1.068s] -- Up-to-date symlink: /home/pablo/Desktop/ros2_dam/simulation/lbr-stack/install/lbr_description/share/lbr_description/urdf/iiwa14/iiwa14.urdf.xacro
[1.068s] -- Up-to-date symlink: /home/pablo/Desktop/ros2_dam/simulation/lbr-stack/install/lbr_description/share/lbr_description/urdf/iiwa14/iiwa14.xacro
[1.068s] -- Up-to-date symlink: /home/pablo/Desktop/ros2_dam/simulation/lbr-stack/install/lbr_description/share/lbr_description/urdf/iiwa14/joint_limits.yaml
[1.069s] -- Up-to-date symlink: /home/pablo/Desktop/ros2_dam/simulation/lbr-stack/install/lbr_description/share/lbr_description/urdf/iiwa7/carrito_azul/Cuerpo_carro_1.dae
[1.069s] -- Up-to-date symlink: /home/pablo/Desktop/ros2_dam/simulation/lbr-stack/install/lbr_description/share/lbr_description/urdf/iiwa7/carrito_azul/Cuerpo_carro_1.stl
[1.069s] -- Up-to-date symlink: /home/pablo/Desktop/ros2_dam/simulation/lbr-stack/install/lbr_description/share/lbr_description/urdf/iiwa7/iiwa7.urdf.xacro
[1.070s] -- Up-to-date symlink: /home/pablo/Desktop/ros2_dam/simulation/lbr-stack/install/lbr_description/share/lbr_description/urdf/iiwa7/iiwa7.xacro
[1.070s] -- Up-to-date symlink: /home/pablo/Desktop/ros2_dam/simulation/lbr-stack/install/lbr_description/share/lbr_description/urdf/iiwa7/joint_limits.yaml
[1.070s] -- Up-to-date symlink: /home/pablo/Desktop/ros2_dam/simulation/lbr-stack/install/lbr_description/share/lbr_description/urdf/med14/joint_limits.yaml
[1.070s] -- Up-to-date symlink: /home/pablo/Desktop/ros2_dam/simulation/lbr-stack/install/lbr_description/share/lbr_description/urdf/med14/med14.urdf.xacro
[1.071s] -- Up-to-date symlink: /home/pablo/Desktop/ros2_dam/simulation/lbr-stack/install/lbr_description/share/lbr_description/urdf/med14/med14.xacro
[1.071s] -- Up-to-date symlink: /home/pablo/Desktop/ros2_dam/simulation/lbr-stack/install/lbr_description/share/lbr_description/urdf/med7/joint_limits.yaml
[1.071s] -- Up-to-date symlink: /home/pablo/Desktop/ros2_dam/simulation/lbr-stack/install/lbr_description/share/lbr_description/urdf/med7/med7.urdf.xacro
[1.072s] -- Up-to-date symlink: /home/pablo/Desktop/ros2_dam/simulation/lbr-stack/install/lbr_description/share/lbr_description/urdf/med7/med7.xacro
[1.072s] -- Symlinking: /home/pablo/Desktop/ros2_dam/simulation/lbr-stack/install/lbr_description/share/lbr_description/models/QEye/QEye.urdf.xacro
[1.072s] -- Symlinking: /home/pablo/Desktop/ros2_dam/simulation/lbr-stack/install/lbr_description/share/lbr_description/models/QEye/QEye.xacro
[1.072s] -- Symlinking: /home/pablo/Desktop/ros2_dam/simulation/lbr-stack/install/lbr_description/share/lbr_description/models/QEye/meshes/Visual/OT-2575 Instalacion_IDF_QEye.dae
[1.082s] -- Symlinking: /home/pablo/Desktop/ros2_dam/simulation/lbr-stack/install/lbr_description/share/lbr_description/models/SE380/SE380.urdf.xacro
[1.093s] -- Symlinking: /home/pablo/Desktop/ros2_dam/simulation/lbr-stack/install/lbr_description/share/lbr_description/models/SE380/SE380.xacro
[1.104s] -- Symlinking: /home/pablo/Desktop/ros2_dam/simulation/lbr-stack/install/lbr_description/share/lbr_description/models/SE380/meshes/Collision/OT-2575 Instalacion_IDF_SE380.stl
[1.114s] -- Symlinking: /home/pablo/Desktop/ros2_dam/simulation/lbr-stack/install/lbr_description/share/lbr_description/models/SE380/meshes/Visual/OT-2575 Instalacion_IDF_SE380.dae
[1.127s] -- Symlinking: /home/pablo/Desktop/ros2_dam/simulation/lbr-stack/install/lbr_description/share/lbr_description/models/brida/brida.gazebo.xacro
[1.138s] -- Symlinking: /home/pablo/Desktop/ros2_dam/simulation/lbr-stack/install/lbr_description/share/lbr_description/models/brida/brida.xacro
[1.149s] -- Symlinking: /home/pablo/Desktop/ros2_dam/simulation/lbr-stack/install/lbr_description/share/lbr_description/models/brida/meshes/collision/brida.stl
[1.164s] -- Symlinking: /home/pablo/Desktop/ros2_dam/simulation/lbr-stack/install/lbr_description/share/lbr_description/models/brida/meshes/collision/brida_cam.stl
[1.179s] -- Symlinking: /home/pablo/Desktop/ros2_dam/simulation/lbr-stack/install/lbr_description/share/lbr_description/models/brida/meshes/collision/brida_ft.stl
[1.192s] -- Symlinking: /home/pablo/Desktop/ros2_dam/simulation/lbr-stack/install/lbr_description/share/lbr_description/models/brida/meshes/visual/brida.dae
[1.204s] -- Symlinking: /home/pablo/Desktop/ros2_dam/simulation/lbr-stack/install/lbr_description/share/lbr_description/models/brida/meshes/visual/brida.stl
[1.218s] -- Symlinking: /home/pablo/Desktop/ros2_dam/simulation/lbr-stack/install/lbr_description/share/lbr_description/models/brida/meshes/visual/brida_cam.dae
[1.232s] -- Symlinking: /home/pablo/Desktop/ros2_dam/simulation/lbr-stack/install/lbr_description/share/lbr_description/models/brida/meshes/visual/brida_ft.dae
[1.245s] -- Symlinking: /home/pablo/Desktop/ros2_dam/simulation/lbr-stack/install/lbr_description/share/lbr_description/models/ft_sensor/ft_sensor.gazebo.xacro
[1.257s] -- Symlinking: /home/pablo/Desktop/ros2_dam/simulation/lbr-stack/install/lbr_description/share/lbr_description/models/ft_sensor/meshes/collision/FT45.stl
[1.269s] -- Symlinking: /home/pablo/Desktop/ros2_dam/simulation/lbr-stack/install/lbr_description/share/lbr_description/models/ft_sensor/meshes/collision/HEX_E_H_QC_v3.stl
[1.280s] -- Symlinking: /home/pablo/Desktop/ros2_dam/simulation/lbr-stack/install/lbr_description/share/lbr_description/models/ft_sensor/meshes/collision/HEX_E_H_QC_v3_adapter.stl
[1.292s] -- Symlinking: /home/pablo/Desktop/ros2_dam/simulation/lbr-stack/install/lbr_description/share/lbr_description/models/ft_sensor/meshes/collision/sensor_tool_iiwa-FT45.dae
[1.304s] -- Symlinking: /home/pablo/Desktop/ros2_dam/simulation/lbr-stack/install/lbr_description/share/lbr_description/models/ft_sensor/meshes/sensor_tool_iiwa.FCStd
[1.318s] -- Symlinking: /home/pablo/Desktop/ros2_dam/simulation/lbr-stack/install/lbr_description/share/lbr_description/models/ft_sensor/meshes/visual/FT45.dae
[1.331s] -- Symlinking: /home/pablo/Desktop/ros2_dam/simulation/lbr-stack/install/lbr_description/share/lbr_description/models/ft_sensor/meshes/visual/HEX_E_H_QC_v3.FCStd
[1.343s] -- Symlinking: /home/pablo/Desktop/ros2_dam/simulation/lbr-stack/install/lbr_description/share/lbr_description/models/ft_sensor/meshes/visual/HEX_E_H_QC_v3.FCStd1
[1.356s] -- Symlinking: /home/pablo/Desktop/ros2_dam/simulation/lbr-stack/install/lbr_description/share/lbr_description/models/ft_sensor/meshes/visual/HEX_E_H_QC_v3.dae
[1.371s] -- Symlinking: /home/pablo/Desktop/ros2_dam/simulation/lbr-stack/install/lbr_description/share/lbr_description/models/ft_sensor/meshes/visual/HEX_E_H_QC_v3_adapter.dae
[1.384s] -- Symlinking: /home/pablo/Desktop/ros2_dam/simulation/lbr-stack/install/lbr_description/share/lbr_description/models/ft_sensor/meshes/visual/HEX_E_H_QC_v3_adapter.pdf
[1.396s] -- Symlinking: /home/pablo/Desktop/ros2_dam/simulation/lbr-stack/install/lbr_description/share/lbr_description/models/ft_sensor/meshes/visual/ftsensor45a.dae
[1.410s] -- Symlinking: /home/pablo/Desktop/ros2_dam/simulation/lbr-stack/install/lbr_description/share/lbr_description/models/ft_sensor/meshes/visual/mini45.dae
[1.424s] -- Symlinking: /home/pablo/Desktop/ros2_dam/simulation/lbr-stack/install/lbr_description/share/lbr_description/models/ft_sensor/meshes/visual/sensor_tool_iiwa-FT45.dae
[1.438s] -- Symlinking: /home/pablo/Desktop/ros2_dam/simulation/lbr-stack/install/lbr_description/share/lbr_description/models/ft_sensor/models.urdf.xacro
[1.453s] -- Symlinking: /home/pablo/Desktop/ros2_dam/simulation/lbr-stack/install/lbr_description/share/lbr_description/models/ft_sensor/real_ft_sensor_macro.xacro
[1.468s] -- Symlinking: /home/pablo/Desktop/ros2_dam/simulation/lbr-stack/install/lbr_description/share/lbr_description/models/ft_sensor/sim_ft_sensor_macro.xacro
[1.482s] -- Symlinking: /home/pablo/Desktop/ros2_dam/simulation/lbr-stack/install/lbr_description/share/lbr_description/models/habitacion/habitacion.urdf.xacro
[1.496s] -- Symlinking: /home/pablo/Desktop/ros2_dam/simulation/lbr-stack/install/lbr_description/share/lbr_description/models/habitacion/habitacion.xacro
[1.510s] -- Symlinking: /home/pablo/Desktop/ros2_dam/simulation/lbr-stack/install/lbr_description/share/lbr_description/models/habitacion/meshes/Visual/OT-2575 Instalacion_IDF_Habitacion.dae
[1.525s] -- Symlinking: /home/pablo/Desktop/ros2_dam/simulation/lbr-stack/install/lbr_description/share/lbr_description/models/rails/meshes/Collision/OT-2575 Instalacion_IDF_Rails-motor.stl
[1.538s] -- Symlinking: /home/pablo/Desktop/ros2_dam/simulation/lbr-stack/install/lbr_description/share/lbr_description/models/rails/meshes/Visual/OT-2575 Instalacion_IDF_Rails-Motor.dae
[1.551s] -- Symlinking: /home/pablo/Desktop/ros2_dam/simulation/lbr-stack/install/lbr_description/share/lbr_description/models/rails/rails.urdf.xacro
[1.563s] -- Symlinking: /home/pablo/Desktop/ros2_dam/simulation/lbr-stack/install/lbr_description/share/lbr_description/models/rails/rails.xacro
[1.575s] -- Symlinking: /home/pablo/Desktop/ros2_dam/simulation/lbr-stack/install/lbr_description/share/lbr_description/models/skid/meshes/Visual/OT-2575 Instalacion_IDF_Skid.dae
[1.588s] -- Symlinking: /home/pablo/Desktop/ros2_dam/simulation/lbr-stack/install/lbr_description/share/lbr_description/models/skid/skid.urdf.xacro
[1.601s] -- Symlinking: /home/pablo/Desktop/ros2_dam/simulation/lbr-stack/install/lbr_description/share/lbr_description/models/skid/skid.xacro
[1.615s] -- Symlinking: /home/pablo/Desktop/ros2_dam/simulation/lbr-stack/install/lbr_description/share/lbr_description/models/tool/meshes/collision/Airos150.stl
[1.627s] -- Symlinking: /home/pablo/Desktop/ros2_dam/simulation/lbr-stack/install/lbr_description/share/lbr_description/models/tool/meshes/collision/Airos150_red_sponge.stl
[1.640s] -- Symlinking: /home/pablo/Desktop/ros2_dam/simulation/lbr-stack/install/lbr_description/share/lbr_description/models/tool/meshes/collision/Airos350CV.stl
[1.652s] -- Symlinking: /home/pablo/Desktop/ros2_dam/simulation/lbr-stack/install/lbr_description/share/lbr_description/models/tool/meshes/collision/Airos350CV_brida_red_sponge.stl
[1.667s] -- Symlinking: /home/pablo/Desktop/ros2_dam/simulation/lbr-stack/install/lbr_description/share/lbr_description/models/tool/meshes/collision/Airos350CV_red_sponge.stl
[1.679s] -- Symlinking: /home/pablo/Desktop/ros2_dam/simulation/lbr-stack/install/lbr_description/share/lbr_description/models/tool/meshes/collision/Calibration_tool.stl
[1.692s] -- Symlinking: /home/pablo/Desktop/ros2_dam/simulation/lbr-stack/install/lbr_description/share/lbr_description/models/tool/meshes/collision/tool_base.stl
[1.705s] -- Symlinking: /home/pablo/Desktop/ros2_dam/simulation/lbr-stack/install/lbr_description/share/lbr_description/models/tool/meshes/collision/tool_sponge_red.stl
[1.717s] -- Symlinking: /home/pablo/Desktop/ros2_dam/simulation/lbr-stack/install/lbr_description/share/lbr_description/models/tool/meshes/visual/Airos150.dae
[1.729s] -- Symlinking: /home/pablo/Desktop/ros2_dam/simulation/lbr-stack/install/lbr_description/share/lbr_description/models/tool/meshes/visual/Airos150_red_sponge.dae
[1.741s] -- Symlinking: /home/pablo/Desktop/ros2_dam/simulation/lbr-stack/install/lbr_description/share/lbr_description/models/tool/meshes/visual/Airos350CV.dae
[1.754s] -- Symlinking: /home/pablo/Desktop/ros2_dam/simulation/lbr-stack/install/lbr_description/share/lbr_description/models/tool/meshes/visual/Airos350CV_brida_red_sponge.dae
[1.765s] -- Symlinking: /home/pablo/Desktop/ros2_dam/simulation/lbr-stack/install/lbr_description/share/lbr_description/models/tool/meshes/visual/Airos350CV_red_sponge.dae
[1.779s] -- Symlinking: /home/pablo/Desktop/ros2_dam/simulation/lbr-stack/install/lbr_description/share/lbr_description/models/tool/meshes/visual/Calibration_tool.dae
[1.793s] -- Symlinking: /home/pablo/Desktop/ros2_dam/simulation/lbr-stack/install/lbr_description/share/lbr_description/models/tool/meshes/visual/Calibration_tool_old.dae
[1.806s] -- Symlinking: /home/pablo/Desktop/ros2_dam/simulation/lbr-stack/install/lbr_description/share/lbr_description/models/tool/meshes/visual/tool_base.dae
[1.824s] -- Symlinking: /home/pablo/Desktop/ros2_dam/simulation/lbr-stack/install/lbr_description/share/lbr_description/models/tool/meshes/visual/tool_sponge_red.dae
[1.835s] -- Symlinking: /home/pablo/Desktop/ros2_dam/simulation/lbr-stack/install/lbr_description/share/lbr_description/models/tool/tool.gazebo.xacro
[1.846s] -- Symlinking: /home/pablo/Desktop/ros2_dam/simulation/lbr-stack/install/lbr_description/share/lbr_description/models/tool/tool.xacro
[1.856s] -- Symlinking: /home/pablo/Desktop/ros2_dam/simulation/lbr-stack/install/lbr_description/share/lbr_description/models/translation_system/launch/gazebo.launch
[1.866s] -- Symlinking: /home/pablo/Desktop/ros2_dam/simulation/lbr-stack/install/lbr_description/share/lbr_description/models/translation_system/launch/gazebo_1.launch
[1.879s] -- Symlinking: /home/pablo/Desktop/ros2_dam/simulation/lbr-stack/install/lbr_description/share/lbr_description/models/translation_system/launch/ros_controllers.launch
[1.890s] -- Symlinking: /home/pablo/Desktop/ros2_dam/simulation/lbr-stack/install/lbr_description/share/lbr_description/models/translation_system/meshes/Collision/OT-2575 Instalacion_IDF_Rails-motor.stl
[1.900s] -- Symlinking: /home/pablo/Desktop/ros2_dam/simulation/lbr-stack/install/lbr_description/share/lbr_description/models/translation_system/meshes/Collision/OT-2575 Instalacion_IDF_SE380.stl
[1.911s] -- Symlinking: /home/pablo/Desktop/ros2_dam/simulation/lbr-stack/install/lbr_description/share/lbr_description/models/translation_system/meshes/Collision/OT-2575 Instalacion_IDF_Skid.stl
[1.922s] -- Symlinking: /home/pablo/Desktop/ros2_dam/simulation/lbr-stack/install/lbr_description/share/lbr_description/models/translation_system/meshes/Visual/OT-2575 Instalacion_IDF_Rails-Motor.dae
[1.933s] -- Symlinking: /home/pablo/Desktop/ros2_dam/simulation/lbr-stack/install/lbr_description/share/lbr_description/models/translation_system/meshes/Visual/OT-2575 Instalacion_IDF_SE380.dae
[1.944s] -- Symlinking: /home/pablo/Desktop/ros2_dam/simulation/lbr-stack/install/lbr_description/share/lbr_description/models/translation_system/meshes/Visual/OT-2575 Instalacion_IDF_SE380_old.dae
[1.955s] -- Symlinking: /home/pablo/Desktop/ros2_dam/simulation/lbr-stack/install/lbr_description/share/lbr_description/models/translation_system/meshes/Visual/OT-2575 Instalacion_IDF_SE380_right_aleta_door.stl
[1.965s] -- Symlinking: /home/pablo/Desktop/ros2_dam/simulation/lbr-stack/install/lbr_description/share/lbr_description/models/translation_system/meshes/Visual/OT-2575 Instalacion_IDF_SE380_right_aleta_door_old.stl
[1.975s] -- Symlinking: /home/pablo/Desktop/ros2_dam/simulation/lbr-stack/install/lbr_description/share/lbr_description/models/translation_system/meshes/Visual/OT-2575 Instalacion_IDF_Skid.dae
[1.986s] -- Symlinking: /home/pablo/Desktop/ros2_dam/simulation/lbr-stack/install/lbr_description/share/lbr_description/models/translation_system/meshes/Visual/OT-2575_Instalacion_IDF_SE380_hood_new.stl
[1.997s] -- Symlinking: /home/pablo/Desktop/ros2_dam/simulation/lbr-stack/install/lbr_description/share/lbr_description/models/translation_system/meshes/Visual/OT-2575_Instalacion_IDF_SE380_hood_old.stl
[2.008s] -- Symlinking: /home/pablo/Desktop/ros2_dam/simulation/lbr-stack/install/lbr_description/share/lbr_description/models/translation_system/meshes/Visual/OT-2575_Instalacion_IDF_SE380_hood_old_old.stl
[2.018s] -- Symlinking: /home/pablo/Desktop/ros2_dam/simulation/lbr-stack/install/lbr_description/share/lbr_description/models/translation_system/meshes/Visual/OT-2575_Instalacion_IDF_SE380_right_aleta.stl
[2.028s] -- Symlinking: /home/pablo/Desktop/ros2_dam/simulation/lbr-stack/install/lbr_description/share/lbr_description/models/translation_system/meshes/Visual/OT-2575_Instalacion_IDF_SE380_right_aleta_old.stl
[2.042s] -- Symlinking: /home/pablo/Desktop/ros2_dam/simulation/lbr-stack/install/lbr_description/share/lbr_description/models/translation_system/meshes/Visual/OT-2575_Instalacion_IDF_SE380_right_door.stl
[2.053s] -- Symlinking: /home/pablo/Desktop/ros2_dam/simulation/lbr-stack/install/lbr_description/share/lbr_description/models/translation_system/meshes/Visual/OT-2575_Instalacion_IDF_SE380_right_door_old.stl
[2.063s] -- Symlinking: /home/pablo/Desktop/ros2_dam/simulation/lbr-stack/install/lbr_description/share/lbr_description/models/translation_system/meshes/Visual/QEyeLab01_copia.dae
[2.073s] -- Symlinking: /home/pablo/Desktop/ros2_dam/simulation/lbr-stack/install/lbr_description/share/lbr_description/models/translation_system/meshes/Visual/SE380.dae
[2.087s] -- Symlinking: /home/pablo/Desktop/ros2_dam/simulation/lbr-stack/install/lbr_description/share/lbr_description/models/translation_system/meshes/Visual/SE380_hood.stl
[2.099s] -- Symlinking: /home/pablo/Desktop/ros2_dam/simulation/lbr-stack/install/lbr_description/share/lbr_description/models/translation_system/meshes/Visual/Skid.dae
[2.112s] -- Symlinking: /home/pablo/Desktop/ros2_dam/simulation/lbr-stack/install/lbr_description/share/lbr_description/models/translation_system/meshes/Visual/hood_pivot-Mesh012.stl
[2.124s] -- Symlinking: /home/pablo/Desktop/ros2_dam/simulation/lbr-stack/install/lbr_description/share/lbr_description/models/translation_system/meshes/Visual/hood_pivot.FCStd
[2.138s] -- Symlinking: /home/pablo/Desktop/ros2_dam/simulation/lbr-stack/install/lbr_description/share/lbr_description/models/translation_system/meshes/Visual/hood_pivot.FCStd1
[2.153s] -- Symlinking: /home/pablo/Desktop/ros2_dam/simulation/lbr-stack/install/lbr_description/share/lbr_description/models/translation_system/urdf/translation_system.gazebo.xacro
[2.167s] -- Symlinking: /home/pablo/Desktop/ros2_dam/simulation/lbr-stack/install/lbr_description/share/lbr_description/models/translation_system/urdf/translation_system.urdf.xacro
[2.183s] -- Symlinking: /home/pablo/Desktop/ros2_dam/simulation/lbr-stack/install/lbr_description/share/lbr_description/models/translation_system/urdf/translation_system.xacro
[2.197s] -- Symlinking: /home/pablo/Desktop/ros2_dam/simulation/lbr-stack/install/lbr_description/share/lbr_description/models/translation_system/urdf/translation_system_1.gazebo.xacro
[2.209s] -- Symlinking: /home/pablo/Desktop/ros2_dam/simulation/lbr-stack/install/lbr_description/share/lbr_description/models/translation_system/urdf/translation_system_1.urdf.xacro
[2.222s] -- Symlinking: /home/pablo/Desktop/ros2_dam/simulation/lbr-stack/install/lbr_description/share/lbr_description/models/translation_system/urdf/translation_system_1.xacro
[2.234s] -- Symlinking: /home/pablo/Desktop/ros2_dam/simulation/lbr-stack/install/lbr_description/share/lbr_description/models/vigas/meshes/Collision/OT-2575 Instalacion_IDF_Vigas.stl
[2.245s] -- Symlinking: /home/pablo/Desktop/ros2_dam/simulation/lbr-stack/install/lbr_description/share/lbr_description/models/vigas/meshes/Visual/OT-2575 Instalacion_IDF_Vigas.dae
[2.257s] -- Symlinking: /home/pablo/Desktop/ros2_dam/simulation/lbr-stack/install/lbr_description/share/lbr_description/models/vigas/vigas.urdf.xacro
[2.271s] -- Symlinking: /home/pablo/Desktop/ros2_dam/simulation/lbr-stack/install/lbr_description/share/lbr_description/models/vigas/vigas.xacro
[2.284s] -- Up-to-date symlink: /home/pablo/Desktop/ros2_dam/simulation/lbr-stack/install/lbr_description/share/lbr_description/environment/lbr_description.dsv
[2.284s] -- Up-to-date symlink: /home/pablo/Desktop/ros2_dam/simulation/lbr-stack/install/lbr_description/share/ament_index/resource_index/package_run_dependencies/lbr_description
[2.284s] -- Up-to-date symlink: /home/pablo/Desktop/ros2_dam/simulation/lbr-stack/install/lbr_description/share/ament_index/resource_index/parent_prefix_path/lbr_description
[2.285s] -- Up-to-date symlink: /home/pablo/Desktop/ros2_dam/simulation/lbr-stack/install/lbr_description/share/lbr_description/environment/ament_prefix_path.sh
[2.285s] -- Up-to-date symlink: /home/pablo/Desktop/ros2_dam/simulation/lbr-stack/install/lbr_description/share/lbr_description/environment/ament_prefix_path.dsv
[2.285s] -- Up-to-date symlink: /home/pablo/Desktop/ros2_dam/simulation/lbr-stack/install/lbr_description/share/lbr_description/environment/path.sh
[2.286s] -- Up-to-date symlink: /home/pablo/Desktop/ros2_dam/simulation/lbr-stack/install/lbr_description/share/lbr_description/environment/path.dsv
[2.286s] -- Up-to-date symlink: /home/pablo/Desktop/ros2_dam/simulation/lbr-stack/install/lbr_description/share/lbr_description/local_setup.bash
[2.286s] -- Up-to-date symlink: /home/pablo/Desktop/ros2_dam/simulation/lbr-stack/install/lbr_description/share/lbr_description/local_setup.sh
[2.286s] -- Up-to-date symlink: /home/pablo/Desktop/ros2_dam/simulation/lbr-stack/install/lbr_description/share/lbr_description/local_setup.zsh
[2.287s] -- Up-to-date symlink: /home/pablo/Desktop/ros2_dam/simulation/lbr-stack/install/lbr_description/share/lbr_description/local_setup.dsv
[2.287s] -- Symlinking: /home/pablo/Desktop/ros2_dam/simulation/lbr-stack/install/lbr_description/share/lbr_description/package.dsv
[2.299s] -- Up-to-date symlink: /home/pablo/Desktop/ros2_dam/simulation/lbr-stack/install/lbr_description/share/ament_index/resource_index/packages/lbr_description
[2.300s] -- Up-to-date symlink: /home/pablo/Desktop/ros2_dam/simulation/lbr-stack/install/lbr_description/share/lbr_description/cmake/lbr_descriptionConfig.cmake
[2.300s] -- Up-to-date symlink: /home/pablo/Desktop/ros2_dam/simulation/lbr-stack/install/lbr_description/share/lbr_description/cmake/lbr_descriptionConfig-version.cmake
[2.300s] -- Up-to-date symlink: /home/pablo/Desktop/ros2_dam/simulation/lbr-stack/install/lbr_description/share/lbr_description/package.xml
[2.302s] Invoked command in '/home/pablo/Desktop/ros2_dam/simulation/lbr-stack/build/lbr_description' returned '0': CMAKE_PREFIX_PATH=${CMAKE_PREFIX_PATH}:/home/pablo/Desktop/ros2_dam/ros2_ws/install/press_moveit_ft45_pkg:/home/pablo/Desktop/ros2_dam/ros2_ws/install/baile_sencillo:/home/pablo/Desktop/ros2_dam/simulation/lbr-stack/install/lbr_demos_py:/home/pablo/Desktop/ros2_dam/simulation/lbr-stack/install/lbr_moveit:/home/pablo/Desktop/ros2_dam/simulation/lbr-stack/install/lbr_demos_advanced_py:/opt/ros/jazzy DEBUGINFOD_URLS=https://debuginfod.ubuntu.com /usr/bin/cmake --install /home/pablo/Desktop/ros2_dam/simulation/lbr-stack/build/lbr_description
