[1.670s] Invoking command in '/home/pablo/Desktop/ros2_dam/simulation/lbr-stack/build/lbr_moveit': DEBUGINFOD_URLS=https://debuginfod.ubuntu.com PYTHONPATH=/home/pablo/Desktop/ros2_dam/simulation/lbr-stack/build/lbr_moveit/prefix_override:/usr/lib/python3/dist-packages/colcon_core/task/python/colcon_distutils_commands:/home/pablo/Desktop/ros2_dam/simulation/lbr-stack/install/lbr_moveit/lib/python3.12/site-packages:${PYTHONPATH} /usr/bin/python3 -W ignore:setup.py install is deprecated -W ignore:easy_install command is deprecated setup.py develop --uninstall --editable --build-directory /home/pablo/Desktop/ros2_dam/simulation/lbr-stack/build/lbr_moveit/build
[2.307s] running develop
[2.711s] Removing /home/pablo/Desktop/ros2_dam/simulation/lbr-stack/install/lbr_moveit/lib/python3.12/site-packages/lbr-moveit.egg-link (link to .)
[2.748s] Invoked command in '/home/pablo/Desktop/ros2_dam/simulation/lbr-stack/build/lbr_moveit' returned '0': DEBUGINFOD_URLS=https://debuginfod.ubuntu.com PYTHONPATH=/home/pablo/Desktop/ros2_dam/simulation/lbr-stack/build/lbr_moveit/prefix_override:/usr/lib/python3/dist-packages/colcon_core/task/python/colcon_distutils_commands:/home/pablo/Desktop/ros2_dam/simulation/lbr-stack/install/lbr_moveit/lib/python3.12/site-packages:${PYTHONPATH} /usr/bin/python3 -W ignore:setup.py install is deprecated -W ignore:easy_install command is deprecated setup.py develop --uninstall --editable --build-directory /home/pablo/Desktop/ros2_dam/simulation/lbr-stack/build/lbr_moveit/build
[2.750s] Invoking command in '/home/pablo/Desktop/ros2_dam/simulation/lbr-stack/src/lbr_fri_ros2_stack/lbr_demos/lbr_moveit': DEBUGINFOD_URLS=https://debuginfod.ubuntu.com PYTHONPATH=/home/pablo/Desktop/ros2_dam/simulation/lbr-stack/build/lbr_moveit/prefix_override:/usr/lib/python3/dist-packages/colcon_core/task/python/colcon_distutils_commands:/home/pablo/Desktop/ros2_dam/simulation/lbr-stack/install/lbr_moveit/lib/python3.12/site-packages:${PYTHONPATH} /usr/bin/python3 -W ignore:setup.py install is deprecated -W ignore:easy_install command is deprecated setup.py egg_info --egg-base ../../../../build/lbr_moveit build --build-base /home/pablo/Desktop/ros2_dam/simulation/lbr-stack/build/lbr_moveit/build install --record /home/pablo/Desktop/ros2_dam/simulation/lbr-stack/build/lbr_moveit/install.log --single-version-externally-managed install_data --force
[3.176s] running egg_info
[3.211s] writing ../../../../build/lbr_moveit/lbr_moveit.egg-info/PKG-INFO
[3.211s] writing dependency_links to ../../../../build/lbr_moveit/lbr_moveit.egg-info/dependency_links.txt
[3.212s] writing entry points to ../../../../build/lbr_moveit/lbr_moveit.egg-info/entry_points.txt
[3.212s] writing requirements to ../../../../build/lbr_moveit/lbr_moveit.egg-info/requires.txt
[3.212s] writing top-level names to ../../../../build/lbr_moveit/lbr_moveit.egg-info/top_level.txt
[3.283s] reading manifest file '../../../../build/lbr_moveit/lbr_moveit.egg-info/SOURCES.txt'
[3.284s] writing manifest file '../../../../build/lbr_moveit/lbr_moveit.egg-info/SOURCES.txt'
[3.284s] running build
[3.285s] running build_py
[3.285s] creating /home/pablo/Desktop/ros2_dam/simulation/lbr-stack/build/lbr_moveit/build
[3.285s] creating /home/pablo/Desktop/ros2_dam/simulation/lbr-stack/build/lbr_moveit/build/lib
[3.285s] creating /home/pablo/Desktop/ros2_dam/simulation/lbr-stack/build/lbr_moveit/build/lib/lbr_moveit
[3.286s] copying lbr_moveit/forward_keyboard_node.py -> /home/pablo/Desktop/ros2_dam/simulation/lbr-stack/build/lbr_moveit/build/lib/lbr_moveit
[3.286s] copying lbr_moveit/__init__.py -> /home/pablo/Desktop/ros2_dam/simulation/lbr-stack/build/lbr_moveit/build/lib/lbr_moveit
[3.286s] copying lbr_moveit/keyboard_listener.py -> /home/pablo/Desktop/ros2_dam/simulation/lbr-stack/build/lbr_moveit/build/lib/lbr_moveit
[3.286s] creating /home/pablo/Desktop/ros2_dam/simulation/lbr-stack/build/lbr_moveit/build/lib/scripts
[3.287s] copying scripts/__init__.py -> /home/pablo/Desktop/ros2_dam/simulation/lbr-stack/build/lbr_moveit/build/lib/scripts
[3.287s] copying scripts/forward_keyboard.py -> /home/pablo/Desktop/ros2_dam/simulation/lbr-stack/build/lbr_moveit/build/lib/scripts
[3.287s] running install
[3.295s] running install_lib
[3.328s] creating /home/pablo/Desktop/ros2_dam/simulation/lbr-stack/install/lbr_moveit/lib/python3.12/site-packages/lbr_moveit
[3.328s] copying /home/pablo/Desktop/ros2_dam/simulation/lbr-stack/build/lbr_moveit/build/lib/lbr_moveit/forward_keyboard_node.py -> /home/pablo/Desktop/ros2_dam/simulation/lbr-stack/install/lbr_moveit/lib/python3.12/site-packages/lbr_moveit
[3.328s] copying /home/pablo/Desktop/ros2_dam/simulation/lbr-stack/build/lbr_moveit/build/lib/lbr_moveit/__init__.py -> /home/pablo/Desktop/ros2_dam/simulation/lbr-stack/install/lbr_moveit/lib/python3.12/site-packages/lbr_moveit
[3.328s] copying /home/pablo/Desktop/ros2_dam/simulation/lbr-stack/build/lbr_moveit/build/lib/lbr_moveit/keyboard_listener.py -> /home/pablo/Desktop/ros2_dam/simulation/lbr-stack/install/lbr_moveit/lib/python3.12/site-packages/lbr_moveit
[3.328s] creating /home/pablo/Desktop/ros2_dam/simulation/lbr-stack/install/lbr_moveit/lib/python3.12/site-packages/scripts
[3.329s] copying /home/pablo/Desktop/ros2_dam/simulation/lbr-stack/build/lbr_moveit/build/lib/scripts/__init__.py -> /home/pablo/Desktop/ros2_dam/simulation/lbr-stack/install/lbr_moveit/lib/python3.12/site-packages/scripts
[3.329s] copying /home/pablo/Desktop/ros2_dam/simulation/lbr-stack/build/lbr_moveit/build/lib/scripts/forward_keyboard.py -> /home/pablo/Desktop/ros2_dam/simulation/lbr-stack/install/lbr_moveit/lib/python3.12/site-packages/scripts
[3.329s] byte-compiling /home/pablo/Desktop/ros2_dam/simulation/lbr-stack/install/lbr_moveit/lib/python3.12/site-packages/lbr_moveit/forward_keyboard_node.py to forward_keyboard_node.cpython-312.pyc
[3.332s] byte-compiling /home/pablo/Desktop/ros2_dam/simulation/lbr-stack/install/lbr_moveit/lib/python3.12/site-packages/lbr_moveit/__init__.py to __init__.cpython-312.pyc
[3.333s] byte-compiling /home/pablo/Desktop/ros2_dam/simulation/lbr-stack/install/lbr_moveit/lib/python3.12/site-packages/lbr_moveit/keyboard_listener.py to keyboard_listener.cpython-312.pyc
[3.334s] byte-compiling /home/pablo/Desktop/ros2_dam/simulation/lbr-stack/install/lbr_moveit/lib/python3.12/site-packages/scripts/__init__.py to __init__.cpython-312.pyc
[3.334s] byte-compiling /home/pablo/Desktop/ros2_dam/simulation/lbr-stack/install/lbr_moveit/lib/python3.12/site-packages/scripts/forward_keyboard.py to forward_keyboard.cpython-312.pyc
[3.335s] running install_data
[3.335s] copying resource/lbr_moveit -> /home/pablo/Desktop/ros2_dam/simulation/lbr-stack/install/lbr_moveit/share/ament_index/resource_index/packages
[3.335s] copying package.xml -> /home/pablo/Desktop/ros2_dam/simulation/lbr-stack/install/lbr_moveit/share/lbr_moveit
[3.335s] copying config/forward_keyboard.yaml -> /home/pablo/Desktop/ros2_dam/simulation/lbr-stack/install/lbr_moveit/share/lbr_moveit/config
[3.336s] copying launch/keyboard_driver.launch.py -> /home/pablo/Desktop/ros2_dam/simulation/lbr-stack/install/lbr_moveit/share/lbr_moveit/launch
[3.336s] running install_egg_info
[3.372s] Copying ../../../../build/lbr_moveit/lbr_moveit.egg-info to /home/pablo/Desktop/ros2_dam/simulation/lbr-stack/install/lbr_moveit/lib/python3.12/site-packages/lbr_moveit-2.4.3-py3.12.egg-info
[3.373s] running install_scripts
[3.582s] Installing forward_keyboard script to /home/pablo/Desktop/ros2_dam/simulation/lbr-stack/install/lbr_moveit/lib/lbr_moveit
[3.582s] writing list of installed files to '/home/pablo/Desktop/ros2_dam/simulation/lbr-stack/build/lbr_moveit/install.log'
[3.620s] Invoked command in '/home/pablo/Desktop/ros2_dam/simulation/lbr-stack/src/lbr_fri_ros2_stack/lbr_demos/lbr_moveit' returned '0': DEBUGINFOD_URLS=https://debuginfod.ubuntu.com PYTHONPATH=/home/pablo/Desktop/ros2_dam/simulation/lbr-stack/build/lbr_moveit/prefix_override:/usr/lib/python3/dist-packages/colcon_core/task/python/colcon_distutils_commands:/home/pablo/Desktop/ros2_dam/simulation/lbr-stack/install/lbr_moveit/lib/python3.12/site-packages:${PYTHONPATH} /usr/bin/python3 -W ignore:setup.py install is deprecated -W ignore:easy_install command is deprecated setup.py egg_info --egg-base ../../../../build/lbr_moveit build --build-base /home/pablo/Desktop/ros2_dam/simulation/lbr-stack/build/lbr_moveit/build install --record /home/pablo/Desktop/ros2_dam/simulation/lbr-stack/build/lbr_moveit/install.log --single-version-externally-managed install_data --force
