[0.017s] Invoking command in '/home/pablo/Desktop/ros2_dam/simulation/lbr-stack/build/fri_client_sdk': CMAKE_PREFIX_PATH=${CMAKE_PREFIX_PATH}:/opt/ros/jazzy DEBUGINFOD_URLS=https://debuginfod.ubuntu.com /usr/bin/cmake /home/pablo/Desktop/ros2_dam/simulation/lbr-stack/src/fri -DCMAKE_INSTALL_PREFIX=/home/pablo/Desktop/ros2_dam/simulation/lbr-stack/install/fri_client_sdk
[0.312s] -- The C compiler identification is GNU 13.3.0
[0.313s] -- The CXX compiler identification is GNU 13.3.0
[0.313s] -- Detecting C compiler ABI info
[0.313s] -- Detecting C compiler ABI info - done
[0.313s] -- Check for working C compiler: /usr/bin/cc - skipped
[0.313s] -- Detecting C compile features
[0.313s] -- Detecting C compile features - done
[0.313s] -- Detecting CXX compiler ABI info
[0.375s] -- Detecting CXX compiler ABI info - done
[0.387s] -- Check for working CXX compiler: /usr/bin/c++ - skipped
[0.387s] -- Detecting CXX compile features
[0.388s] -- Detecting CXX compile features - done
[0.400s] [0mFound nanopb of version: 0.2.8[0m
[0.401s] [0mFound FRIClient of version: 1.15[0m
[0.401s] -- Configuring FRIClient version 1.15
[0.402s] -- Configuring done (0.4s)
[0.408s] -- Generating done (0.0s)
[0.409s] -- Build files have been written to: /home/pablo/Desktop/ros2_dam/simulation/lbr-stack/build/fri_client_sdk
[0.413s] Invoked command in '/home/pablo/Desktop/ros2_dam/simulation/lbr-stack/build/fri_client_sdk' returned '0': CMAKE_PREFIX_PATH=${CMAKE_PREFIX_PATH}:/opt/ros/jazzy DEBUGINFOD_URLS=https://debuginfod.ubuntu.com /usr/bin/cmake /home/pablo/Desktop/ros2_dam/simulation/lbr-stack/src/fri -DCMAKE_INSTALL_PREFIX=/home/pablo/Desktop/ros2_dam/simulation/lbr-stack/install/fri_client_sdk
[0.415s] Invoking command in '/home/pablo/Desktop/ros2_dam/simulation/lbr-stack/build/fri_client_sdk': CMAKE_PREFIX_PATH=${CMAKE_PREFIX_PATH}:/opt/ros/jazzy DEBUGINFOD_URLS=https://debuginfod.ubuntu.com /usr/bin/cmake --build /home/pablo/Desktop/ros2_dam/simulation/lbr-stack/build/fri_client_sdk -- -j12 -l12
[0.474s] [  7%] [32mBuilding CXX object CMakeFiles/FRIClient.dir/FRI-Client-SDK_Cpp/src/client_lbr/friLBRClient.cpp.o[0m
[0.474s] [ 23%] [32mBuilding CXX object CMakeFiles/FRIClient.dir/FRI-Client-SDK_Cpp/src/client_trafo/friTransformationClient.cpp.o[0m
[0.474s] [ 23%] [32mBuilding CXX object CMakeFiles/FRIClient.dir/FRI-Client-SDK_Cpp/src/connection/friUdpConnection.cpp.o[0m
[0.475s] [ 30%] [32mBuilding CXX object CMakeFiles/FRIClient.dir/FRI-Client-SDK_Cpp/src/protobuf/friCommandMessageEncoder.cpp.o[0m
[0.475s] [ 46%] [32mBuilding CXX object CMakeFiles/FRIClient.dir/FRI-Client-SDK_Cpp/src/client_lbr/friLBRState.cpp.o[0m
[0.475s] [ 46%] [32mBuilding C object CMakeFiles/FRIClient.dir/FRI-Client-SDK_Cpp/src/protobuf/pb_frimessages_callbacks.c.o[0m
[0.475s] [ 53%] [32mBuilding C object CMakeFiles/FRIClient.dir/FRI-Client-SDK_Cpp/src/protobuf_gen/FRIMessages.pb.c.o[0m
[0.475s] [ 61%] [32mBuilding CXX object CMakeFiles/FRIClient.dir/FRI-Client-SDK_Cpp/src/client_lbr/friLBRCommand.cpp.o[0m
[0.477s] [ 69%] [32mBuilding CXX object CMakeFiles/FRIClient.dir/FRI-Client-SDK_Cpp/src/base/friClientApplication.cpp.o[0m
[0.477s] [ 76%] [32mBuilding C object CMakeFiles/FRIClient.dir/FRI-Client-SDK_Cpp/src/nanopb-0.2.8/pb_decode.c.o[0m
[0.489s] [ 92%] [32mBuilding C object CMakeFiles/FRIClient.dir/FRI-Client-SDK_Cpp/src/nanopb-0.2.8/pb_encode.c.o[0m
[0.489s] [ 92%] [32mBuilding CXX object CMakeFiles/FRIClient.dir/FRI-Client-SDK_Cpp/src/protobuf/friMonitoringMessageDecoder.cpp.o[0m
[0.958s] [100%] [32m[1mLinking CXX shared library libFRIClient.so[0m
[1.034s] [100%] Built target FRIClient
[1.045s] Invoked command in '/home/pablo/Desktop/ros2_dam/simulation/lbr-stack/build/fri_client_sdk' returned '0': CMAKE_PREFIX_PATH=${CMAKE_PREFIX_PATH}:/opt/ros/jazzy DEBUGINFOD_URLS=https://debuginfod.ubuntu.com /usr/bin/cmake --build /home/pablo/Desktop/ros2_dam/simulation/lbr-stack/build/fri_client_sdk -- -j12 -l12
[1.056s] Invoking command in '/home/pablo/Desktop/ros2_dam/simulation/lbr-stack/build/fri_client_sdk': CMAKE_PREFIX_PATH=${CMAKE_PREFIX_PATH}:/opt/ros/jazzy DEBUGINFOD_URLS=https://debuginfod.ubuntu.com /usr/bin/cmake --install /home/pablo/Desktop/ros2_dam/simulation/lbr-stack/build/fri_client_sdk
[1.064s] -- Install configuration: "Release"
[1.064s] -- Installing: /home/pablo/Desktop/ros2_dam/simulation/lbr-stack/install/fri_client_sdk/lib/libFRIClient.so
[1.065s] -- Up-to-date: /home/pablo/Desktop/ros2_dam/simulation/lbr-stack/install/fri_client_sdk/include
[1.065s] -- Installing: /home/pablo/Desktop/ros2_dam/simulation/lbr-stack/install/fri_client_sdk/include/friUdpConnection.h
[1.065s] -- Installing: /home/pablo/Desktop/ros2_dam/simulation/lbr-stack/install/fri_client_sdk/include/friLBRState.h
[1.065s] -- Installing: /home/pablo/Desktop/ros2_dam/simulation/lbr-stack/install/fri_client_sdk/include/friClientIf.h
[1.065s] -- Installing: /home/pablo/Desktop/ros2_dam/simulation/lbr-stack/install/fri_client_sdk/include/friLBRCommand.h
[1.065s] -- Installing: /home/pablo/Desktop/ros2_dam/simulation/lbr-stack/install/fri_client_sdk/include/friClientVersion.h
[1.066s] -- Installing: /home/pablo/Desktop/ros2_dam/simulation/lbr-stack/install/fri_client_sdk/include/friLBRClient.h
[1.066s] -- Installing: /home/pablo/Desktop/ros2_dam/simulation/lbr-stack/install/fri_client_sdk/include/friClientApplication.h
[1.066s] -- Installing: /home/pablo/Desktop/ros2_dam/simulation/lbr-stack/install/fri_client_sdk/include/friException.h
[1.066s] -- Installing: /home/pablo/Desktop/ros2_dam/simulation/lbr-stack/install/fri_client_sdk/include/friConnectionIf.h
[1.066s] -- Installing: /home/pablo/Desktop/ros2_dam/simulation/lbr-stack/install/fri_client_sdk/include/friTransformationClient.h
[1.067s] -- Installing: /home/pablo/Desktop/ros2_dam/simulation/lbr-stack/install/fri_client_sdk/lib/cmake/FRIClient/FRIClientConfig.cmake
[1.067s] -- Installing: /home/pablo/Desktop/ros2_dam/simulation/lbr-stack/install/fri_client_sdk/lib/cmake/FRIClient/FRIClientConfig-release.cmake
[1.067s] -- Installing: /home/pablo/Desktop/ros2_dam/simulation/lbr-stack/install/fri_client_sdk/lib/cmake/FRIClient/FRIClientConfigVersion.cmake
[1.068s] Invoked command in '/home/pablo/Desktop/ros2_dam/simulation/lbr-stack/build/fri_client_sdk' returned '0': CMAKE_PREFIX_PATH=${CMAKE_PREFIX_PATH}:/opt/ros/jazzy DEBUGINFOD_URLS=https://debuginfod.ubuntu.com /usr/bin/cmake --install /home/pablo/Desktop/ros2_dam/simulation/lbr-stack/build/fri_client_sdk
