[0.019s] Invoking command in '/home/pablo/Desktop/ros2_dam/simulation/lbr-stack/build/lbr_fri_idl': CMAKE_PREFIX_PATH=/home/pablo/Desktop/ros2_dam/simulation/lbr-stack/install/fri_client_sdk:/home/pablo/Desktop/ros2_dam/simulation/lbr-stack/install/med7_moveit_config:/home/pablo/Desktop/ros2_dam/simulation/lbr-stack/install/med14_moveit_config:/home/pablo/Desktop/ros2_dam/simulation/lbr-stack/install/lbr_fri_ros2_stack:/home/pablo/Desktop/ros2_dam/simulation/lbr-stack/install/lbr_demos_cpp:/home/pablo/Desktop/ros2_dam/simulation/lbr-stack/install/lbr_bringup:/home/pablo/Desktop/ros2_dam/simulation/lbr-stack/install/lbr_ros2_control:/home/pablo/Desktop/ros2_dam/simulation/lbr-stack/install/lbr_moveit_cpp:/home/pablo/Desktop/ros2_dam/simulation/lbr-stack/install/lbr_demos_advanced_cpp:/home/pablo/Desktop/ros2_dam/simulation/lbr-stack/install/lbr_fri_ros2:/home/pablo/Desktop/ros2_dam/simulation/lbr-stack/install/lbr_fri_idl:/home/pablo/Desktop/ros2_dam/simulation/lbr-stack/install/iiwa7_moveit_config:/home/pablo/Desktop/ros2_dam/simulation/lbr-stack/install/iiwa14_moveit_config:/home/pablo/Desktop/ros2_dam/simulation/lbr-stack/install/lbr_description:/opt/ros/jazzy/opt/gz_sim_vendor:/opt/ros/jazzy/opt/gz_sensors_vendor:/opt/ros/jazzy/opt/gz_physics_vendor:/opt/ros/jazzy/opt/sdformat_vendor:/opt/ros/jazzy/opt/gz_gui_vendor:/opt/ros/jazzy/opt/gz_transport_vendor:/opt/ros/jazzy/opt/gz_rendering_vendor:/opt/ros/jazzy/opt/gz_plugin_vendor:/opt/ros/jazzy/opt/gz_fuel_tools_vendor:/opt/ros/jazzy/opt/gz_msgs_vendor:/opt/ros/jazzy/opt/gz_common_vendor:/opt/ros/jazzy/opt/gz_math_vendor:/opt/ros/jazzy/opt/gz_utils_vendor:/opt/ros/jazzy/opt/gz_tools_vendor:/opt/ros/jazzy/opt/gz_ogre_next_vendor:/opt/ros/jazzy/opt/gz_dartsim_vendor:/opt/ros/jazzy/opt/gz_cmake_vendor:/home/pablo/Desktop/ros2_dam/ros2_ws/install/baile_sencillo:/home/pablo/Desktop/ros2_dam/simulation/lbr-stack/install/lbr_demos_py:/home/pablo/Desktop/ros2_dam/simulation/lbr-stack/install/lbr_moveit:/home/pablo/Desktop/ros2_dam/simulation/lbr-stack/install/lbr_demos_advanced_py:/opt/ros/jazzy DEBUGINFOD_URLS=https://debuginfod.ubuntu.com LD_LIBRARY_PATH=/home/pablo/Desktop/ros2_dam/simulation/lbr-stack/install/fri_client_sdk/lib:/home/pablo/Desktop/ros2_dam/simulation/lbr-stack/install/lbr_ros2_control/lib:/home/pablo/Desktop/ros2_dam/simulation/lbr-stack/install/lbr_demos_advanced_cpp/lib:/home/pablo/Desktop/ros2_dam/simulation/lbr-stack/install/lbr_fri_ros2/lib:/home/pablo/Desktop/ros2_dam/simulation/lbr-stack/install/lbr_fri_idl/lib:/opt/ros/jazzy/opt/gz_sim_vendor/lib:/opt/ros/jazzy/opt/gz_sensors_vendor/lib:/opt/ros/jazzy/opt/gz_physics_vendor/lib:/opt/ros/jazzy/opt/sdformat_vendor/lib:/opt/ros/jazzy/opt/rviz_ogre_vendor/lib:/opt/ros/jazzy/lib/x86_64-linux-gnu:/opt/ros/jazzy/opt/gz_gui_vendor/lib:/opt/ros/jazzy/opt/gz_transport_vendor/lib:/opt/ros/jazzy/opt/gz_rendering_vendor/lib:/opt/ros/jazzy/opt/gz_plugin_vendor/lib:/opt/ros/jazzy/opt/gz_fuel_tools_vendor/lib:/opt/ros/jazzy/opt/gz_msgs_vendor/lib:/opt/ros/jazzy/opt/gz_common_vendor/lib:/opt/ros/jazzy/opt/gz_math_vendor/lib:/opt/ros/jazzy/opt/gz_utils_vendor/lib:/opt/ros/jazzy/opt/gz_tools_vendor/lib:/opt/ros/jazzy/opt/gz_ogre_next_vendor/lib:/opt/ros/jazzy/opt/gz_dartsim_vendor/lib:/opt/ros/jazzy/opt/gz_cmake_vendor/lib:/opt/ros/jazzy/lib /usr/bin/cmake /home/pablo/Desktop/ros2_dam/simulation/lbr-stack/src/lbr_fri_idl -DCMAKE_INSTALL_PREFIX=/home/pablo/Desktop/ros2_dam/simulation/lbr-stack/install/lbr_fri_idl
[0.039s] -- Found ament_cmake: 2.5.5 (/opt/ros/jazzy/share/ament_cmake/cmake)
[0.074s] -- Found Python3: /usr/bin/python3 (found version "3.12.3") found components: Interpreter 
[0.175s] -- Override CMake install command with custom implementation using symlinks instead of copying resources
[0.191s] -- Found builtin_interfaces: 2.0.3 (/opt/ros/jazzy/share/builtin_interfaces/cmake)
[0.255s] -- Found rosidl_generator_c: 4.6.7 (/opt/ros/jazzy/share/rosidl_generator_c/cmake)
[0.279s] -- Found rosidl_generator_cpp: 4.6.7 (/opt/ros/jazzy/share/rosidl_generator_cpp/cmake)
[0.306s] -- Using all available rosidl_typesupport_c: rosidl_typesupport_fastrtps_c;rosidl_typesupport_introspection_c
[0.330s] -- Using all available rosidl_typesupport_cpp: rosidl_typesupport_fastrtps_cpp;rosidl_typesupport_introspection_cpp
[0.351s] -- Found rosidl_default_generators: 1.6.0 (/opt/ros/jazzy/share/rosidl_default_generators/cmake)
[0.369s] -- Found rosidl_adapter: 4.6.7 (/opt/ros/jazzy/share/rosidl_adapter/cmake)
[0.797s] -- Found ament_cmake_cppcheck: 0.17.4 (/opt/ros/jazzy/share/ament_cmake_cppcheck/cmake)
[0.799s] -- Found ament_cmake_cpplint: 0.17.4 (/opt/ros/jazzy/share/ament_cmake_cpplint/cmake)
[0.801s] -- Found ament_cmake_uncrustify: 0.17.4 (/opt/ros/jazzy/share/ament_cmake_uncrustify/cmake)
[0.803s] -- Found ament_cmake_ros: 0.12.0 (/opt/ros/jazzy/share/ament_cmake_ros/cmake)
[1.096s] -- Using all available rosidl_typesupport_c: rosidl_typesupport_fastrtps_c;rosidl_typesupport_introspection_c
[1.229s] -- Using all available rosidl_typesupport_cpp: rosidl_typesupport_fastrtps_cpp;rosidl_typesupport_introspection_cpp
[1.233s] -- Found python_cmake_module: 0.11.1 (/opt/ros/jazzy/share/python_cmake_module/cmake)
[1.736s] -- Found Python3: /usr/bin/python3 (found version "3.12.3") found components: Interpreter Development NumPy Development.Module Development.Embed 
[1.758s] -- Found ament_cmake_flake8: 0.17.4 (/opt/ros/jazzy/share/ament_cmake_flake8/cmake)
[1.761s] -- Found ament_cmake_pep257: 0.17.4 (/opt/ros/jazzy/share/ament_cmake_pep257/cmake)
[1.765s] -- Found gtest sources under '/opt/ros/jazzy/src/gtest_vendor': C++ tests using 'Google Test' will be built
[1.785s] -- Configuring done (1.8s)
[1.871s] -- Generating done (0.1s)
[1.888s] -- Build files have been written to: /home/pablo/Desktop/ros2_dam/simulation/lbr-stack/build/lbr_fri_idl
[1.901s] Invoked command in '/home/pablo/Desktop/ros2_dam/simulation/lbr-stack/build/lbr_fri_idl' returned '0': CMAKE_PREFIX_PATH=/home/pablo/Desktop/ros2_dam/simulation/lbr-stack/install/fri_client_sdk:/home/pablo/Desktop/ros2_dam/simulation/lbr-stack/install/med7_moveit_config:/home/pablo/Desktop/ros2_dam/simulation/lbr-stack/install/med14_moveit_config:/home/pablo/Desktop/ros2_dam/simulation/lbr-stack/install/lbr_fri_ros2_stack:/home/pablo/Desktop/ros2_dam/simulation/lbr-stack/install/lbr_demos_cpp:/home/pablo/Desktop/ros2_dam/simulation/lbr-stack/install/lbr_bringup:/home/pablo/Desktop/ros2_dam/simulation/lbr-stack/install/lbr_ros2_control:/home/pablo/Desktop/ros2_dam/simulation/lbr-stack/install/lbr_moveit_cpp:/home/pablo/Desktop/ros2_dam/simulation/lbr-stack/install/lbr_demos_advanced_cpp:/home/pablo/Desktop/ros2_dam/simulation/lbr-stack/install/lbr_fri_ros2:/home/pablo/Desktop/ros2_dam/simulation/lbr-stack/install/lbr_fri_idl:/home/pablo/Desktop/ros2_dam/simulation/lbr-stack/install/iiwa7_moveit_config:/home/pablo/Desktop/ros2_dam/simulation/lbr-stack/install/iiwa14_moveit_config:/home/pablo/Desktop/ros2_dam/simulation/lbr-stack/install/lbr_description:/opt/ros/jazzy/opt/gz_sim_vendor:/opt/ros/jazzy/opt/gz_sensors_vendor:/opt/ros/jazzy/opt/gz_physics_vendor:/opt/ros/jazzy/opt/sdformat_vendor:/opt/ros/jazzy/opt/gz_gui_vendor:/opt/ros/jazzy/opt/gz_transport_vendor:/opt/ros/jazzy/opt/gz_rendering_vendor:/opt/ros/jazzy/opt/gz_plugin_vendor:/opt/ros/jazzy/opt/gz_fuel_tools_vendor:/opt/ros/jazzy/opt/gz_msgs_vendor:/opt/ros/jazzy/opt/gz_common_vendor:/opt/ros/jazzy/opt/gz_math_vendor:/opt/ros/jazzy/opt/gz_utils_vendor:/opt/ros/jazzy/opt/gz_tools_vendor:/opt/ros/jazzy/opt/gz_ogre_next_vendor:/opt/ros/jazzy/opt/gz_dartsim_vendor:/opt/ros/jazzy/opt/gz_cmake_vendor:/home/pablo/Desktop/ros2_dam/ros2_ws/install/baile_sencillo:/home/pablo/Desktop/ros2_dam/simulation/lbr-stack/install/lbr_demos_py:/home/pablo/Desktop/ros2_dam/simulation/lbr-stack/install/lbr_moveit:/home/pablo/Desktop/ros2_dam/simulation/lbr-stack/install/lbr_demos_advanced_py:/opt/ros/jazzy DEBUGINFOD_URLS=https://debuginfod.ubuntu.com LD_LIBRARY_PATH=/home/pablo/Desktop/ros2_dam/simulation/lbr-stack/install/fri_client_sdk/lib:/home/pablo/Desktop/ros2_dam/simulation/lbr-stack/install/lbr_ros2_control/lib:/home/pablo/Desktop/ros2_dam/simulation/lbr-stack/install/lbr_demos_advanced_cpp/lib:/home/pablo/Desktop/ros2_dam/simulation/lbr-stack/install/lbr_fri_ros2/lib:/home/pablo/Desktop/ros2_dam/simulation/lbr-stack/install/lbr_fri_idl/lib:/opt/ros/jazzy/opt/gz_sim_vendor/lib:/opt/ros/jazzy/opt/gz_sensors_vendor/lib:/opt/ros/jazzy/opt/gz_physics_vendor/lib:/opt/ros/jazzy/opt/sdformat_vendor/lib:/opt/ros/jazzy/opt/rviz_ogre_vendor/lib:/opt/ros/jazzy/lib/x86_64-linux-gnu:/opt/ros/jazzy/opt/gz_gui_vendor/lib:/opt/ros/jazzy/opt/gz_transport_vendor/lib:/opt/ros/jazzy/opt/gz_rendering_vendor/lib:/opt/ros/jazzy/opt/gz_plugin_vendor/lib:/opt/ros/jazzy/opt/gz_fuel_tools_vendor/lib:/opt/ros/jazzy/opt/gz_msgs_vendor/lib:/opt/ros/jazzy/opt/gz_common_vendor/lib:/opt/ros/jazzy/opt/gz_math_vendor/lib:/opt/ros/jazzy/opt/gz_utils_vendor/lib:/opt/ros/jazzy/opt/gz_tools_vendor/lib:/opt/ros/jazzy/opt/gz_ogre_next_vendor/lib:/opt/ros/jazzy/opt/gz_dartsim_vendor/lib:/opt/ros/jazzy/opt/gz_cmake_vendor/lib:/opt/ros/jazzy/lib /usr/bin/cmake /home/pablo/Desktop/ros2_dam/simulation/lbr-stack/src/lbr_fri_idl -DCMAKE_INSTALL_PREFIX=/home/pablo/Desktop/ros2_dam/simulation/lbr-stack/install/lbr_fri_idl
[1.902s] Invoking command in '/home/pablo/Desktop/ros2_dam/simulation/lbr-stack/build/lbr_fri_idl': CMAKE_PREFIX_PATH=/home/pablo/Desktop/ros2_dam/simulation/lbr-stack/install/fri_client_sdk:/home/pablo/Desktop/ros2_dam/simulation/lbr-stack/install/med7_moveit_config:/home/pablo/Desktop/ros2_dam/simulation/lbr-stack/install/med14_moveit_config:/home/pablo/Desktop/ros2_dam/simulation/lbr-stack/install/lbr_fri_ros2_stack:/home/pablo/Desktop/ros2_dam/simulation/lbr-stack/install/lbr_demos_cpp:/home/pablo/Desktop/ros2_dam/simulation/lbr-stack/install/lbr_bringup:/home/pablo/Desktop/ros2_dam/simulation/lbr-stack/install/lbr_ros2_control:/home/pablo/Desktop/ros2_dam/simulation/lbr-stack/install/lbr_moveit_cpp:/home/pablo/Desktop/ros2_dam/simulation/lbr-stack/install/lbr_demos_advanced_cpp:/home/pablo/Desktop/ros2_dam/simulation/lbr-stack/install/lbr_fri_ros2:/home/pablo/Desktop/ros2_dam/simulation/lbr-stack/install/lbr_fri_idl:/home/pablo/Desktop/ros2_dam/simulation/lbr-stack/install/iiwa7_moveit_config:/home/pablo/Desktop/ros2_dam/simulation/lbr-stack/install/iiwa14_moveit_config:/home/pablo/Desktop/ros2_dam/simulation/lbr-stack/install/lbr_description:/opt/ros/jazzy/opt/gz_sim_vendor:/opt/ros/jazzy/opt/gz_sensors_vendor:/opt/ros/jazzy/opt/gz_physics_vendor:/opt/ros/jazzy/opt/sdformat_vendor:/opt/ros/jazzy/opt/gz_gui_vendor:/opt/ros/jazzy/opt/gz_transport_vendor:/opt/ros/jazzy/opt/gz_rendering_vendor:/opt/ros/jazzy/opt/gz_plugin_vendor:/opt/ros/jazzy/opt/gz_fuel_tools_vendor:/opt/ros/jazzy/opt/gz_msgs_vendor:/opt/ros/jazzy/opt/gz_common_vendor:/opt/ros/jazzy/opt/gz_math_vendor:/opt/ros/jazzy/opt/gz_utils_vendor:/opt/ros/jazzy/opt/gz_tools_vendor:/opt/ros/jazzy/opt/gz_ogre_next_vendor:/opt/ros/jazzy/opt/gz_dartsim_vendor:/opt/ros/jazzy/opt/gz_cmake_vendor:/home/pablo/Desktop/ros2_dam/ros2_ws/install/baile_sencillo:/home/pablo/Desktop/ros2_dam/simulation/lbr-stack/install/lbr_demos_py:/home/pablo/Desktop/ros2_dam/simulation/lbr-stack/install/lbr_moveit:/home/pablo/Desktop/ros2_dam/simulation/lbr-stack/install/lbr_demos_advanced_py:/opt/ros/jazzy DEBUGINFOD_URLS=https://debuginfod.ubuntu.com LD_LIBRARY_PATH=/home/pablo/Desktop/ros2_dam/simulation/lbr-stack/install/fri_client_sdk/lib:/home/pablo/Desktop/ros2_dam/simulation/lbr-stack/install/lbr_ros2_control/lib:/home/pablo/Desktop/ros2_dam/simulation/lbr-stack/install/lbr_demos_advanced_cpp/lib:/home/pablo/Desktop/ros2_dam/simulation/lbr-stack/install/lbr_fri_ros2/lib:/home/pablo/Desktop/ros2_dam/simulation/lbr-stack/install/lbr_fri_idl/lib:/opt/ros/jazzy/opt/gz_sim_vendor/lib:/opt/ros/jazzy/opt/gz_sensors_vendor/lib:/opt/ros/jazzy/opt/gz_physics_vendor/lib:/opt/ros/jazzy/opt/sdformat_vendor/lib:/opt/ros/jazzy/opt/rviz_ogre_vendor/lib:/opt/ros/jazzy/lib/x86_64-linux-gnu:/opt/ros/jazzy/opt/gz_gui_vendor/lib:/opt/ros/jazzy/opt/gz_transport_vendor/lib:/opt/ros/jazzy/opt/gz_rendering_vendor/lib:/opt/ros/jazzy/opt/gz_plugin_vendor/lib:/opt/ros/jazzy/opt/gz_fuel_tools_vendor/lib:/opt/ros/jazzy/opt/gz_msgs_vendor/lib:/opt/ros/jazzy/opt/gz_common_vendor/lib:/opt/ros/jazzy/opt/gz_math_vendor/lib:/opt/ros/jazzy/opt/gz_utils_vendor/lib:/opt/ros/jazzy/opt/gz_tools_vendor/lib:/opt/ros/jazzy/opt/gz_ogre_next_vendor/lib:/opt/ros/jazzy/opt/gz_dartsim_vendor/lib:/opt/ros/jazzy/opt/gz_cmake_vendor/lib:/opt/ros/jazzy/lib /usr/bin/cmake --build /home/pablo/Desktop/ros2_dam/simulation/lbr-stack/build/lbr_fri_idl -- -j12 -l12
[1.973s] [  1%] Built target lbr_fri_idl__rosidl_generator_type_description
[1.974s] [  3%] Built target gtest_main
[1.984s] [  3%] Built target ament_cmake_python_symlink_lbr_fri_idl
[1.987s] [  6%] Built target gtest
[2.001s] [  7%] Built target lbr_fri_idl__cpp
[2.013s] [ 28%] Built target lbr_fri_idl__rosidl_generator_c
[2.059s] [ 55%] Built target lbr_fri_idl__rosidl_typesupport_fastrtps_c
[2.059s] [ 55%] Built target lbr_fri_idl__rosidl_typesupport_c
[2.059s] [ 55%] Built target lbr_fri_idl__rosidl_typesupport_introspection_c
[2.062s] [ 63%] Built target lbr_fri_idl__rosidl_typesupport_introspection_cpp
[2.062s] [ 72%] Built target lbr_fri_idl__rosidl_typesupport_cpp
[2.066s] [ 81%] Built target lbr_fri_idl__rosidl_typesupport_fastrtps_cpp
[2.094s] [ 81%] Built target lbr_fri_idl
[2.098s] [ 83%] Built target lbr_fri_idl_test_command_interfaces
[2.119s] [ 85%] Built target lbr_fri_idl__py
[2.154s] [ 92%] Built target lbr_fri_idl__rosidl_generator_py
[2.187s] [ 95%] Built target lbr_fri_idl_s__rosidl_typesupport_fastrtps_c
[2.187s] [ 97%] Built target lbr_fri_idl_s__rosidl_typesupport_introspection_c
[2.189s] [100%] Built target lbr_fri_idl_s__rosidl_typesupport_c
[2.344s] running egg_info
[2.378s] writing lbr_fri_idl.egg-info/PKG-INFO
[2.378s] writing dependency_links to lbr_fri_idl.egg-info/dependency_links.txt
[2.378s] writing top-level names to lbr_fri_idl.egg-info/top_level.txt
[2.478s] reading manifest file 'lbr_fri_idl.egg-info/SOURCES.txt'
[2.479s] writing manifest file 'lbr_fri_idl.egg-info/SOURCES.txt'
[2.511s] [100%] Built target ament_cmake_python_build_lbr_fri_idl_egg
[2.529s] Invoked command in '/home/pablo/Desktop/ros2_dam/simulation/lbr-stack/build/lbr_fri_idl' returned '0': CMAKE_PREFIX_PATH=/home/pablo/Desktop/ros2_dam/simulation/lbr-stack/install/fri_client_sdk:/home/pablo/Desktop/ros2_dam/simulation/lbr-stack/install/med7_moveit_config:/home/pablo/Desktop/ros2_dam/simulation/lbr-stack/install/med14_moveit_config:/home/pablo/Desktop/ros2_dam/simulation/lbr-stack/install/lbr_fri_ros2_stack:/home/pablo/Desktop/ros2_dam/simulation/lbr-stack/install/lbr_demos_cpp:/home/pablo/Desktop/ros2_dam/simulation/lbr-stack/install/lbr_bringup:/home/pablo/Desktop/ros2_dam/simulation/lbr-stack/install/lbr_ros2_control:/home/pablo/Desktop/ros2_dam/simulation/lbr-stack/install/lbr_moveit_cpp:/home/pablo/Desktop/ros2_dam/simulation/lbr-stack/install/lbr_demos_advanced_cpp:/home/pablo/Desktop/ros2_dam/simulation/lbr-stack/install/lbr_fri_ros2:/home/pablo/Desktop/ros2_dam/simulation/lbr-stack/install/lbr_fri_idl:/home/pablo/Desktop/ros2_dam/simulation/lbr-stack/install/iiwa7_moveit_config:/home/pablo/Desktop/ros2_dam/simulation/lbr-stack/install/iiwa14_moveit_config:/home/pablo/Desktop/ros2_dam/simulation/lbr-stack/install/lbr_description:/opt/ros/jazzy/opt/gz_sim_vendor:/opt/ros/jazzy/opt/gz_sensors_vendor:/opt/ros/jazzy/opt/gz_physics_vendor:/opt/ros/jazzy/opt/sdformat_vendor:/opt/ros/jazzy/opt/gz_gui_vendor:/opt/ros/jazzy/opt/gz_transport_vendor:/opt/ros/jazzy/opt/gz_rendering_vendor:/opt/ros/jazzy/opt/gz_plugin_vendor:/opt/ros/jazzy/opt/gz_fuel_tools_vendor:/opt/ros/jazzy/opt/gz_msgs_vendor:/opt/ros/jazzy/opt/gz_common_vendor:/opt/ros/jazzy/opt/gz_math_vendor:/opt/ros/jazzy/opt/gz_utils_vendor:/opt/ros/jazzy/opt/gz_tools_vendor:/opt/ros/jazzy/opt/gz_ogre_next_vendor:/opt/ros/jazzy/opt/gz_dartsim_vendor:/opt/ros/jazzy/opt/gz_cmake_vendor:/home/pablo/Desktop/ros2_dam/ros2_ws/install/baile_sencillo:/home/pablo/Desktop/ros2_dam/simulation/lbr-stack/install/lbr_demos_py:/home/pablo/Desktop/ros2_dam/simulation/lbr-stack/install/lbr_moveit:/home/pablo/Desktop/ros2_dam/simulation/lbr-stack/install/lbr_demos_advanced_py:/opt/ros/jazzy DEBUGINFOD_URLS=https://debuginfod.ubuntu.com LD_LIBRARY_PATH=/home/pablo/Desktop/ros2_dam/simulation/lbr-stack/install/fri_client_sdk/lib:/home/pablo/Desktop/ros2_dam/simulation/lbr-stack/install/lbr_ros2_control/lib:/home/pablo/Desktop/ros2_dam/simulation/lbr-stack/install/lbr_demos_advanced_cpp/lib:/home/pablo/Desktop/ros2_dam/simulation/lbr-stack/install/lbr_fri_ros2/lib:/home/pablo/Desktop/ros2_dam/simulation/lbr-stack/install/lbr_fri_idl/lib:/opt/ros/jazzy/opt/gz_sim_vendor/lib:/opt/ros/jazzy/opt/gz_sensors_vendor/lib:/opt/ros/jazzy/opt/gz_physics_vendor/lib:/opt/ros/jazzy/opt/sdformat_vendor/lib:/opt/ros/jazzy/opt/rviz_ogre_vendor/lib:/opt/ros/jazzy/lib/x86_64-linux-gnu:/opt/ros/jazzy/opt/gz_gui_vendor/lib:/opt/ros/jazzy/opt/gz_transport_vendor/lib:/opt/ros/jazzy/opt/gz_rendering_vendor/lib:/opt/ros/jazzy/opt/gz_plugin_vendor/lib:/opt/ros/jazzy/opt/gz_fuel_tools_vendor/lib:/opt/ros/jazzy/opt/gz_msgs_vendor/lib:/opt/ros/jazzy/opt/gz_common_vendor/lib:/opt/ros/jazzy/opt/gz_math_vendor/lib:/opt/ros/jazzy/opt/gz_utils_vendor/lib:/opt/ros/jazzy/opt/gz_tools_vendor/lib:/opt/ros/jazzy/opt/gz_ogre_next_vendor/lib:/opt/ros/jazzy/opt/gz_dartsim_vendor/lib:/opt/ros/jazzy/opt/gz_cmake_vendor/lib:/opt/ros/jazzy/lib /usr/bin/cmake --build /home/pablo/Desktop/ros2_dam/simulation/lbr-stack/build/lbr_fri_idl -- -j12 -l12
[2.531s] Invoking command in '/home/pablo/Desktop/ros2_dam/simulation/lbr-stack/build/lbr_fri_idl': CMAKE_PREFIX_PATH=/home/pablo/Desktop/ros2_dam/simulation/lbr-stack/install/fri_client_sdk:/home/pablo/Desktop/ros2_dam/simulation/lbr-stack/install/med7_moveit_config:/home/pablo/Desktop/ros2_dam/simulation/lbr-stack/install/med14_moveit_config:/home/pablo/Desktop/ros2_dam/simulation/lbr-stack/install/lbr_fri_ros2_stack:/home/pablo/Desktop/ros2_dam/simulation/lbr-stack/install/lbr_demos_cpp:/home/pablo/Desktop/ros2_dam/simulation/lbr-stack/install/lbr_bringup:/home/pablo/Desktop/ros2_dam/simulation/lbr-stack/install/lbr_ros2_control:/home/pablo/Desktop/ros2_dam/simulation/lbr-stack/install/lbr_moveit_cpp:/home/pablo/Desktop/ros2_dam/simulation/lbr-stack/install/lbr_demos_advanced_cpp:/home/pablo/Desktop/ros2_dam/simulation/lbr-stack/install/lbr_fri_ros2:/home/pablo/Desktop/ros2_dam/simulation/lbr-stack/install/lbr_fri_idl:/home/pablo/Desktop/ros2_dam/simulation/lbr-stack/install/iiwa7_moveit_config:/home/pablo/Desktop/ros2_dam/simulation/lbr-stack/install/iiwa14_moveit_config:/home/pablo/Desktop/ros2_dam/simulation/lbr-stack/install/lbr_description:/opt/ros/jazzy/opt/gz_sim_vendor:/opt/ros/jazzy/opt/gz_sensors_vendor:/opt/ros/jazzy/opt/gz_physics_vendor:/opt/ros/jazzy/opt/sdformat_vendor:/opt/ros/jazzy/opt/gz_gui_vendor:/opt/ros/jazzy/opt/gz_transport_vendor:/opt/ros/jazzy/opt/gz_rendering_vendor:/opt/ros/jazzy/opt/gz_plugin_vendor:/opt/ros/jazzy/opt/gz_fuel_tools_vendor:/opt/ros/jazzy/opt/gz_msgs_vendor:/opt/ros/jazzy/opt/gz_common_vendor:/opt/ros/jazzy/opt/gz_math_vendor:/opt/ros/jazzy/opt/gz_utils_vendor:/opt/ros/jazzy/opt/gz_tools_vendor:/opt/ros/jazzy/opt/gz_ogre_next_vendor:/opt/ros/jazzy/opt/gz_dartsim_vendor:/opt/ros/jazzy/opt/gz_cmake_vendor:/home/pablo/Desktop/ros2_dam/ros2_ws/install/baile_sencillo:/home/pablo/Desktop/ros2_dam/simulation/lbr-stack/install/lbr_demos_py:/home/pablo/Desktop/ros2_dam/simulation/lbr-stack/install/lbr_moveit:/home/pablo/Desktop/ros2_dam/simulation/lbr-stack/install/lbr_demos_advanced_py:/opt/ros/jazzy DEBUGINFOD_URLS=https://debuginfod.ubuntu.com LD_LIBRARY_PATH=/home/pablo/Desktop/ros2_dam/simulation/lbr-stack/install/fri_client_sdk/lib:/home/pablo/Desktop/ros2_dam/simulation/lbr-stack/install/lbr_ros2_control/lib:/home/pablo/Desktop/ros2_dam/simulation/lbr-stack/install/lbr_demos_advanced_cpp/lib:/home/pablo/Desktop/ros2_dam/simulation/lbr-stack/install/lbr_fri_ros2/lib:/home/pablo/Desktop/ros2_dam/simulation/lbr-stack/install/lbr_fri_idl/lib:/opt/ros/jazzy/opt/gz_sim_vendor/lib:/opt/ros/jazzy/opt/gz_sensors_vendor/lib:/opt/ros/jazzy/opt/gz_physics_vendor/lib:/opt/ros/jazzy/opt/sdformat_vendor/lib:/opt/ros/jazzy/opt/rviz_ogre_vendor/lib:/opt/ros/jazzy/lib/x86_64-linux-gnu:/opt/ros/jazzy/opt/gz_gui_vendor/lib:/opt/ros/jazzy/opt/gz_transport_vendor/lib:/opt/ros/jazzy/opt/gz_rendering_vendor/lib:/opt/ros/jazzy/opt/gz_plugin_vendor/lib:/opt/ros/jazzy/opt/gz_fuel_tools_vendor/lib:/opt/ros/jazzy/opt/gz_msgs_vendor/lib:/opt/ros/jazzy/opt/gz_common_vendor/lib:/opt/ros/jazzy/opt/gz_math_vendor/lib:/opt/ros/jazzy/opt/gz_utils_vendor/lib:/opt/ros/jazzy/opt/gz_tools_vendor/lib:/opt/ros/jazzy/opt/gz_ogre_next_vendor/lib:/opt/ros/jazzy/opt/gz_dartsim_vendor/lib:/opt/ros/jazzy/opt/gz_cmake_vendor/lib:/opt/ros/jazzy/lib /usr/bin/cmake --install /home/pablo/Desktop/ros2_dam/simulation/lbr-stack/build/lbr_fri_idl
[2.541s] -- Install configuration: "Release"
[2.542s] -- Execute custom install script
[2.543s] -- Up-to-date symlink: /home/pablo/Desktop/ros2_dam/simulation/lbr-stack/install/lbr_fri_idl/share/ament_index/resource_index/rosidl_interfaces/lbr_fri_idl
[2.543s] -- Up-to-date symlink: /home/pablo/Desktop/ros2_dam/simulation/lbr-stack/install/lbr_fri_idl/share/lbr_fri_idl/msg/LBRCommand.json
[2.543s] -- Up-to-date symlink: /home/pablo/Desktop/ros2_dam/simulation/lbr-stack/install/lbr_fri_idl/share/lbr_fri_idl/msg/LBRJointPositionCommand.json
[2.543s] -- Up-to-date symlink: /home/pablo/Desktop/ros2_dam/simulation/lbr-stack/install/lbr_fri_idl/share/lbr_fri_idl/msg/LBRState.json
[2.544s] -- Up-to-date symlink: /home/pablo/Desktop/ros2_dam/simulation/lbr-stack/install/lbr_fri_idl/share/lbr_fri_idl/msg/LBRTorqueCommand.json
[2.544s] -- Up-to-date symlink: /home/pablo/Desktop/ros2_dam/simulation/lbr-stack/install/lbr_fri_idl/share/lbr_fri_idl/msg/LBRWrenchCommand.json
[2.544s] -- Up-to-date symlink: /home/pablo/Desktop/ros2_dam/simulation/lbr-stack/install/lbr_fri_idl/include/lbr_fri_idl/lbr_fri_idl/msg/detail/lbr_command__functions.h
[2.545s] -- Up-to-date symlink: /home/pablo/Desktop/ros2_dam/simulation/lbr-stack/install/lbr_fri_idl/include/lbr_fri_idl/lbr_fri_idl/msg/detail/lbr_command__struct.h
[2.545s] -- Up-to-date symlink: /home/pablo/Desktop/ros2_dam/simulation/lbr-stack/install/lbr_fri_idl/include/lbr_fri_idl/lbr_fri_idl/msg/detail/lbr_command__type_support.h
[2.545s] -- Up-to-date symlink: /home/pablo/Desktop/ros2_dam/simulation/lbr-stack/install/lbr_fri_idl/include/lbr_fri_idl/lbr_fri_idl/msg/detail/lbr_joint_position_command__functions.h
[2.545s] -- Up-to-date symlink: /home/pablo/Desktop/ros2_dam/simulation/lbr-stack/install/lbr_fri_idl/include/lbr_fri_idl/lbr_fri_idl/msg/detail/lbr_joint_position_command__struct.h
[2.546s] -- Up-to-date symlink: /home/pablo/Desktop/ros2_dam/simulation/lbr-stack/install/lbr_fri_idl/include/lbr_fri_idl/lbr_fri_idl/msg/detail/lbr_joint_position_command__type_support.h
[2.546s] -- Up-to-date symlink: /home/pablo/Desktop/ros2_dam/simulation/lbr-stack/install/lbr_fri_idl/include/lbr_fri_idl/lbr_fri_idl/msg/detail/lbr_state__functions.h
[2.546s] -- Up-to-date symlink: /home/pablo/Desktop/ros2_dam/simulation/lbr-stack/install/lbr_fri_idl/include/lbr_fri_idl/lbr_fri_idl/msg/detail/lbr_state__struct.h
[2.546s] -- Up-to-date symlink: /home/pablo/Desktop/ros2_dam/simulation/lbr-stack/install/lbr_fri_idl/include/lbr_fri_idl/lbr_fri_idl/msg/detail/lbr_state__type_support.h
[2.547s] -- Up-to-date symlink: /home/pablo/Desktop/ros2_dam/simulation/lbr-stack/install/lbr_fri_idl/include/lbr_fri_idl/lbr_fri_idl/msg/detail/lbr_torque_command__functions.h
[2.547s] -- Up-to-date symlink: /home/pablo/Desktop/ros2_dam/simulation/lbr-stack/install/lbr_fri_idl/include/lbr_fri_idl/lbr_fri_idl/msg/detail/lbr_torque_command__struct.h
[2.547s] -- Up-to-date symlink: /home/pablo/Desktop/ros2_dam/simulation/lbr-stack/install/lbr_fri_idl/include/lbr_fri_idl/lbr_fri_idl/msg/detail/lbr_torque_command__type_support.h
[2.547s] -- Up-to-date symlink: /home/pablo/Desktop/ros2_dam/simulation/lbr-stack/install/lbr_fri_idl/include/lbr_fri_idl/lbr_fri_idl/msg/detail/lbr_wrench_command__functions.h
[2.547s] -- Up-to-date symlink: /home/pablo/Desktop/ros2_dam/simulation/lbr-stack/install/lbr_fri_idl/include/lbr_fri_idl/lbr_fri_idl/msg/detail/lbr_wrench_command__struct.h
[2.548s] -- Up-to-date symlink: /home/pablo/Desktop/ros2_dam/simulation/lbr-stack/install/lbr_fri_idl/include/lbr_fri_idl/lbr_fri_idl/msg/detail/lbr_wrench_command__type_support.h
[2.548s] -- Up-to-date symlink: /home/pablo/Desktop/ros2_dam/simulation/lbr-stack/install/lbr_fri_idl/include/lbr_fri_idl/lbr_fri_idl/msg/lbr_command.h
[2.548s] -- Up-to-date symlink: /home/pablo/Desktop/ros2_dam/simulation/lbr-stack/install/lbr_fri_idl/include/lbr_fri_idl/lbr_fri_idl/msg/lbr_joint_position_command.h
[2.548s] -- Up-to-date symlink: /home/pablo/Desktop/ros2_dam/simulation/lbr-stack/install/lbr_fri_idl/include/lbr_fri_idl/lbr_fri_idl/msg/lbr_state.h
[2.548s] -- Up-to-date symlink: /home/pablo/Desktop/ros2_dam/simulation/lbr-stack/install/lbr_fri_idl/include/lbr_fri_idl/lbr_fri_idl/msg/lbr_torque_command.h
[2.549s] -- Up-to-date symlink: /home/pablo/Desktop/ros2_dam/simulation/lbr-stack/install/lbr_fri_idl/include/lbr_fri_idl/lbr_fri_idl/msg/lbr_wrench_command.h
[2.549s] -- Up-to-date symlink: /home/pablo/Desktop/ros2_dam/simulation/lbr-stack/install/lbr_fri_idl/include/lbr_fri_idl/lbr_fri_idl/msg/rosidl_generator_c__visibility_control.h
[2.549s] -- Up-to-date symlink: /home/pablo/Desktop/ros2_dam/simulation/lbr-stack/install/lbr_fri_idl/share/lbr_fri_idl/environment/library_path.sh
[2.549s] -- Up-to-date symlink: /home/pablo/Desktop/ros2_dam/simulation/lbr-stack/install/lbr_fri_idl/share/lbr_fri_idl/environment/library_path.dsv
[2.550s] -- Up-to-date symlink: /home/pablo/Desktop/ros2_dam/simulation/lbr-stack/install/lbr_fri_idl/include/lbr_fri_idl/lbr_fri_idl/msg/detail/lbr_command__rosidl_typesupport_fastrtps_c.h
[2.550s] -- Up-to-date symlink: /home/pablo/Desktop/ros2_dam/simulation/lbr-stack/install/lbr_fri_idl/include/lbr_fri_idl/lbr_fri_idl/msg/detail/lbr_joint_position_command__rosidl_typesupport_fastrtps_c.h
[2.550s] -- Up-to-date symlink: /home/pablo/Desktop/ros2_dam/simulation/lbr-stack/install/lbr_fri_idl/include/lbr_fri_idl/lbr_fri_idl/msg/detail/lbr_state__rosidl_typesupport_fastrtps_c.h
[2.550s] -- Up-to-date symlink: /home/pablo/Desktop/ros2_dam/simulation/lbr-stack/install/lbr_fri_idl/include/lbr_fri_idl/lbr_fri_idl/msg/detail/lbr_torque_command__rosidl_typesupport_fastrtps_c.h
[2.550s] -- Up-to-date symlink: /home/pablo/Desktop/ros2_dam/simulation/lbr-stack/install/lbr_fri_idl/include/lbr_fri_idl/lbr_fri_idl/msg/detail/lbr_wrench_command__rosidl_typesupport_fastrtps_c.h
[2.551s] -- Up-to-date symlink: /home/pablo/Desktop/ros2_dam/simulation/lbr-stack/install/lbr_fri_idl/include/lbr_fri_idl/lbr_fri_idl/msg/rosidl_typesupport_fastrtps_c__visibility_control.h
[2.551s] -- Up-to-date symlink: /home/pablo/Desktop/ros2_dam/simulation/lbr-stack/install/lbr_fri_idl/include/lbr_fri_idl/lbr_fri_idl/msg/detail/lbr_command__builder.hpp
[2.551s] -- Up-to-date symlink: /home/pablo/Desktop/ros2_dam/simulation/lbr-stack/install/lbr_fri_idl/include/lbr_fri_idl/lbr_fri_idl/msg/detail/lbr_command__struct.hpp
[2.551s] -- Up-to-date symlink: /home/pablo/Desktop/ros2_dam/simulation/lbr-stack/install/lbr_fri_idl/include/lbr_fri_idl/lbr_fri_idl/msg/detail/lbr_command__traits.hpp
[2.551s] -- Up-to-date symlink: /home/pablo/Desktop/ros2_dam/simulation/lbr-stack/install/lbr_fri_idl/include/lbr_fri_idl/lbr_fri_idl/msg/detail/lbr_command__type_support.hpp
[2.552s] -- Up-to-date symlink: /home/pablo/Desktop/ros2_dam/simulation/lbr-stack/install/lbr_fri_idl/include/lbr_fri_idl/lbr_fri_idl/msg/detail/lbr_joint_position_command__builder.hpp
[2.552s] -- Up-to-date symlink: /home/pablo/Desktop/ros2_dam/simulation/lbr-stack/install/lbr_fri_idl/include/lbr_fri_idl/lbr_fri_idl/msg/detail/lbr_joint_position_command__struct.hpp
[2.552s] -- Up-to-date symlink: /home/pablo/Desktop/ros2_dam/simulation/lbr-stack/install/lbr_fri_idl/include/lbr_fri_idl/lbr_fri_idl/msg/detail/lbr_joint_position_command__traits.hpp
[2.552s] -- Up-to-date symlink: /home/pablo/Desktop/ros2_dam/simulation/lbr-stack/install/lbr_fri_idl/include/lbr_fri_idl/lbr_fri_idl/msg/detail/lbr_joint_position_command__type_support.hpp
[2.553s] -- Up-to-date symlink: /home/pablo/Desktop/ros2_dam/simulation/lbr-stack/install/lbr_fri_idl/include/lbr_fri_idl/lbr_fri_idl/msg/detail/lbr_state__builder.hpp
[2.553s] -- Up-to-date symlink: /home/pablo/Desktop/ros2_dam/simulation/lbr-stack/install/lbr_fri_idl/include/lbr_fri_idl/lbr_fri_idl/msg/detail/lbr_state__struct.hpp
[2.553s] -- Up-to-date symlink: /home/pablo/Desktop/ros2_dam/simulation/lbr-stack/install/lbr_fri_idl/include/lbr_fri_idl/lbr_fri_idl/msg/detail/lbr_state__traits.hpp
[2.553s] -- Up-to-date symlink: /home/pablo/Desktop/ros2_dam/simulation/lbr-stack/install/lbr_fri_idl/include/lbr_fri_idl/lbr_fri_idl/msg/detail/lbr_state__type_support.hpp
[2.553s] -- Up-to-date symlink: /home/pablo/Desktop/ros2_dam/simulation/lbr-stack/install/lbr_fri_idl/include/lbr_fri_idl/lbr_fri_idl/msg/detail/lbr_torque_command__builder.hpp
[2.554s] -- Up-to-date symlink: /home/pablo/Desktop/ros2_dam/simulation/lbr-stack/install/lbr_fri_idl/include/lbr_fri_idl/lbr_fri_idl/msg/detail/lbr_torque_command__struct.hpp
[2.554s] -- Up-to-date symlink: /home/pablo/Desktop/ros2_dam/simulation/lbr-stack/install/lbr_fri_idl/include/lbr_fri_idl/lbr_fri_idl/msg/detail/lbr_torque_command__traits.hpp
[2.554s] -- Up-to-date symlink: /home/pablo/Desktop/ros2_dam/simulation/lbr-stack/install/lbr_fri_idl/include/lbr_fri_idl/lbr_fri_idl/msg/detail/lbr_torque_command__type_support.hpp
[2.554s] -- Up-to-date symlink: /home/pablo/Desktop/ros2_dam/simulation/lbr-stack/install/lbr_fri_idl/include/lbr_fri_idl/lbr_fri_idl/msg/detail/lbr_wrench_command__builder.hpp
[2.554s] -- Up-to-date symlink: /home/pablo/Desktop/ros2_dam/simulation/lbr-stack/install/lbr_fri_idl/include/lbr_fri_idl/lbr_fri_idl/msg/detail/lbr_wrench_command__struct.hpp
[2.555s] -- Up-to-date symlink: /home/pablo/Desktop/ros2_dam/simulation/lbr-stack/install/lbr_fri_idl/include/lbr_fri_idl/lbr_fri_idl/msg/detail/lbr_wrench_command__traits.hpp
[2.555s] -- Up-to-date symlink: /home/pablo/Desktop/ros2_dam/simulation/lbr-stack/install/lbr_fri_idl/include/lbr_fri_idl/lbr_fri_idl/msg/detail/lbr_wrench_command__type_support.hpp
[2.555s] -- Up-to-date symlink: /home/pablo/Desktop/ros2_dam/simulation/lbr-stack/install/lbr_fri_idl/include/lbr_fri_idl/lbr_fri_idl/msg/lbr_command.hpp
[2.555s] -- Up-to-date symlink: /home/pablo/Desktop/ros2_dam/simulation/lbr-stack/install/lbr_fri_idl/include/lbr_fri_idl/lbr_fri_idl/msg/lbr_joint_position_command.hpp
[2.555s] -- Up-to-date symlink: /home/pablo/Desktop/ros2_dam/simulation/lbr-stack/install/lbr_fri_idl/include/lbr_fri_idl/lbr_fri_idl/msg/lbr_state.hpp
[2.556s] -- Up-to-date symlink: /home/pablo/Desktop/ros2_dam/simulation/lbr-stack/install/lbr_fri_idl/include/lbr_fri_idl/lbr_fri_idl/msg/lbr_torque_command.hpp
[2.556s] -- Up-to-date symlink: /home/pablo/Desktop/ros2_dam/simulation/lbr-stack/install/lbr_fri_idl/include/lbr_fri_idl/lbr_fri_idl/msg/lbr_wrench_command.hpp
[2.556s] -- Up-to-date symlink: /home/pablo/Desktop/ros2_dam/simulation/lbr-stack/install/lbr_fri_idl/include/lbr_fri_idl/lbr_fri_idl/msg/rosidl_generator_cpp__visibility_control.hpp
[2.556s] -- Up-to-date symlink: /home/pablo/Desktop/ros2_dam/simulation/lbr-stack/install/lbr_fri_idl/include/lbr_fri_idl/lbr_fri_idl/msg/detail/lbr_command__rosidl_typesupport_fastrtps_cpp.hpp
[2.557s] -- Up-to-date symlink: /home/pablo/Desktop/ros2_dam/simulation/lbr-stack/install/lbr_fri_idl/include/lbr_fri_idl/lbr_fri_idl/msg/detail/lbr_joint_position_command__rosidl_typesupport_fastrtps_cpp.hpp
[2.557s] -- Up-to-date symlink: /home/pablo/Desktop/ros2_dam/simulation/lbr-stack/install/lbr_fri_idl/include/lbr_fri_idl/lbr_fri_idl/msg/detail/lbr_state__rosidl_typesupport_fastrtps_cpp.hpp
[2.557s] -- Up-to-date symlink: /home/pablo/Desktop/ros2_dam/simulation/lbr-stack/install/lbr_fri_idl/include/lbr_fri_idl/lbr_fri_idl/msg/detail/lbr_torque_command__rosidl_typesupport_fastrtps_cpp.hpp
[2.557s] -- Up-to-date symlink: /home/pablo/Desktop/ros2_dam/simulation/lbr-stack/install/lbr_fri_idl/include/lbr_fri_idl/lbr_fri_idl/msg/detail/lbr_wrench_command__rosidl_typesupport_fastrtps_cpp.hpp
[2.557s] -- Up-to-date symlink: /home/pablo/Desktop/ros2_dam/simulation/lbr-stack/install/lbr_fri_idl/include/lbr_fri_idl/lbr_fri_idl/msg/rosidl_typesupport_fastrtps_cpp__visibility_control.h
[2.558s] -- Up-to-date symlink: /home/pablo/Desktop/ros2_dam/simulation/lbr-stack/install/lbr_fri_idl/include/lbr_fri_idl/lbr_fri_idl/msg/detail/lbr_command__rosidl_typesupport_introspection_c.h
[2.558s] -- Up-to-date symlink: /home/pablo/Desktop/ros2_dam/simulation/lbr-stack/install/lbr_fri_idl/include/lbr_fri_idl/lbr_fri_idl/msg/detail/lbr_joint_position_command__rosidl_typesupport_introspection_c.h
[2.558s] -- Up-to-date symlink: /home/pablo/Desktop/ros2_dam/simulation/lbr-stack/install/lbr_fri_idl/include/lbr_fri_idl/lbr_fri_idl/msg/detail/lbr_state__rosidl_typesupport_introspection_c.h
[2.558s] -- Up-to-date symlink: /home/pablo/Desktop/ros2_dam/simulation/lbr-stack/install/lbr_fri_idl/include/lbr_fri_idl/lbr_fri_idl/msg/detail/lbr_torque_command__rosidl_typesupport_introspection_c.h
[2.558s] -- Up-to-date symlink: /home/pablo/Desktop/ros2_dam/simulation/lbr-stack/install/lbr_fri_idl/include/lbr_fri_idl/lbr_fri_idl/msg/detail/lbr_wrench_command__rosidl_typesupport_introspection_c.h
[2.559s] -- Up-to-date symlink: /home/pablo/Desktop/ros2_dam/simulation/lbr-stack/install/lbr_fri_idl/include/lbr_fri_idl/lbr_fri_idl/msg/rosidl_typesupport_introspection_c__visibility_control.h
[2.559s] -- Up-to-date symlink: /home/pablo/Desktop/ros2_dam/simulation/lbr-stack/install/lbr_fri_idl/include/lbr_fri_idl/lbr_fri_idl/msg/detail/lbr_command__rosidl_typesupport_introspection_cpp.hpp
[2.560s] -- Up-to-date symlink: /home/pablo/Desktop/ros2_dam/simulation/lbr-stack/install/lbr_fri_idl/include/lbr_fri_idl/lbr_fri_idl/msg/detail/lbr_joint_position_command__rosidl_typesupport_introspection_cpp.hpp
[2.560s] -- Up-to-date symlink: /home/pablo/Desktop/ros2_dam/simulation/lbr-stack/install/lbr_fri_idl/include/lbr_fri_idl/lbr_fri_idl/msg/detail/lbr_state__rosidl_typesupport_introspection_cpp.hpp
[2.561s] -- Up-to-date symlink: /home/pablo/Desktop/ros2_dam/simulation/lbr-stack/install/lbr_fri_idl/include/lbr_fri_idl/lbr_fri_idl/msg/detail/lbr_torque_command__rosidl_typesupport_introspection_cpp.hpp
[2.561s] -- Up-to-date symlink: /home/pablo/Desktop/ros2_dam/simulation/lbr-stack/install/lbr_fri_idl/include/lbr_fri_idl/lbr_fri_idl/msg/detail/lbr_wrench_command__rosidl_typesupport_introspection_cpp.hpp
[2.561s] -- Up-to-date symlink: /home/pablo/Desktop/ros2_dam/simulation/lbr-stack/install/lbr_fri_idl/share/lbr_fri_idl/environment/pythonpath.sh
[2.561s] -- Up-to-date symlink: /home/pablo/Desktop/ros2_dam/simulation/lbr-stack/install/lbr_fri_idl/share/lbr_fri_idl/environment/pythonpath.dsv
[2.562s] -- Up-to-date symlink: /home/pablo/Desktop/ros2_dam/simulation/lbr-stack/install/lbr_fri_idl/lib/python3.12/site-packages/lbr_fri_idl-1.5.0-py3.12.egg-info/PKG-INFO
[2.562s] -- Up-to-date symlink: /home/pablo/Desktop/ros2_dam/simulation/lbr-stack/install/lbr_fri_idl/lib/python3.12/site-packages/lbr_fri_idl-1.5.0-py3.12.egg-info/SOURCES.txt
[2.562s] -- Up-to-date symlink: /home/pablo/Desktop/ros2_dam/simulation/lbr-stack/install/lbr_fri_idl/lib/python3.12/site-packages/lbr_fri_idl-1.5.0-py3.12.egg-info/dependency_links.txt
[2.562s] -- Up-to-date symlink: /home/pablo/Desktop/ros2_dam/simulation/lbr-stack/install/lbr_fri_idl/lib/python3.12/site-packages/lbr_fri_idl-1.5.0-py3.12.egg-info/top_level.txt
[2.563s] -- Up-to-date symlink: /home/pablo/Desktop/ros2_dam/simulation/lbr-stack/install/lbr_fri_idl/lib/python3.12/site-packages/lbr_fri_idl/__init__.py
[2.563s] -- Up-to-date symlink: /home/pablo/Desktop/ros2_dam/simulation/lbr-stack/install/lbr_fri_idl/lib/python3.12/site-packages/lbr_fri_idl/_lbr_fri_idl_s.ep.rosidl_typesupport_c.c
[2.564s] -- Up-to-date symlink: /home/pablo/Desktop/ros2_dam/simulation/lbr-stack/install/lbr_fri_idl/lib/python3.12/site-packages/lbr_fri_idl/_lbr_fri_idl_s.ep.rosidl_typesupport_fastrtps_c.c
[2.564s] -- Up-to-date symlink: /home/pablo/Desktop/ros2_dam/simulation/lbr-stack/install/lbr_fri_idl/lib/python3.12/site-packages/lbr_fri_idl/_lbr_fri_idl_s.ep.rosidl_typesupport_introspection_c.c
[2.564s] -- Up-to-date symlink: /home/pablo/Desktop/ros2_dam/simulation/lbr-stack/install/lbr_fri_idl/lib/python3.12/site-packages/lbr_fri_idl/lbr_fri_idl_s__rosidl_typesupport_c.so
[2.564s] -- Up-to-date symlink: /home/pablo/Desktop/ros2_dam/simulation/lbr-stack/install/lbr_fri_idl/lib/python3.12/site-packages/lbr_fri_idl/lbr_fri_idl_s__rosidl_typesupport_fastrtps_c.so
[2.565s] -- Up-to-date symlink: /home/pablo/Desktop/ros2_dam/simulation/lbr-stack/install/lbr_fri_idl/lib/python3.12/site-packages/lbr_fri_idl/lbr_fri_idl_s__rosidl_typesupport_introspection_c.so
[2.565s] -- Up-to-date symlink: /home/pablo/Desktop/ros2_dam/simulation/lbr-stack/install/lbr_fri_idl/lib/python3.12/site-packages/lbr_fri_idl/msg/__init__.py
[2.565s] -- Up-to-date symlink: /home/pablo/Desktop/ros2_dam/simulation/lbr-stack/install/lbr_fri_idl/lib/python3.12/site-packages/lbr_fri_idl/msg/_lbr_command.py
[2.565s] -- Up-to-date symlink: /home/pablo/Desktop/ros2_dam/simulation/lbr-stack/install/lbr_fri_idl/lib/python3.12/site-packages/lbr_fri_idl/msg/_lbr_command_s.c
[2.565s] -- Up-to-date symlink: /home/pablo/Desktop/ros2_dam/simulation/lbr-stack/install/lbr_fri_idl/lib/python3.12/site-packages/lbr_fri_idl/msg/_lbr_joint_position_command.py
[2.566s] -- Up-to-date symlink: /home/pablo/Desktop/ros2_dam/simulation/lbr-stack/install/lbr_fri_idl/lib/python3.12/site-packages/lbr_fri_idl/msg/_lbr_joint_position_command_s.c
[2.566s] -- Up-to-date symlink: /home/pablo/Desktop/ros2_dam/simulation/lbr-stack/install/lbr_fri_idl/lib/python3.12/site-packages/lbr_fri_idl/msg/_lbr_state.py
[2.566s] -- Up-to-date symlink: /home/pablo/Desktop/ros2_dam/simulation/lbr-stack/install/lbr_fri_idl/lib/python3.12/site-packages/lbr_fri_idl/msg/_lbr_state_s.c
[2.566s] -- Up-to-date symlink: /home/pablo/Desktop/ros2_dam/simulation/lbr-stack/install/lbr_fri_idl/lib/python3.12/site-packages/lbr_fri_idl/msg/_lbr_torque_command.py
[2.567s] -- Up-to-date symlink: /home/pablo/Desktop/ros2_dam/simulation/lbr-stack/install/lbr_fri_idl/lib/python3.12/site-packages/lbr_fri_idl/msg/_lbr_torque_command_s.c
[2.567s] -- Up-to-date symlink: /home/pablo/Desktop/ros2_dam/simulation/lbr-stack/install/lbr_fri_idl/lib/python3.12/site-packages/lbr_fri_idl/msg/_lbr_wrench_command.py
[2.567s] -- Up-to-date symlink: /home/pablo/Desktop/ros2_dam/simulation/lbr-stack/install/lbr_fri_idl/lib/python3.12/site-packages/lbr_fri_idl/msg/_lbr_wrench_command_s.c
[2.567s] -- Up-to-date symlink: /home/pablo/Desktop/ros2_dam/simulation/lbr-stack/install/lbr_fri_idl/lib/python3.12/site-packages/lbr_fri_idl/lbr_fri_idl_s__rosidl_typesupport_fastrtps_c.so
[2.567s] -- Up-to-date symlink: /home/pablo/Desktop/ros2_dam/simulation/lbr-stack/install/lbr_fri_idl/lib/python3.12/site-packages/lbr_fri_idl/lbr_fri_idl_s__rosidl_typesupport_introspection_c.so
[2.568s] -- Up-to-date symlink: /home/pablo/Desktop/ros2_dam/simulation/lbr-stack/install/lbr_fri_idl/lib/python3.12/site-packages/lbr_fri_idl/lbr_fri_idl_s__rosidl_typesupport_c.so
[2.568s] -- Up-to-date symlink: /home/pablo/Desktop/ros2_dam/simulation/lbr-stack/install/lbr_fri_idl/share/lbr_fri_idl/msg/LBRCommand.idl
[2.568s] -- Up-to-date symlink: /home/pablo/Desktop/ros2_dam/simulation/lbr-stack/install/lbr_fri_idl/share/lbr_fri_idl/msg/LBRJointPositionCommand.idl
[2.568s] -- Up-to-date symlink: /home/pablo/Desktop/ros2_dam/simulation/lbr-stack/install/lbr_fri_idl/share/lbr_fri_idl/msg/LBRState.idl
[2.569s] -- Up-to-date symlink: /home/pablo/Desktop/ros2_dam/simulation/lbr-stack/install/lbr_fri_idl/share/lbr_fri_idl/msg/LBRTorqueCommand.idl
[2.569s] -- Up-to-date symlink: /home/pablo/Desktop/ros2_dam/simulation/lbr-stack/install/lbr_fri_idl/share/lbr_fri_idl/msg/LBRWrenchCommand.idl
[2.569s] -- Up-to-date symlink: /home/pablo/Desktop/ros2_dam/simulation/lbr-stack/install/lbr_fri_idl/share/lbr_fri_idl/msg/LBRCommand.msg
[2.569s] -- Up-to-date symlink: /home/pablo/Desktop/ros2_dam/simulation/lbr-stack/install/lbr_fri_idl/share/lbr_fri_idl/msg/LBRJointPositionCommand.msg
[2.569s] -- Up-to-date symlink: /home/pablo/Desktop/ros2_dam/simulation/lbr-stack/install/lbr_fri_idl/share/lbr_fri_idl/msg/LBRState.msg
[2.570s] -- Up-to-date symlink: /home/pablo/Desktop/ros2_dam/simulation/lbr-stack/install/lbr_fri_idl/share/lbr_fri_idl/msg/LBRTorqueCommand.msg
[2.570s] -- Up-to-date symlink: /home/pablo/Desktop/ros2_dam/simulation/lbr-stack/install/lbr_fri_idl/share/lbr_fri_idl/msg/LBRWrenchCommand.msg
[2.570s] -- Up-to-date symlink: /home/pablo/Desktop/ros2_dam/simulation/lbr-stack/install/lbr_fri_idl/share/ament_index/resource_index/package_run_dependencies/lbr_fri_idl
[2.570s] -- Up-to-date symlink: /home/pablo/Desktop/ros2_dam/simulation/lbr-stack/install/lbr_fri_idl/share/ament_index/resource_index/parent_prefix_path/lbr_fri_idl
[2.570s] -- Up-to-date symlink: /home/pablo/Desktop/ros2_dam/simulation/lbr-stack/install/lbr_fri_idl/share/lbr_fri_idl/environment/ament_prefix_path.sh
[2.571s] -- Up-to-date symlink: /home/pablo/Desktop/ros2_dam/simulation/lbr-stack/install/lbr_fri_idl/share/lbr_fri_idl/environment/ament_prefix_path.dsv
[2.571s] -- Up-to-date symlink: /home/pablo/Desktop/ros2_dam/simulation/lbr-stack/install/lbr_fri_idl/share/lbr_fri_idl/environment/path.sh
[2.571s] -- Up-to-date symlink: /home/pablo/Desktop/ros2_dam/simulation/lbr-stack/install/lbr_fri_idl/share/lbr_fri_idl/environment/path.dsv
[2.571s] -- Up-to-date symlink: /home/pablo/Desktop/ros2_dam/simulation/lbr-stack/install/lbr_fri_idl/share/lbr_fri_idl/local_setup.bash
[2.572s] -- Up-to-date symlink: /home/pablo/Desktop/ros2_dam/simulation/lbr-stack/install/lbr_fri_idl/share/lbr_fri_idl/local_setup.sh
[2.572s] -- Up-to-date symlink: /home/pablo/Desktop/ros2_dam/simulation/lbr-stack/install/lbr_fri_idl/share/lbr_fri_idl/local_setup.zsh
[2.572s] -- Up-to-date symlink: /home/pablo/Desktop/ros2_dam/simulation/lbr-stack/install/lbr_fri_idl/share/lbr_fri_idl/local_setup.dsv
[2.572s] -- Symlinking: /home/pablo/Desktop/ros2_dam/simulation/lbr-stack/install/lbr_fri_idl/share/lbr_fri_idl/package.dsv
[2.586s] -- Up-to-date symlink: /home/pablo/Desktop/ros2_dam/simulation/lbr-stack/install/lbr_fri_idl/share/ament_index/resource_index/packages/lbr_fri_idl
[2.586s] -- Up-to-date symlink: /home/pablo/Desktop/ros2_dam/simulation/lbr-stack/install/lbr_fri_idl/share/lbr_fri_idl/cmake/rosidl_cmake-extras.cmake
[2.586s] -- Up-to-date symlink: /home/pablo/Desktop/ros2_dam/simulation/lbr-stack/install/lbr_fri_idl/share/lbr_fri_idl/cmake/ament_cmake_export_dependencies-extras.cmake
[2.587s] -- Up-to-date symlink: /home/pablo/Desktop/ros2_dam/simulation/lbr-stack/install/lbr_fri_idl/share/lbr_fri_idl/cmake/ament_cmake_export_include_directories-extras.cmake
[2.587s] -- Up-to-date symlink: /home/pablo/Desktop/ros2_dam/simulation/lbr-stack/install/lbr_fri_idl/share/lbr_fri_idl/cmake/ament_cmake_export_libraries-extras.cmake
[2.587s] -- Up-to-date symlink: /home/pablo/Desktop/ros2_dam/simulation/lbr-stack/install/lbr_fri_idl/share/lbr_fri_idl/cmake/ament_cmake_export_targets-extras.cmake
[2.587s] -- Up-to-date symlink: /home/pablo/Desktop/ros2_dam/simulation/lbr-stack/install/lbr_fri_idl/share/lbr_fri_idl/cmake/rosidl_cmake_export_typesupport_targets-extras.cmake
[2.587s] -- Up-to-date symlink: /home/pablo/Desktop/ros2_dam/simulation/lbr-stack/install/lbr_fri_idl/share/lbr_fri_idl/cmake/rosidl_cmake_export_typesupport_libraries-extras.cmake
[2.588s] -- Up-to-date symlink: /home/pablo/Desktop/ros2_dam/simulation/lbr-stack/install/lbr_fri_idl/share/lbr_fri_idl/cmake/lbr_fri_idlConfig.cmake
[2.588s] -- Up-to-date symlink: /home/pablo/Desktop/ros2_dam/simulation/lbr-stack/install/lbr_fri_idl/share/lbr_fri_idl/cmake/lbr_fri_idlConfig-version.cmake
[2.588s] -- Up-to-date symlink: /home/pablo/Desktop/ros2_dam/simulation/lbr-stack/install/lbr_fri_idl/share/lbr_fri_idl/package.xml
[2.589s] -- Up-to-date: /home/pablo/Desktop/ros2_dam/simulation/lbr-stack/install/lbr_fri_idl/lib/liblbr_fri_idl__rosidl_generator_c.so
[2.589s] -- Up-to-date: /home/pablo/Desktop/ros2_dam/simulation/lbr-stack/install/lbr_fri_idl/lib/liblbr_fri_idl__rosidl_typesupport_fastrtps_c.so
[2.590s] -- Up-to-date: /home/pablo/Desktop/ros2_dam/simulation/lbr-stack/install/lbr_fri_idl/lib/liblbr_fri_idl__rosidl_typesupport_fastrtps_cpp.so
[2.591s] -- Up-to-date: /home/pablo/Desktop/ros2_dam/simulation/lbr-stack/install/lbr_fri_idl/lib/liblbr_fri_idl__rosidl_typesupport_introspection_c.so
[2.592s] -- Up-to-date: /home/pablo/Desktop/ros2_dam/simulation/lbr-stack/install/lbr_fri_idl/lib/liblbr_fri_idl__rosidl_typesupport_c.so
[2.593s] -- Up-to-date: /home/pablo/Desktop/ros2_dam/simulation/lbr-stack/install/lbr_fri_idl/lib/liblbr_fri_idl__rosidl_typesupport_introspection_cpp.so
[2.594s] -- Up-to-date: /home/pablo/Desktop/ros2_dam/simulation/lbr-stack/install/lbr_fri_idl/lib/liblbr_fri_idl__rosidl_typesupport_cpp.so
[2.654s] Listing '/home/pablo/Desktop/ros2_dam/simulation/lbr-stack/install/lbr_fri_idl/lib/python3.12/site-packages/lbr_fri_idl'...
[2.654s] Compiling '/home/pablo/Desktop/ros2_dam/simulation/lbr-stack/install/lbr_fri_idl/lib/python3.12/site-packages/lbr_fri_idl/__init__.py'...
[2.654s] Listing '/home/pablo/Desktop/ros2_dam/simulation/lbr-stack/install/lbr_fri_idl/lib/python3.12/site-packages/lbr_fri_idl/msg'...
[2.663s] -- Up-to-date: /home/pablo/Desktop/ros2_dam/simulation/lbr-stack/install/lbr_fri_idl/lib/liblbr_fri_idl__rosidl_generator_py.so
[2.663s] -- Up-to-date: /home/pablo/Desktop/ros2_dam/simulation/lbr-stack/install/lbr_fri_idl/share/lbr_fri_idl/cmake/export_lbr_fri_idl__rosidl_generator_cExport.cmake
[2.664s] -- Up-to-date: /home/pablo/Desktop/ros2_dam/simulation/lbr-stack/install/lbr_fri_idl/share/lbr_fri_idl/cmake/export_lbr_fri_idl__rosidl_generator_cExport-release.cmake
[2.664s] -- Up-to-date: /home/pablo/Desktop/ros2_dam/simulation/lbr-stack/install/lbr_fri_idl/share/lbr_fri_idl/cmake/export_lbr_fri_idl__rosidl_typesupport_fastrtps_cExport.cmake
[2.664s] -- Up-to-date: /home/pablo/Desktop/ros2_dam/simulation/lbr-stack/install/lbr_fri_idl/share/lbr_fri_idl/cmake/export_lbr_fri_idl__rosidl_typesupport_fastrtps_cExport-release.cmake
[2.664s] -- Up-to-date: /home/pablo/Desktop/ros2_dam/simulation/lbr-stack/install/lbr_fri_idl/share/lbr_fri_idl/cmake/export_lbr_fri_idl__rosidl_generator_cppExport.cmake
[2.665s] -- Up-to-date: /home/pablo/Desktop/ros2_dam/simulation/lbr-stack/install/lbr_fri_idl/share/lbr_fri_idl/cmake/export_lbr_fri_idl__rosidl_typesupport_fastrtps_cppExport.cmake
[2.665s] -- Up-to-date: /home/pablo/Desktop/ros2_dam/simulation/lbr-stack/install/lbr_fri_idl/share/lbr_fri_idl/cmake/export_lbr_fri_idl__rosidl_typesupport_fastrtps_cppExport-release.cmake
[2.665s] -- Up-to-date: /home/pablo/Desktop/ros2_dam/simulation/lbr-stack/install/lbr_fri_idl/share/lbr_fri_idl/cmake/lbr_fri_idl__rosidl_typesupport_introspection_cExport.cmake
[2.665s] -- Up-to-date: /home/pablo/Desktop/ros2_dam/simulation/lbr-stack/install/lbr_fri_idl/share/lbr_fri_idl/cmake/lbr_fri_idl__rosidl_typesupport_introspection_cExport-release.cmake
[2.666s] -- Up-to-date: /home/pablo/Desktop/ros2_dam/simulation/lbr-stack/install/lbr_fri_idl/share/lbr_fri_idl/cmake/lbr_fri_idl__rosidl_typesupport_cExport.cmake
[2.666s] -- Up-to-date: /home/pablo/Desktop/ros2_dam/simulation/lbr-stack/install/lbr_fri_idl/share/lbr_fri_idl/cmake/lbr_fri_idl__rosidl_typesupport_cExport-release.cmake
[2.666s] -- Up-to-date: /home/pablo/Desktop/ros2_dam/simulation/lbr-stack/install/lbr_fri_idl/share/lbr_fri_idl/cmake/lbr_fri_idl__rosidl_typesupport_introspection_cppExport.cmake
[2.666s] -- Up-to-date: /home/pablo/Desktop/ros2_dam/simulation/lbr-stack/install/lbr_fri_idl/share/lbr_fri_idl/cmake/lbr_fri_idl__rosidl_typesupport_introspection_cppExport-release.cmake
[2.667s] -- Up-to-date: /home/pablo/Desktop/ros2_dam/simulation/lbr-stack/install/lbr_fri_idl/share/lbr_fri_idl/cmake/lbr_fri_idl__rosidl_typesupport_cppExport.cmake
[2.667s] -- Up-to-date: /home/pablo/Desktop/ros2_dam/simulation/lbr-stack/install/lbr_fri_idl/share/lbr_fri_idl/cmake/lbr_fri_idl__rosidl_typesupport_cppExport-release.cmake
[2.667s] -- Up-to-date: /home/pablo/Desktop/ros2_dam/simulation/lbr-stack/install/lbr_fri_idl/share/lbr_fri_idl/cmake/export_lbr_fri_idl__rosidl_generator_pyExport.cmake
[2.667s] -- Up-to-date: /home/pablo/Desktop/ros2_dam/simulation/lbr-stack/install/lbr_fri_idl/share/lbr_fri_idl/cmake/export_lbr_fri_idl__rosidl_generator_pyExport-release.cmake
[2.669s] Invoked command in '/home/pablo/Desktop/ros2_dam/simulation/lbr-stack/build/lbr_fri_idl' returned '0': CMAKE_PREFIX_PATH=/home/pablo/Desktop/ros2_dam/simulation/lbr-stack/install/fri_client_sdk:/home/pablo/Desktop/ros2_dam/simulation/lbr-stack/install/med7_moveit_config:/home/pablo/Desktop/ros2_dam/simulation/lbr-stack/install/med14_moveit_config:/home/pablo/Desktop/ros2_dam/simulation/lbr-stack/install/lbr_fri_ros2_stack:/home/pablo/Desktop/ros2_dam/simulation/lbr-stack/install/lbr_demos_cpp:/home/pablo/Desktop/ros2_dam/simulation/lbr-stack/install/lbr_bringup:/home/pablo/Desktop/ros2_dam/simulation/lbr-stack/install/lbr_ros2_control:/home/pablo/Desktop/ros2_dam/simulation/lbr-stack/install/lbr_moveit_cpp:/home/pablo/Desktop/ros2_dam/simulation/lbr-stack/install/lbr_demos_advanced_cpp:/home/pablo/Desktop/ros2_dam/simulation/lbr-stack/install/lbr_fri_ros2:/home/pablo/Desktop/ros2_dam/simulation/lbr-stack/install/lbr_fri_idl:/home/pablo/Desktop/ros2_dam/simulation/lbr-stack/install/iiwa7_moveit_config:/home/pablo/Desktop/ros2_dam/simulation/lbr-stack/install/iiwa14_moveit_config:/home/pablo/Desktop/ros2_dam/simulation/lbr-stack/install/lbr_description:/opt/ros/jazzy/opt/gz_sim_vendor:/opt/ros/jazzy/opt/gz_sensors_vendor:/opt/ros/jazzy/opt/gz_physics_vendor:/opt/ros/jazzy/opt/sdformat_vendor:/opt/ros/jazzy/opt/gz_gui_vendor:/opt/ros/jazzy/opt/gz_transport_vendor:/opt/ros/jazzy/opt/gz_rendering_vendor:/opt/ros/jazzy/opt/gz_plugin_vendor:/opt/ros/jazzy/opt/gz_fuel_tools_vendor:/opt/ros/jazzy/opt/gz_msgs_vendor:/opt/ros/jazzy/opt/gz_common_vendor:/opt/ros/jazzy/opt/gz_math_vendor:/opt/ros/jazzy/opt/gz_utils_vendor:/opt/ros/jazzy/opt/gz_tools_vendor:/opt/ros/jazzy/opt/gz_ogre_next_vendor:/opt/ros/jazzy/opt/gz_dartsim_vendor:/opt/ros/jazzy/opt/gz_cmake_vendor:/home/pablo/Desktop/ros2_dam/ros2_ws/install/baile_sencillo:/home/pablo/Desktop/ros2_dam/simulation/lbr-stack/install/lbr_demos_py:/home/pablo/Desktop/ros2_dam/simulation/lbr-stack/install/lbr_moveit:/home/pablo/Desktop/ros2_dam/simulation/lbr-stack/install/lbr_demos_advanced_py:/opt/ros/jazzy DEBUGINFOD_URLS=https://debuginfod.ubuntu.com LD_LIBRARY_PATH=/home/pablo/Desktop/ros2_dam/simulation/lbr-stack/install/fri_client_sdk/lib:/home/pablo/Desktop/ros2_dam/simulation/lbr-stack/install/lbr_ros2_control/lib:/home/pablo/Desktop/ros2_dam/simulation/lbr-stack/install/lbr_demos_advanced_cpp/lib:/home/pablo/Desktop/ros2_dam/simulation/lbr-stack/install/lbr_fri_ros2/lib:/home/pablo/Desktop/ros2_dam/simulation/lbr-stack/install/lbr_fri_idl/lib:/opt/ros/jazzy/opt/gz_sim_vendor/lib:/opt/ros/jazzy/opt/gz_sensors_vendor/lib:/opt/ros/jazzy/opt/gz_physics_vendor/lib:/opt/ros/jazzy/opt/sdformat_vendor/lib:/opt/ros/jazzy/opt/rviz_ogre_vendor/lib:/opt/ros/jazzy/lib/x86_64-linux-gnu:/opt/ros/jazzy/opt/gz_gui_vendor/lib:/opt/ros/jazzy/opt/gz_transport_vendor/lib:/opt/ros/jazzy/opt/gz_rendering_vendor/lib:/opt/ros/jazzy/opt/gz_plugin_vendor/lib:/opt/ros/jazzy/opt/gz_fuel_tools_vendor/lib:/opt/ros/jazzy/opt/gz_msgs_vendor/lib:/opt/ros/jazzy/opt/gz_common_vendor/lib:/opt/ros/jazzy/opt/gz_math_vendor/lib:/opt/ros/jazzy/opt/gz_utils_vendor/lib:/opt/ros/jazzy/opt/gz_tools_vendor/lib:/opt/ros/jazzy/opt/gz_ogre_next_vendor/lib:/opt/ros/jazzy/opt/gz_dartsim_vendor/lib:/opt/ros/jazzy/opt/gz_cmake_vendor/lib:/opt/ros/jazzy/lib /usr/bin/cmake --install /home/pablo/Desktop/ros2_dam/simulation/lbr-stack/build/lbr_fri_idl
