[0.142s] DEBUG:colcon:Command line arguments: ['/usr/bin/colcon', 'build', '--packages-select', 'press_moveit_ft45_pkg']
[0.142s] DEBUG:colcon:Parsed command line arguments: Namespace(log_base=None, log_level=None, verb_name='build', build_base='build', install_base='install', merge_install=False, symlink_install=False, test_result_base=None, continue_on_error=False, executor='parallel', parallel_workers=12, event_handlers=None, ignore_user_meta=False, metas=['./colcon.meta'], base_paths=['.'], packages_ignore=None, packages_ignore_regex=None, paths=None, packages_up_to=None, packages_up_to_regex=None, packages_above=None, packages_above_and_dependencies=None, packages_above_depth=None, packages_select_by_dep=None, packages_skip_by_dep=None, packages_skip_up_to=None, packages_select_build_failed=False, packages_skip_build_finished=False, packages_select_test_failures=False, packages_skip_test_passed=False, packages_select=['press_moveit_ft45_pkg'], packages_skip=None, packages_select_regex=None, packages_skip_regex=None, packages_start=None, packages_end=None, allow_overriding=[], cmake_args=None, cmake_target=None, cmake_target_skip_unavailable=False, cmake_clean_cache=False, cmake_clean_first=False, cmake_force_configure=False, ament_cmake_args=None, catkin_cmake_args=None, catkin_skip_building_tests=False, mixin_files=None, mixin=None, verb_parser=<colcon_mixin.mixin.mixin_argument.MixinArgumentDecorator object at 0x78734c167230>, verb_extension=<colcon_core.verb.build.BuildVerb object at 0x78734c166f90>, main=<bound method BuildVerb.main of <colcon_core.verb.build.BuildVerb object at 0x78734c166f90>>, mixin_verb=('build',))
[0.187s] Level 1:colcon.colcon_core.package_discovery:discover_packages(colcon_meta) check parameters
[0.187s] Level 1:colcon.colcon_core.package_discovery:discover_packages(recursive) check parameters
[0.187s] Level 1:colcon.colcon_core.package_discovery:discover_packages(ignore) check parameters
[0.187s] Level 1:colcon.colcon_core.package_discovery:discover_packages(path) check parameters
[0.187s] Level 1:colcon.colcon_core.package_discovery:discover_packages(colcon_meta) discover
[0.187s] Level 1:colcon.colcon_core.package_discovery:discover_packages(recursive) discover
[0.187s] INFO:colcon.colcon_core.package_discovery:Crawling recursively for packages in '/home/pablo/Desktop/ros2_dam/ros2_ws'
[0.187s] Level 1:colcon.colcon_core.package_identification:_identify(.) by extensions ['ignore', 'ignore_ament_install']
[0.187s] Level 1:colcon.colcon_core.package_identification:_identify(.) by extension 'ignore'
[0.187s] Level 1:colcon.colcon_core.package_identification:_identify(.) by extension 'ignore_ament_install'
[0.188s] Level 1:colcon.colcon_core.package_identification:_identify(.) by extensions ['colcon_pkg']
[0.188s] Level 1:colcon.colcon_core.package_identification:_identify(.) by extension 'colcon_pkg'
[0.188s] Level 1:colcon.colcon_core.package_identification:_identify(.) by extensions ['colcon_meta']
[0.188s] Level 1:colcon.colcon_core.package_identification:_identify(.) by extension 'colcon_meta'
[0.188s] Level 1:colcon.colcon_core.package_identification:_identify(.) by extensions ['ros']
[0.188s] Level 1:colcon.colcon_core.package_identification:_identify(.) by extension 'ros'
[0.217s] Level 1:colcon.colcon_core.package_identification:_identify(.) by extensions ['cmake', 'python']
[0.217s] Level 1:colcon.colcon_core.package_identification:_identify(.) by extension 'cmake'
[0.217s] Level 1:colcon.colcon_core.package_identification:_identify(.) by extension 'python'
[0.218s] Level 1:colcon.colcon_core.package_identification:_identify(.) by extensions ['python_setup_py']
[0.218s] Level 1:colcon.colcon_core.package_identification:_identify(.) by extension 'python_setup_py'
[0.218s] Level 1:colcon.colcon_core.package_identification:_identify(build) by extensions ['ignore', 'ignore_ament_install']
[0.218s] Level 1:colcon.colcon_core.package_identification:_identify(build) by extension 'ignore'
[0.218s] Level 1:colcon.colcon_core.package_identification:_identify(build) ignored
[0.218s] Level 1:colcon.colcon_core.package_identification:_identify(install) by extensions ['ignore', 'ignore_ament_install']
[0.218s] Level 1:colcon.colcon_core.package_identification:_identify(install) by extension 'ignore'
[0.218s] Level 1:colcon.colcon_core.package_identification:_identify(install) ignored
[0.218s] Level 1:colcon.colcon_core.package_identification:_identify(log) by extensions ['ignore', 'ignore_ament_install']
[0.219s] Level 1:colcon.colcon_core.package_identification:_identify(log) by extension 'ignore'
[0.219s] Level 1:colcon.colcon_core.package_identification:_identify(log) ignored
[0.219s] Level 1:colcon.colcon_core.package_identification:_identify(src) by extensions ['ignore', 'ignore_ament_install']
[0.219s] Level 1:colcon.colcon_core.package_identification:_identify(src) by extension 'ignore'
[0.219s] Level 1:colcon.colcon_core.package_identification:_identify(src) by extension 'ignore_ament_install'
[0.219s] Level 1:colcon.colcon_core.package_identification:_identify(src) by extensions ['colcon_pkg']
[0.219s] Level 1:colcon.colcon_core.package_identification:_identify(src) by extension 'colcon_pkg'
[0.219s] Level 1:colcon.colcon_core.package_identification:_identify(src) by extensions ['colcon_meta']
[0.219s] Level 1:colcon.colcon_core.package_identification:_identify(src) by extension 'colcon_meta'
[0.219s] Level 1:colcon.colcon_core.package_identification:_identify(src) by extensions ['ros']
[0.219s] Level 1:colcon.colcon_core.package_identification:_identify(src) by extension 'ros'
[0.219s] Level 1:colcon.colcon_core.package_identification:_identify(src) by extensions ['cmake', 'python']
[0.219s] Level 1:colcon.colcon_core.package_identification:_identify(src) by extension 'cmake'
[0.219s] Level 1:colcon.colcon_core.package_identification:_identify(src) by extension 'python'
[0.219s] Level 1:colcon.colcon_core.package_identification:_identify(src) by extensions ['python_setup_py']
[0.220s] Level 1:colcon.colcon_core.package_identification:_identify(src) by extension 'python_setup_py'
[0.220s] Level 1:colcon.colcon_core.package_identification:_identify(src/baile_sencillo) by extensions ['ignore', 'ignore_ament_install']
[0.220s] Level 1:colcon.colcon_core.package_identification:_identify(src/baile_sencillo) by extension 'ignore'
[0.220s] Level 1:colcon.colcon_core.package_identification:_identify(src/baile_sencillo) by extension 'ignore_ament_install'
[0.220s] Level 1:colcon.colcon_core.package_identification:_identify(src/baile_sencillo) by extensions ['colcon_pkg']
[0.220s] Level 1:colcon.colcon_core.package_identification:_identify(src/baile_sencillo) by extension 'colcon_pkg'
[0.220s] Level 1:colcon.colcon_core.package_identification:_identify(src/baile_sencillo) by extensions ['colcon_meta']
[0.220s] Level 1:colcon.colcon_core.package_identification:_identify(src/baile_sencillo) by extension 'colcon_meta'
[0.220s] Level 1:colcon.colcon_core.package_identification:_identify(src/baile_sencillo) by extensions ['ros']
[0.220s] Level 1:colcon.colcon_core.package_identification:_identify(src/baile_sencillo) by extension 'ros'
[0.223s] DEBUG:colcon.colcon_core.package_identification:Package 'src/baile_sencillo' with type 'ros.ament_python' and name 'baile_sencillo'
[0.223s] Level 1:colcon.colcon_core.package_identification:_identify(src/press_moveit_ft45_pkg) by extensions ['ignore', 'ignore_ament_install']
[0.223s] Level 1:colcon.colcon_core.package_identification:_identify(src/press_moveit_ft45_pkg) by extension 'ignore'
[0.223s] Level 1:colcon.colcon_core.package_identification:_identify(src/press_moveit_ft45_pkg) by extension 'ignore_ament_install'
[0.223s] Level 1:colcon.colcon_core.package_identification:_identify(src/press_moveit_ft45_pkg) by extensions ['colcon_pkg']
[0.223s] Level 1:colcon.colcon_core.package_identification:_identify(src/press_moveit_ft45_pkg) by extension 'colcon_pkg'
[0.223s] Level 1:colcon.colcon_core.package_identification:_identify(src/press_moveit_ft45_pkg) by extensions ['colcon_meta']
[0.223s] Level 1:colcon.colcon_core.package_identification:_identify(src/press_moveit_ft45_pkg) by extension 'colcon_meta'
[0.223s] Level 1:colcon.colcon_core.package_identification:_identify(src/press_moveit_ft45_pkg) by extensions ['ros']
[0.223s] Level 1:colcon.colcon_core.package_identification:_identify(src/press_moveit_ft45_pkg) by extension 'ros'
[0.224s] DEBUG:colcon.colcon_core.package_identification:Package 'src/press_moveit_ft45_pkg' with type 'ros.ament_python' and name 'press_moveit_ft45_pkg'
[0.224s] Level 1:colcon.colcon_core.package_discovery:discover_packages(recursive) using defaults
[0.224s] Level 1:colcon.colcon_core.package_discovery:discover_packages(ignore) discover
[0.224s] Level 1:colcon.colcon_core.package_discovery:discover_packages(ignore) using defaults
[0.224s] Level 1:colcon.colcon_core.package_discovery:discover_packages(path) discover
[0.224s] Level 1:colcon.colcon_core.package_discovery:discover_packages(path) using defaults
[0.245s] INFO:colcon.colcon_core.package_selection:Skipping not selected package 'baile_sencillo' in 'src/baile_sencillo'
[0.245s] Level 1:colcon.colcon_core.package_discovery:discover_packages(prefix_path) check parameters
[0.245s] Level 1:colcon.colcon_core.package_discovery:discover_packages(prefix_path) discover
[0.248s] DEBUG:colcon.colcon_installed_package_information.package_discovery:Found 2 installed packages in /home/pablo/Desktop/ros2_dam/ros2_ws/install
[0.249s] DEBUG:colcon.colcon_installed_package_information.package_discovery:Found 17 installed packages in /home/pablo/Desktop/ros2_dam/simulation/lbr-stack/install
[0.251s] DEBUG:colcon.colcon_installed_package_information.package_discovery:Found 403 installed packages in /opt/ros/jazzy
[0.253s] Level 1:colcon.colcon_core.package_discovery:discover_packages(prefix_path) using defaults
[0.327s] Level 5:colcon.colcon_core.verb:set package 'press_moveit_ft45_pkg' build argument 'cmake_args' from command line to 'None'
[0.327s] Level 5:colcon.colcon_core.verb:set package 'press_moveit_ft45_pkg' build argument 'cmake_target' from command line to 'None'
[0.327s] Level 5:colcon.colcon_core.verb:set package 'press_moveit_ft45_pkg' build argument 'cmake_target_skip_unavailable' from command line to 'False'
[0.327s] Level 5:colcon.colcon_core.verb:set package 'press_moveit_ft45_pkg' build argument 'cmake_clean_cache' from command line to 'False'
[0.327s] Level 5:colcon.colcon_core.verb:set package 'press_moveit_ft45_pkg' build argument 'cmake_clean_first' from command line to 'False'
[0.327s] Level 5:colcon.colcon_core.verb:set package 'press_moveit_ft45_pkg' build argument 'cmake_force_configure' from command line to 'False'
[0.327s] Level 5:colcon.colcon_core.verb:set package 'press_moveit_ft45_pkg' build argument 'ament_cmake_args' from command line to 'None'
[0.327s] Level 5:colcon.colcon_core.verb:set package 'press_moveit_ft45_pkg' build argument 'catkin_cmake_args' from command line to 'None'
[0.327s] Level 5:colcon.colcon_core.verb:set package 'press_moveit_ft45_pkg' build argument 'catkin_skip_building_tests' from command line to 'False'
[0.327s] DEBUG:colcon.colcon_core.verb:Building package 'press_moveit_ft45_pkg' with the following arguments: {'ament_cmake_args': None, 'build_base': '/home/pablo/Desktop/ros2_dam/ros2_ws/build/press_moveit_ft45_pkg', 'catkin_cmake_args': None, 'catkin_skip_building_tests': False, 'cmake_args': None, 'cmake_clean_cache': False, 'cmake_clean_first': False, 'cmake_force_configure': False, 'cmake_target': None, 'cmake_target_skip_unavailable': False, 'install_base': '/home/pablo/Desktop/ros2_dam/ros2_ws/install/press_moveit_ft45_pkg', 'merge_install': False, 'path': '/home/pablo/Desktop/ros2_dam/ros2_ws/src/press_moveit_ft45_pkg', 'symlink_install': False, 'test_result_base': None}
[0.327s] INFO:colcon.colcon_core.executor:Executing jobs using 'parallel' executor
[0.328s] DEBUG:colcon.colcon_parallel_executor.executor.parallel:run_until_complete
[0.329s] INFO:colcon.colcon_ros.task.ament_python.build:Building ROS package in '/home/pablo/Desktop/ros2_dam/ros2_ws/src/press_moveit_ft45_pkg' with build type 'ament_python'
[0.329s] Level 1:colcon.colcon_core.shell:create_environment_hook('press_moveit_ft45_pkg', 'ament_prefix_path')
[0.331s] INFO:colcon.colcon_core.plugin_system:Skipping extension 'colcon_core.shell.bat': Not used on non-Windows systems
[0.332s] INFO:colcon.colcon_core.shell:Creating environment hook '/home/pablo/Desktop/ros2_dam/ros2_ws/install/press_moveit_ft45_pkg/share/press_moveit_ft45_pkg/hook/ament_prefix_path.ps1'
[0.332s] INFO:colcon.colcon_core.shell:Creating environment descriptor '/home/pablo/Desktop/ros2_dam/ros2_ws/install/press_moveit_ft45_pkg/share/press_moveit_ft45_pkg/hook/ament_prefix_path.dsv'
[0.333s] INFO:colcon.colcon_core.shell:Creating environment hook '/home/pablo/Desktop/ros2_dam/ros2_ws/install/press_moveit_ft45_pkg/share/press_moveit_ft45_pkg/hook/ament_prefix_path.sh'
[0.334s] INFO:colcon.colcon_core.shell:Skip shell extension 'powershell' for command environment: Not usable outside of PowerShell
[0.334s] DEBUG:colcon.colcon_core.shell:Skip shell extension 'dsv' for command environment
[0.636s] INFO:colcon.colcon_core.task.python.build:Building Python package in '/home/pablo/Desktop/ros2_dam/ros2_ws/src/press_moveit_ft45_pkg'
[0.636s] INFO:colcon.colcon_core.shell:Skip shell extension 'powershell' for command environment: Not usable outside of PowerShell
[0.636s] DEBUG:colcon.colcon_core.shell:Skip shell extension 'dsv' for command environment
[1.455s] DEBUG:colcon.colcon_core.event_handler.log_command:Invoking command in '/home/pablo/Desktop/ros2_dam/ros2_ws/src/press_moveit_ft45_pkg': DEBUGINFOD_URLS=https://debuginfod.ubuntu.com PYTHONPATH=/home/pablo/Desktop/ros2_dam/ros2_ws/build/press_moveit_ft45_pkg/prefix_override:/usr/lib/python3/dist-packages/colcon_core/task/python/colcon_distutils_commands:/home/pablo/Desktop/ros2_dam/ros2_ws/install/press_moveit_ft45_pkg/lib/python3.12/site-packages:${PYTHONPATH} /usr/bin/python3 -W ignore:setup.py install is deprecated -W ignore:easy_install command is deprecated setup.py egg_info --egg-base ../../build/press_moveit_ft45_pkg build --build-base /home/pablo/Desktop/ros2_dam/ros2_ws/build/press_moveit_ft45_pkg/build install --record /home/pablo/Desktop/ros2_dam/ros2_ws/build/press_moveit_ft45_pkg/install.log --single-version-externally-managed install_data
[2.176s] DEBUG:colcon.colcon_core.event_handler.log_command:Invoked command in '/home/pablo/Desktop/ros2_dam/ros2_ws/src/press_moveit_ft45_pkg' returned '0': DEBUGINFOD_URLS=https://debuginfod.ubuntu.com PYTHONPATH=/home/pablo/Desktop/ros2_dam/ros2_ws/build/press_moveit_ft45_pkg/prefix_override:/usr/lib/python3/dist-packages/colcon_core/task/python/colcon_distutils_commands:/home/pablo/Desktop/ros2_dam/ros2_ws/install/press_moveit_ft45_pkg/lib/python3.12/site-packages:${PYTHONPATH} /usr/bin/python3 -W ignore:setup.py install is deprecated -W ignore:easy_install command is deprecated setup.py egg_info --egg-base ../../build/press_moveit_ft45_pkg build --build-base /home/pablo/Desktop/ros2_dam/ros2_ws/build/press_moveit_ft45_pkg/build install --record /home/pablo/Desktop/ros2_dam/ros2_ws/build/press_moveit_ft45_pkg/install.log --single-version-externally-managed install_data
[2.182s] Level 1:colcon.colcon_core.environment:checking '/home/pablo/Desktop/ros2_dam/ros2_ws/install/press_moveit_ft45_pkg' for CMake module files
[2.184s] Level 1:colcon.colcon_core.environment:checking '/home/pablo/Desktop/ros2_dam/ros2_ws/install/press_moveit_ft45_pkg' for CMake config files
[2.186s] Level 1:colcon.colcon_core.environment:checking '/home/pablo/Desktop/ros2_dam/ros2_ws/install/press_moveit_ft45_pkg/lib'
[2.186s] Level 1:colcon.colcon_core.environment:checking '/home/pablo/Desktop/ros2_dam/ros2_ws/install/press_moveit_ft45_pkg/bin'
[2.187s] Level 1:colcon.colcon_core.environment:checking '/home/pablo/Desktop/ros2_dam/ros2_ws/install/press_moveit_ft45_pkg/lib/pkgconfig/press_moveit_ft45_pkg.pc'
[2.187s] Level 1:colcon.colcon_core.environment:checking '/home/pablo/Desktop/ros2_dam/ros2_ws/install/press_moveit_ft45_pkg/lib/python3.12/site-packages'
[2.188s] Level 1:colcon.colcon_core.shell:create_environment_hook('press_moveit_ft45_pkg', 'pythonpath')
[2.188s] INFO:colcon.colcon_core.shell:Creating environment hook '/home/pablo/Desktop/ros2_dam/ros2_ws/install/press_moveit_ft45_pkg/share/press_moveit_ft45_pkg/hook/pythonpath.ps1'
[2.189s] INFO:colcon.colcon_core.shell:Creating environment descriptor '/home/pablo/Desktop/ros2_dam/ros2_ws/install/press_moveit_ft45_pkg/share/press_moveit_ft45_pkg/hook/pythonpath.dsv'
[2.190s] INFO:colcon.colcon_core.shell:Creating environment hook '/home/pablo/Desktop/ros2_dam/ros2_ws/install/press_moveit_ft45_pkg/share/press_moveit_ft45_pkg/hook/pythonpath.sh'
[2.192s] Level 1:colcon.colcon_core.environment:checking '/home/pablo/Desktop/ros2_dam/ros2_ws/install/press_moveit_ft45_pkg/bin'
[2.192s] Level 1:colcon.colcon_core.environment:create_environment_scripts_only(press_moveit_ft45_pkg)
[2.193s] INFO:colcon.colcon_core.shell:Creating package script '/home/pablo/Desktop/ros2_dam/ros2_ws/install/press_moveit_ft45_pkg/share/press_moveit_ft45_pkg/package.ps1'
[2.195s] INFO:colcon.colcon_core.shell:Creating package descriptor '/home/pablo/Desktop/ros2_dam/ros2_ws/install/press_moveit_ft45_pkg/share/press_moveit_ft45_pkg/package.dsv'
[2.196s] INFO:colcon.colcon_core.shell:Creating package script '/home/pablo/Desktop/ros2_dam/ros2_ws/install/press_moveit_ft45_pkg/share/press_moveit_ft45_pkg/package.sh'
[2.198s] INFO:colcon.colcon_core.shell:Creating package script '/home/pablo/Desktop/ros2_dam/ros2_ws/install/press_moveit_ft45_pkg/share/press_moveit_ft45_pkg/package.bash'
[2.201s] INFO:colcon.colcon_core.shell:Creating package script '/home/pablo/Desktop/ros2_dam/ros2_ws/install/press_moveit_ft45_pkg/share/press_moveit_ft45_pkg/package.zsh'
[2.202s] Level 1:colcon.colcon_core.environment:create_file_with_runtime_dependencies(/home/pablo/Desktop/ros2_dam/ros2_ws/install/press_moveit_ft45_pkg/share/colcon-core/packages/press_moveit_ft45_pkg)
[2.203s] DEBUG:colcon.colcon_parallel_executor.executor.parallel:closing loop
[2.204s] DEBUG:colcon.colcon_parallel_executor.executor.parallel:loop closed
[2.204s] DEBUG:colcon.colcon_parallel_executor.executor.parallel:run_until_complete finished with '0'
[2.204s] DEBUG:colcon.colcon_core.event_reactor:joining thread
[2.219s] INFO:colcon.colcon_core.plugin_system:Skipping extension 'colcon_notification.desktop_notification.terminal_notifier': Not used on non-Darwin systems
[2.220s] INFO:colcon.colcon_core.plugin_system:Skipping extension 'colcon_notification.desktop_notification.win32': Not used on non-Windows systems
[2.220s] INFO:colcon.colcon_notification.desktop_notification:Sending desktop notification using 'notify2'
[2.250s] DEBUG:colcon.colcon_core.event_reactor:joined thread
[2.250s] INFO:colcon.colcon_core.shell:Creating prefix script '/home/pablo/Desktop/ros2_dam/ros2_ws/install/local_setup.ps1'
[2.251s] INFO:colcon.colcon_core.shell:Creating prefix util module '/home/pablo/Desktop/ros2_dam/ros2_ws/install/_local_setup_util_ps1.py'
[2.252s] INFO:colcon.colcon_core.shell:Creating prefix chain script '/home/pablo/Desktop/ros2_dam/ros2_ws/install/setup.ps1'
[2.254s] INFO:colcon.colcon_core.shell:Creating prefix script '/home/pablo/Desktop/ros2_dam/ros2_ws/install/local_setup.sh'
[2.255s] INFO:colcon.colcon_core.shell:Creating prefix util module '/home/pablo/Desktop/ros2_dam/ros2_ws/install/_local_setup_util_sh.py'
[2.256s] INFO:colcon.colcon_core.shell:Creating prefix chain script '/home/pablo/Desktop/ros2_dam/ros2_ws/install/setup.sh'
[2.258s] INFO:colcon.colcon_core.shell:Creating prefix script '/home/pablo/Desktop/ros2_dam/ros2_ws/install/local_setup.bash'
[2.258s] INFO:colcon.colcon_core.shell:Creating prefix chain script '/home/pablo/Desktop/ros2_dam/ros2_ws/install/setup.bash'
[2.260s] INFO:colcon.colcon_core.shell:Creating prefix script '/home/pablo/Desktop/ros2_dam/ros2_ws/install/local_setup.zsh'
[2.261s] INFO:colcon.colcon_core.shell:Creating prefix chain script '/home/pablo/Desktop/ros2_dam/ros2_ws/install/setup.zsh'
