-- Found ament_cmake: 2.5.5 (/opt/ros/jazzy/share/ament_cmake/cmake)
-- Override CMake install command with custom implementation using symlinks instead of copying resources
-- Found control_msgs: 5.7.0 (/opt/ros/jazzy/share/control_msgs/cmake)
-- Found rosidl_generator_c: 4.6.7 (/opt/ros/jazzy/share/rosidl_generator_c/cmake)
-- Found rosidl_generator_cpp: 4.6.7 (/opt/ros/jazzy/share/rosidl_generator_cpp/cmake)
-- Using all available rosidl_typesupport_c: rosidl_typesupport_fastrtps_c;rosidl_typesupport_introspection_c
-- Using all available rosidl_typesupport_cpp: rosidl_typesupport_fastrtps_cpp;rosidl_typesupport_introspection_cpp
-- Found lbr_fri_idl: 1.5.0 (/home/pablo/Desktop/ros2_dam/simulation/lbr-stack/install/lbr_fri_idl/share/lbr_fri_idl/cmake)
-- Found lbr_fri_ros2: 2.4.3 (/home/pablo/Desktop/ros2_dam/simulation/lbr-stack/install/lbr_fri_ros2/share/lbr_fri_ros2/cmake)
-- Ensuring Eigen3 include directory is part of orocos-kdl CMake target
-- Found rmw_implementation_cmake: 7.3.3 (/opt/ros/jazzy/share/rmw_implementation_cmake/cmake)
-- Found rmw_fastrtps_cpp: 8.4.3 (/opt/ros/jazzy/share/rmw_fastrtps_cpp/cmake)
-- Using RMW implementation 'rmw_fastrtps_cpp' as default
-- Configuring done (1.2s)
-- Generating done (0.0s)
-- Build files have been written to: /home/pablo/Desktop/ros2_dam/simulation/lbr-stack/build/lbr_demos_cpp
[ 50%] Built target joint_trajectory_client
[ 50%] Built target torque_sine_overlay
[ 75%] Built target joint_sine_overlay
[100%] Built target wrench_sine_overlay
-- Install configuration: "Release"
-- Execute custom install script
-- Up-to-date symlink: /home/pablo/Desktop/ros2_dam/simulation/lbr-stack/install/lbr_demos_cpp/lib/lbr_demos_cpp/joint_sine_overlay
-- Up-to-date symlink: /home/pablo/Desktop/ros2_dam/simulation/lbr-stack/install/lbr_demos_cpp/lib/lbr_demos_cpp/joint_trajectory_client
-- Up-to-date symlink: /home/pablo/Desktop/ros2_dam/simulation/lbr-stack/install/lbr_demos_cpp/lib/lbr_demos_cpp/torque_sine_overlay
-- Up-to-date symlink: /home/pablo/Desktop/ros2_dam/simulation/lbr-stack/install/lbr_demos_cpp/lib/lbr_demos_cpp/wrench_sine_overlay
-- Up-to-date symlink: /home/pablo/Desktop/ros2_dam/simulation/lbr-stack/install/lbr_demos_cpp/share/ament_index/resource_index/package_run_dependencies/lbr_demos_cpp
-- Up-to-date symlink: /home/pablo/Desktop/ros2_dam/simulation/lbr-stack/install/lbr_demos_cpp/share/ament_index/resource_index/parent_prefix_path/lbr_demos_cpp
-- Up-to-date symlink: /home/pablo/Desktop/ros2_dam/simulation/lbr-stack/install/lbr_demos_cpp/share/lbr_demos_cpp/environment/ament_prefix_path.sh
-- Up-to-date symlink: /home/pablo/Desktop/ros2_dam/simulation/lbr-stack/install/lbr_demos_cpp/share/lbr_demos_cpp/environment/ament_prefix_path.dsv
-- Up-to-date symlink: /home/pablo/Desktop/ros2_dam/simulation/lbr-stack/install/lbr_demos_cpp/share/lbr_demos_cpp/environment/path.sh
-- Up-to-date symlink: /home/pablo/Desktop/ros2_dam/simulation/lbr-stack/install/lbr_demos_cpp/share/lbr_demos_cpp/environment/path.dsv
-- Up-to-date symlink: /home/pablo/Desktop/ros2_dam/simulation/lbr-stack/install/lbr_demos_cpp/share/lbr_demos_cpp/local_setup.bash
-- Up-to-date symlink: /home/pablo/Desktop/ros2_dam/simulation/lbr-stack/install/lbr_demos_cpp/share/lbr_demos_cpp/local_setup.sh
-- Up-to-date symlink: /home/pablo/Desktop/ros2_dam/simulation/lbr-stack/install/lbr_demos_cpp/share/lbr_demos_cpp/local_setup.zsh
-- Up-to-date symlink: /home/pablo/Desktop/ros2_dam/simulation/lbr-stack/install/lbr_demos_cpp/share/lbr_demos_cpp/local_setup.dsv
-- Symlinking: /home/pablo/Desktop/ros2_dam/simulation/lbr-stack/install/lbr_demos_cpp/share/lbr_demos_cpp/package.dsv
-- Up-to-date symlink: /home/pablo/Desktop/ros2_dam/simulation/lbr-stack/install/lbr_demos_cpp/share/ament_index/resource_index/packages/lbr_demos_cpp
-- Up-to-date symlink: /home/pablo/Desktop/ros2_dam/simulation/lbr-stack/install/lbr_demos_cpp/share/lbr_demos_cpp/cmake/lbr_demos_cppConfig.cmake
-- Up-to-date symlink: /home/pablo/Desktop/ros2_dam/simulation/lbr-stack/install/lbr_demos_cpp/share/lbr_demos_cpp/cmake/lbr_demos_cppConfig-version.cmake
-- Up-to-date symlink: /home/pablo/Desktop/ros2_dam/simulation/lbr-stack/install/lbr_demos_cpp/share/lbr_demos_cpp/package.xml
