/home/pablo/Desktop/ros2_dam/simulation/lbr-stack/install/lbr_demos_advanced_py/lib/python3.12/site-packages/lbr_demos_advanced_py/lbr_base_position_command_node.py
/home/pablo/Desktop/ros2_dam/simulation/lbr-stack/install/lbr_demos_advanced_py/lib/python3.12/site-packages/lbr_demos_advanced_py/admittance_rcm_controller.py
/home/pablo/Desktop/ros2_dam/simulation/lbr-stack/install/lbr_demos_advanced_py/lib/python3.12/site-packages/lbr_demos_advanced_py/admittance_rcm_control_node.py
/home/pablo/Desktop/ros2_dam/simulation/lbr-stack/install/lbr_demos_advanced_py/lib/python3.12/site-packages/lbr_demos_advanced_py/__init__.py
/home/pablo/Desktop/ros2_dam/simulation/lbr-stack/install/lbr_demos_advanced_py/lib/python3.12/site-packages/lbr_demos_advanced_py/admittance_control_node.py
/home/pablo/Desktop/ros2_dam/simulation/lbr-stack/install/lbr_demos_advanced_py/lib/python3.12/site-packages/lbr_demos_advanced_py/admittance_controller.py
/home/pablo/Desktop/ros2_dam/simulation/lbr-stack/install/lbr_demos_advanced_py/lib/python3.12/site-packages/lbr_demos_advanced_py/__pycache__/lbr_base_position_command_node.cpython-312.pyc
/home/pablo/Desktop/ros2_dam/simulation/lbr-stack/install/lbr_demos_advanced_py/lib/python3.12/site-packages/lbr_demos_advanced_py/__pycache__/admittance_rcm_controller.cpython-312.pyc
/home/pablo/Desktop/ros2_dam/simulation/lbr-stack/install/lbr_demos_advanced_py/lib/python3.12/site-packages/lbr_demos_advanced_py/__pycache__/admittance_rcm_control_node.cpython-312.pyc
/home/pablo/Desktop/ros2_dam/simulation/lbr-stack/install/lbr_demos_advanced_py/lib/python3.12/site-packages/lbr_demos_advanced_py/__pycache__/__init__.cpython-312.pyc
/home/pablo/Desktop/ros2_dam/simulation/lbr-stack/install/lbr_demos_advanced_py/lib/python3.12/site-packages/lbr_demos_advanced_py/__pycache__/admittance_control_node.cpython-312.pyc
/home/pablo/Desktop/ros2_dam/simulation/lbr-stack/install/lbr_demos_advanced_py/lib/python3.12/site-packages/lbr_demos_advanced_py/__pycache__/admittance_controller.cpython-312.pyc
/home/pablo/Desktop/ros2_dam/simulation/lbr-stack/install/lbr_demos_advanced_py/share/ament_index/resource_index/packages/lbr_demos_advanced_py
/home/pablo/Desktop/ros2_dam/simulation/lbr-stack/install/lbr_demos_advanced_py/share/lbr_demos_advanced_py/package.xml
/home/pablo/Desktop/ros2_dam/simulation/lbr-stack/install/lbr_demos_advanced_py/share/lbr_demos_advanced_py/config/admittance_rcm_control.yaml
/home/pablo/Desktop/ros2_dam/simulation/lbr-stack/install/lbr_demos_advanced_py/share/lbr_demos_advanced_py/config/admittance_control.yaml
/home/pablo/Desktop/ros2_dam/simulation/lbr-stack/install/lbr_demos_advanced_py/lib/python3.12/site-packages/lbr_demos_advanced_py-2.4.3-py3.12.egg-info/zip-safe
/home/pablo/Desktop/ros2_dam/simulation/lbr-stack/install/lbr_demos_advanced_py/lib/python3.12/site-packages/lbr_demos_advanced_py-2.4.3-py3.12.egg-info/dependency_links.txt
/home/pablo/Desktop/ros2_dam/simulation/lbr-stack/install/lbr_demos_advanced_py/lib/python3.12/site-packages/lbr_demos_advanced_py-2.4.3-py3.12.egg-info/SOURCES.txt
/home/pablo/Desktop/ros2_dam/simulation/lbr-stack/install/lbr_demos_advanced_py/lib/python3.12/site-packages/lbr_demos_advanced_py-2.4.3-py3.12.egg-info/top_level.txt
/home/pablo/Desktop/ros2_dam/simulation/lbr-stack/install/lbr_demos_advanced_py/lib/python3.12/site-packages/lbr_demos_advanced_py-2.4.3-py3.12.egg-info/requires.txt
/home/pablo/Desktop/ros2_dam/simulation/lbr-stack/install/lbr_demos_advanced_py/lib/python3.12/site-packages/lbr_demos_advanced_py-2.4.3-py3.12.egg-info/PKG-INFO
/home/pablo/Desktop/ros2_dam/simulation/lbr-stack/install/lbr_demos_advanced_py/lib/python3.12/site-packages/lbr_demos_advanced_py-2.4.3-py3.12.egg-info/entry_points.txt
/home/pablo/Desktop/ros2_dam/simulation/lbr-stack/install/lbr_demos_advanced_py/lib/lbr_demos_advanced_py/admittance_control
/home/pablo/Desktop/ros2_dam/simulation/lbr-stack/install/lbr_demos_advanced_py/lib/lbr_demos_advanced_py/admittance_rcm_control
