[1.458s] Invoking command in '/home/pablo/Desktop/ros2_dam/ros2_ws/src/baile_sencillo': DEBUGINFOD_URLS=https://debuginfod.ubuntu.com PYTHONPATH=/home/pablo/Desktop/ros2_dam/ros2_ws/build/baile_sencillo/prefix_override:/usr/lib/python3/dist-packages/colcon_core/task/python/colcon_distutils_commands:/home/pablo/Desktop/ros2_dam/ros2_ws/install/baile_sencillo/lib/python3.12/site-packages:${PYTHONPATH} /usr/bin/python3 -W ignore:setup.py install is deprecated -W ignore:easy_install command is deprecated setup.py egg_info --egg-base ../../build/baile_sencillo build --build-base /home/pablo/Desktop/ros2_dam/ros2_ws/build/baile_sencillo/build install --record /home/pablo/Desktop/ros2_dam/ros2_ws/build/baile_sencillo/install.log --single-version-externally-managed install_data
[1.945s] running egg_info
[1.984s] writing ../../build/baile_sencillo/baile_sencillo.egg-info/PKG-INFO
[1.985s] writing dependency_links to ../../build/baile_sencillo/baile_sencillo.egg-info/dependency_links.txt
[1.985s] writing entry points to ../../build/baile_sencillo/baile_sencillo.egg-info/entry_points.txt
[1.985s] writing requirements to ../../build/baile_sencillo/baile_sencillo.egg-info/requires.txt
[1.986s] writing top-level names to ../../build/baile_sencillo/baile_sencillo.egg-info/top_level.txt
[2.068s] reading manifest file '../../build/baile_sencillo/baile_sencillo.egg-info/SOURCES.txt'
[2.069s] writing manifest file '../../build/baile_sencillo/baile_sencillo.egg-info/SOURCES.txt'
[2.069s] running build
[2.070s] running build_py
[2.070s] copying baile_sencillo/movimiento_robot.py -> /home/pablo/Desktop/ros2_dam/ros2_ws/build/baile_sencillo/build/lib/baile_sencillo
[2.070s] running install
[2.079s] running install_lib
[2.121s] copying /home/pablo/Desktop/ros2_dam/ros2_ws/build/baile_sencillo/build/lib/baile_sencillo/movimiento_robot.py -> /home/pablo/Desktop/ros2_dam/ros2_ws/install/baile_sencillo/lib/python3.12/site-packages/baile_sencillo
[2.121s] byte-compiling /home/pablo/Desktop/ros2_dam/ros2_ws/install/baile_sencillo/lib/python3.12/site-packages/baile_sencillo/movimiento_robot.py to movimiento_robot.cpython-312.pyc
[2.123s] running install_data
[2.123s] running install_egg_info
[2.168s] removing '/home/pablo/Desktop/ros2_dam/ros2_ws/install/baile_sencillo/lib/python3.12/site-packages/baile_sencillo-0.0.0-py3.12.egg-info' (and everything under it)
[2.169s] Copying ../../build/baile_sencillo/baile_sencillo.egg-info to /home/pablo/Desktop/ros2_dam/ros2_ws/install/baile_sencillo/lib/python3.12/site-packages/baile_sencillo-0.0.0-py3.12.egg-info
[2.170s] running install_scripts
[2.413s] Installing movimiento_robot script to /home/pablo/Desktop/ros2_dam/ros2_ws/install/baile_sencillo/lib/baile_sencillo
[2.413s] writing list of installed files to '/home/pablo/Desktop/ros2_dam/ros2_ws/build/baile_sencillo/install.log'
[2.455s] Invoked command in '/home/pablo/Desktop/ros2_dam/ros2_ws/src/baile_sencillo' returned '0': DEBUGINFOD_URLS=https://debuginfod.ubuntu.com PYTHONPATH=/home/pablo/Desktop/ros2_dam/ros2_ws/build/baile_sencillo/prefix_override:/usr/lib/python3/dist-packages/colcon_core/task/python/colcon_distutils_commands:/home/pablo/Desktop/ros2_dam/ros2_ws/install/baile_sencillo/lib/python3.12/site-packages:${PYTHONPATH} /usr/bin/python3 -W ignore:setup.py install is deprecated -W ignore:easy_install command is deprecated setup.py egg_info --egg-base ../../build/baile_sencillo build --build-base /home/pablo/Desktop/ros2_dam/ros2_ws/build/baile_sencillo/build install --record /home/pablo/Desktop/ros2_dam/ros2_ws/build/baile_sencillo/install.log --single-version-externally-managed install_data
