[0.149s] DEBUG:colcon:Command line arguments: ['/usr/bin/colcon', 'build', '--packages-select', 'press_moveit_ft45_pkg', '--symlink-install']
[0.149s] DEBUG:colcon:Parsed command line arguments: Namespace(log_base=None, log_level=None, verb_name='build', build_base='build', install_base='install', merge_install=False, symlink_install=True, test_result_base=None, continue_on_error=False, executor='parallel', parallel_workers=12, event_handlers=None, ignore_user_meta=False, metas=['./colcon.meta'], base_paths=['.'], packages_ignore=None, packages_ignore_regex=None, paths=None, packages_up_to=None, packages_up_to_regex=None, packages_above=None, packages_above_and_dependencies=None, packages_above_depth=None, packages_select_by_dep=None, packages_skip_by_dep=None, packages_skip_up_to=None, packages_select_build_failed=False, packages_skip_build_finished=False, packages_select_test_failures=False, packages_skip_test_passed=False, packages_select=['press_moveit_ft45_pkg'], packages_skip=None, packages_select_regex=None, packages_skip_regex=None, packages_start=None, packages_end=None, allow_overriding=[], cmake_args=None, cmake_target=None, cmake_target_skip_unavailable=False, cmake_clean_cache=False, cmake_clean_first=False, cmake_force_configure=False, ament_cmake_args=None, catkin_cmake_args=None, catkin_skip_building_tests=False, mixin_files=None, mixin=None, verb_parser=<colcon_mixin.mixin.mixin_argument.MixinArgumentDecorator object at 0x74f8c5ca2f90>, verb_extension=<colcon_core.verb.build.BuildVerb object at 0x74f8c5ca2c00>, main=<bound method BuildVerb.main of <colcon_core.verb.build.BuildVerb object at 0x74f8c5ca2c00>>, mixin_verb=('build',))
[0.204s] Level 1:colcon.colcon_core.package_discovery:discover_packages(colcon_meta) check parameters
[0.204s] Level 1:colcon.colcon_core.package_discovery:discover_packages(recursive) check parameters
[0.204s] Level 1:colcon.colcon_core.package_discovery:discover_packages(ignore) check parameters
[0.204s] Level 1:colcon.colcon_core.package_discovery:discover_packages(path) check parameters
[0.204s] Level 1:colcon.colcon_core.package_discovery:discover_packages(colcon_meta) discover
[0.204s] Level 1:colcon.colcon_core.package_discovery:discover_packages(recursive) discover
[0.204s] INFO:colcon.colcon_core.package_discovery:Crawling recursively for packages in '/home/pablo/Desktop/ros2_dam/ros2_ws'
[0.204s] Level 1:colcon.colcon_core.package_identification:_identify(.) by extensions ['ignore', 'ignore_ament_install']
[0.204s] Level 1:colcon.colcon_core.package_identification:_identify(.) by extension 'ignore'
[0.204s] Level 1:colcon.colcon_core.package_identification:_identify(.) by extension 'ignore_ament_install'
[0.205s] Level 1:colcon.colcon_core.package_identification:_identify(.) by extensions ['colcon_pkg']
[0.205s] Level 1:colcon.colcon_core.package_identification:_identify(.) by extension 'colcon_pkg'
[0.205s] Level 1:colcon.colcon_core.package_identification:_identify(.) by extensions ['colcon_meta']
[0.205s] Level 1:colcon.colcon_core.package_identification:_identify(.) by extension 'colcon_meta'
[0.205s] Level 1:colcon.colcon_core.package_identification:_identify(.) by extensions ['ros']
[0.205s] Level 1:colcon.colcon_core.package_identification:_identify(.) by extension 'ros'
[0.240s] Level 1:colcon.colcon_core.package_identification:_identify(.) by extensions ['cmake', 'python']
[0.240s] Level 1:colcon.colcon_core.package_identification:_identify(.) by extension 'cmake'
[0.240s] Level 1:colcon.colcon_core.package_identification:_identify(.) by extension 'python'
[0.240s] Level 1:colcon.colcon_core.package_identification:_identify(.) by extensions ['python_setup_py']
[0.240s] Level 1:colcon.colcon_core.package_identification:_identify(.) by extension 'python_setup_py'
[0.240s] Level 1:colcon.colcon_core.package_identification:_identify(build) by extensions ['ignore', 'ignore_ament_install']
[0.240s] Level 1:colcon.colcon_core.package_identification:_identify(build) by extension 'ignore'
[0.240s] Level 1:colcon.colcon_core.package_identification:_identify(build) ignored
[0.241s] Level 1:colcon.colcon_core.package_identification:_identify(install) by extensions ['ignore', 'ignore_ament_install']
[0.241s] Level 1:colcon.colcon_core.package_identification:_identify(install) by extension 'ignore'
[0.241s] Level 1:colcon.colcon_core.package_identification:_identify(install) ignored
[0.241s] Level 1:colcon.colcon_core.package_identification:_identify(log) by extensions ['ignore', 'ignore_ament_install']
[0.241s] Level 1:colcon.colcon_core.package_identification:_identify(log) by extension 'ignore'
[0.241s] Level 1:colcon.colcon_core.package_identification:_identify(log) ignored
[0.241s] Level 1:colcon.colcon_core.package_identification:_identify(src) by extensions ['ignore', 'ignore_ament_install']
[0.241s] Level 1:colcon.colcon_core.package_identification:_identify(src) by extension 'ignore'
[0.241s] Level 1:colcon.colcon_core.package_identification:_identify(src) by extension 'ignore_ament_install'
[0.241s] Level 1:colcon.colcon_core.package_identification:_identify(src) by extensions ['colcon_pkg']
[0.241s] Level 1:colcon.colcon_core.package_identification:_identify(src) by extension 'colcon_pkg'
[0.242s] Level 1:colcon.colcon_core.package_identification:_identify(src) by extensions ['colcon_meta']
[0.242s] Level 1:colcon.colcon_core.package_identification:_identify(src) by extension 'colcon_meta'
[0.242s] Level 1:colcon.colcon_core.package_identification:_identify(src) by extensions ['ros']
[0.242s] Level 1:colcon.colcon_core.package_identification:_identify(src) by extension 'ros'
[0.242s] Level 1:colcon.colcon_core.package_identification:_identify(src) by extensions ['cmake', 'python']
[0.242s] Level 1:colcon.colcon_core.package_identification:_identify(src) by extension 'cmake'
[0.242s] Level 1:colcon.colcon_core.package_identification:_identify(src) by extension 'python'
[0.242s] Level 1:colcon.colcon_core.package_identification:_identify(src) by extensions ['python_setup_py']
[0.242s] Level 1:colcon.colcon_core.package_identification:_identify(src) by extension 'python_setup_py'
[0.242s] Level 1:colcon.colcon_core.package_identification:_identify(src/baile_sencillo) by extensions ['ignore', 'ignore_ament_install']
[0.242s] Level 1:colcon.colcon_core.package_identification:_identify(src/baile_sencillo) by extension 'ignore'
[0.242s] Level 1:colcon.colcon_core.package_identification:_identify(src/baile_sencillo) by extension 'ignore_ament_install'
[0.242s] Level 1:colcon.colcon_core.package_identification:_identify(src/baile_sencillo) by extensions ['colcon_pkg']
[0.242s] Level 1:colcon.colcon_core.package_identification:_identify(src/baile_sencillo) by extension 'colcon_pkg'
[0.242s] Level 1:colcon.colcon_core.package_identification:_identify(src/baile_sencillo) by extensions ['colcon_meta']
[0.242s] Level 1:colcon.colcon_core.package_identification:_identify(src/baile_sencillo) by extension 'colcon_meta'
[0.243s] Level 1:colcon.colcon_core.package_identification:_identify(src/baile_sencillo) by extensions ['ros']
[0.243s] Level 1:colcon.colcon_core.package_identification:_identify(src/baile_sencillo) by extension 'ros'
[0.245s] DEBUG:colcon.colcon_core.package_identification:Package 'src/baile_sencillo' with type 'ros.ament_python' and name 'baile_sencillo'
[0.245s] Level 1:colcon.colcon_core.package_identification:_identify(src/press_moveit_ft45_pkg) by extensions ['ignore', 'ignore_ament_install']
[0.245s] Level 1:colcon.colcon_core.package_identification:_identify(src/press_moveit_ft45_pkg) by extension 'ignore'
[0.245s] Level 1:colcon.colcon_core.package_identification:_identify(src/press_moveit_ft45_pkg) by extension 'ignore_ament_install'
[0.246s] Level 1:colcon.colcon_core.package_identification:_identify(src/press_moveit_ft45_pkg) by extensions ['colcon_pkg']
[0.246s] Level 1:colcon.colcon_core.package_identification:_identify(src/press_moveit_ft45_pkg) by extension 'colcon_pkg'
[0.246s] Level 1:colcon.colcon_core.package_identification:_identify(src/press_moveit_ft45_pkg) by extensions ['colcon_meta']
[0.246s] Level 1:colcon.colcon_core.package_identification:_identify(src/press_moveit_ft45_pkg) by extension 'colcon_meta'
[0.246s] Level 1:colcon.colcon_core.package_identification:_identify(src/press_moveit_ft45_pkg) by extensions ['ros']
[0.246s] Level 1:colcon.colcon_core.package_identification:_identify(src/press_moveit_ft45_pkg) by extension 'ros'
[0.247s] DEBUG:colcon.colcon_core.package_identification:Package 'src/press_moveit_ft45_pkg' with type 'ros.ament_python' and name 'press_moveit_ft45_pkg'
[0.247s] Level 1:colcon.colcon_core.package_discovery:discover_packages(recursive) using defaults
[0.247s] Level 1:colcon.colcon_core.package_discovery:discover_packages(ignore) discover
[0.247s] Level 1:colcon.colcon_core.package_discovery:discover_packages(ignore) using defaults
[0.247s] Level 1:colcon.colcon_core.package_discovery:discover_packages(path) discover
[0.247s] Level 1:colcon.colcon_core.package_discovery:discover_packages(path) using defaults
[0.273s] INFO:colcon.colcon_core.package_selection:Skipping not selected package 'baile_sencillo' in 'src/baile_sencillo'
[0.273s] Level 1:colcon.colcon_core.package_discovery:discover_packages(prefix_path) check parameters
[0.273s] Level 1:colcon.colcon_core.package_discovery:discover_packages(prefix_path) discover
[0.277s] DEBUG:colcon.colcon_installed_package_information.package_discovery:Found 1 installed packages in /home/pablo/Desktop/ros2_dam/ros2_ws/install
[0.278s] DEBUG:colcon.colcon_installed_package_information.package_discovery:Found 17 installed packages in /home/pablo/Desktop/ros2_dam/simulation/lbr-stack/install
[0.281s] DEBUG:colcon.colcon_installed_package_information.package_discovery:Found 403 installed packages in /opt/ros/jazzy
[0.282s] Level 1:colcon.colcon_core.package_discovery:discover_packages(prefix_path) using defaults
[0.372s] Level 5:colcon.colcon_core.verb:set package 'press_moveit_ft45_pkg' build argument 'cmake_args' from command line to 'None'
[0.372s] Level 5:colcon.colcon_core.verb:set package 'press_moveit_ft45_pkg' build argument 'cmake_target' from command line to 'None'
[0.372s] Level 5:colcon.colcon_core.verb:set package 'press_moveit_ft45_pkg' build argument 'cmake_target_skip_unavailable' from command line to 'False'
[0.372s] Level 5:colcon.colcon_core.verb:set package 'press_moveit_ft45_pkg' build argument 'cmake_clean_cache' from command line to 'False'
[0.372s] Level 5:colcon.colcon_core.verb:set package 'press_moveit_ft45_pkg' build argument 'cmake_clean_first' from command line to 'False'
[0.372s] Level 5:colcon.colcon_core.verb:set package 'press_moveit_ft45_pkg' build argument 'cmake_force_configure' from command line to 'False'
[0.372s] Level 5:colcon.colcon_core.verb:set package 'press_moveit_ft45_pkg' build argument 'ament_cmake_args' from command line to 'None'
[0.373s] Level 5:colcon.colcon_core.verb:set package 'press_moveit_ft45_pkg' build argument 'catkin_cmake_args' from command line to 'None'
[0.373s] Level 5:colcon.colcon_core.verb:set package 'press_moveit_ft45_pkg' build argument 'catkin_skip_building_tests' from command line to 'False'
[0.373s] DEBUG:colcon.colcon_core.verb:Building package 'press_moveit_ft45_pkg' with the following arguments: {'ament_cmake_args': None, 'build_base': '/home/pablo/Desktop/ros2_dam/ros2_ws/build/press_moveit_ft45_pkg', 'catkin_cmake_args': None, 'catkin_skip_building_tests': False, 'cmake_args': None, 'cmake_clean_cache': False, 'cmake_clean_first': False, 'cmake_force_configure': False, 'cmake_target': None, 'cmake_target_skip_unavailable': False, 'install_base': '/home/pablo/Desktop/ros2_dam/ros2_ws/install/press_moveit_ft45_pkg', 'merge_install': False, 'path': '/home/pablo/Desktop/ros2_dam/ros2_ws/src/press_moveit_ft45_pkg', 'symlink_install': True, 'test_result_base': None}
[0.373s] INFO:colcon.colcon_core.executor:Executing jobs using 'parallel' executor
[0.374s] DEBUG:colcon.colcon_parallel_executor.executor.parallel:run_until_complete
[0.374s] INFO:colcon.colcon_ros.task.ament_python.build:Building ROS package in '/home/pablo/Desktop/ros2_dam/ros2_ws/src/press_moveit_ft45_pkg' with build type 'ament_python'
[0.374s] Level 1:colcon.colcon_core.shell:create_environment_hook('press_moveit_ft45_pkg', 'ament_prefix_path')
[0.378s] INFO:colcon.colcon_core.plugin_system:Skipping extension 'colcon_core.shell.bat': Not used on non-Windows systems
[0.378s] INFO:colcon.colcon_core.shell:Creating environment hook '/home/pablo/Desktop/ros2_dam/ros2_ws/install/press_moveit_ft45_pkg/share/press_moveit_ft45_pkg/hook/ament_prefix_path.ps1'
[0.379s] INFO:colcon.colcon_core.shell:Creating environment descriptor '/home/pablo/Desktop/ros2_dam/ros2_ws/install/press_moveit_ft45_pkg/share/press_moveit_ft45_pkg/hook/ament_prefix_path.dsv'
[0.380s] INFO:colcon.colcon_core.shell:Creating environment hook '/home/pablo/Desktop/ros2_dam/ros2_ws/install/press_moveit_ft45_pkg/share/press_moveit_ft45_pkg/hook/ament_prefix_path.sh'
[0.380s] INFO:colcon.colcon_core.shell:Skip shell extension 'powershell' for command environment: Not usable outside of PowerShell
[0.380s] DEBUG:colcon.colcon_core.shell:Skip shell extension 'dsv' for command environment
[0.694s] INFO:colcon.colcon_core.task.python.build:Building Python package in '/home/pablo/Desktop/ros2_dam/ros2_ws/src/press_moveit_ft45_pkg'
[0.694s] INFO:colcon.colcon_core.shell:Skip shell extension 'powershell' for command environment: Not usable outside of PowerShell
[0.694s] DEBUG:colcon.colcon_core.shell:Skip shell extension 'dsv' for command environment
[1.716s] DEBUG:colcon.colcon_core.event_handler.log_command:Invoking command in '/home/pablo/Desktop/ros2_dam/ros2_ws/build/press_moveit_ft45_pkg': DEBUGINFOD_URLS=https://debuginfod.ubuntu.com PYTHONPATH=/home/pablo/Desktop/ros2_dam/ros2_ws/build/press_moveit_ft45_pkg/prefix_override:/usr/lib/python3/dist-packages/colcon_core/task/python/colcon_distutils_commands:/home/pablo/Desktop/ros2_dam/ros2_ws/install/press_moveit_ft45_pkg/lib/python3.12/site-packages:${PYTHONPATH} /usr/bin/python3 -W ignore:setup.py install is deprecated -W ignore:easy_install command is deprecated setup.py develop --editable --build-directory /home/pablo/Desktop/ros2_dam/ros2_ws/build/press_moveit_ft45_pkg/build --no-deps symlink_data
[2.646s] Level 1:colcon.colcon_core.shell:create_environment_hook('press_moveit_ft45_pkg', 'pythonpath_develop')
[2.646s] INFO:colcon.colcon_core.shell:Creating environment hook '/home/pablo/Desktop/ros2_dam/ros2_ws/build/press_moveit_ft45_pkg/share/press_moveit_ft45_pkg/hook/pythonpath_develop.ps1'
[2.647s] DEBUG:colcon.colcon_core.event_handler.log_command:Invoked command in '/home/pablo/Desktop/ros2_dam/ros2_ws/build/press_moveit_ft45_pkg' returned '0': DEBUGINFOD_URLS=https://debuginfod.ubuntu.com PYTHONPATH=/home/pablo/Desktop/ros2_dam/ros2_ws/build/press_moveit_ft45_pkg/prefix_override:/usr/lib/python3/dist-packages/colcon_core/task/python/colcon_distutils_commands:/home/pablo/Desktop/ros2_dam/ros2_ws/install/press_moveit_ft45_pkg/lib/python3.12/site-packages:${PYTHONPATH} /usr/bin/python3 -W ignore:setup.py install is deprecated -W ignore:easy_install command is deprecated setup.py develop --editable --build-directory /home/pablo/Desktop/ros2_dam/ros2_ws/build/press_moveit_ft45_pkg/build --no-deps symlink_data
[2.648s] INFO:colcon.colcon_core.shell:Creating environment descriptor '/home/pablo/Desktop/ros2_dam/ros2_ws/build/press_moveit_ft45_pkg/share/press_moveit_ft45_pkg/hook/pythonpath_develop.dsv'
[2.648s] INFO:colcon.colcon_core.shell:Creating environment hook '/home/pablo/Desktop/ros2_dam/ros2_ws/build/press_moveit_ft45_pkg/share/press_moveit_ft45_pkg/hook/pythonpath_develop.sh'
[2.654s] Level 1:colcon.colcon_core.environment:checking '/home/pablo/Desktop/ros2_dam/ros2_ws/install/press_moveit_ft45_pkg' for CMake module files
[2.655s] Level 1:colcon.colcon_core.environment:checking '/home/pablo/Desktop/ros2_dam/ros2_ws/install/press_moveit_ft45_pkg' for CMake config files
[2.657s] Level 1:colcon.colcon_core.environment:checking '/home/pablo/Desktop/ros2_dam/ros2_ws/install/press_moveit_ft45_pkg/lib'
[2.657s] Level 1:colcon.colcon_core.environment:checking '/home/pablo/Desktop/ros2_dam/ros2_ws/install/press_moveit_ft45_pkg/bin'
[2.658s] Level 1:colcon.colcon_core.environment:checking '/home/pablo/Desktop/ros2_dam/ros2_ws/install/press_moveit_ft45_pkg/lib/pkgconfig/press_moveit_ft45_pkg.pc'
[2.658s] Level 1:colcon.colcon_core.environment:checking '/home/pablo/Desktop/ros2_dam/ros2_ws/install/press_moveit_ft45_pkg/lib/python3.12/site-packages'
[2.659s] Level 1:colcon.colcon_core.shell:create_environment_hook('press_moveit_ft45_pkg', 'pythonpath')
[2.659s] INFO:colcon.colcon_core.shell:Creating environment hook '/home/pablo/Desktop/ros2_dam/ros2_ws/install/press_moveit_ft45_pkg/share/press_moveit_ft45_pkg/hook/pythonpath.ps1'
[2.661s] INFO:colcon.colcon_core.shell:Creating environment descriptor '/home/pablo/Desktop/ros2_dam/ros2_ws/install/press_moveit_ft45_pkg/share/press_moveit_ft45_pkg/hook/pythonpath.dsv'
[2.662s] INFO:colcon.colcon_core.shell:Creating environment hook '/home/pablo/Desktop/ros2_dam/ros2_ws/install/press_moveit_ft45_pkg/share/press_moveit_ft45_pkg/hook/pythonpath.sh'
[2.665s] Level 1:colcon.colcon_core.environment:checking '/home/pablo/Desktop/ros2_dam/ros2_ws/install/press_moveit_ft45_pkg/bin'
[2.665s] Level 1:colcon.colcon_core.environment:create_environment_scripts_only(press_moveit_ft45_pkg)
[2.666s] INFO:colcon.colcon_core.shell:Creating package script '/home/pablo/Desktop/ros2_dam/ros2_ws/install/press_moveit_ft45_pkg/share/press_moveit_ft45_pkg/package.ps1'
[2.668s] INFO:colcon.colcon_core.shell:Creating package descriptor '/home/pablo/Desktop/ros2_dam/ros2_ws/install/press_moveit_ft45_pkg/share/press_moveit_ft45_pkg/package.dsv'
[2.670s] INFO:colcon.colcon_core.shell:Creating package script '/home/pablo/Desktop/ros2_dam/ros2_ws/install/press_moveit_ft45_pkg/share/press_moveit_ft45_pkg/package.sh'
[2.672s] INFO:colcon.colcon_core.shell:Creating package script '/home/pablo/Desktop/ros2_dam/ros2_ws/install/press_moveit_ft45_pkg/share/press_moveit_ft45_pkg/package.bash'
[2.674s] INFO:colcon.colcon_core.shell:Creating package script '/home/pablo/Desktop/ros2_dam/ros2_ws/install/press_moveit_ft45_pkg/share/press_moveit_ft45_pkg/package.zsh'
[2.676s] Level 1:colcon.colcon_core.environment:create_file_with_runtime_dependencies(/home/pablo/Desktop/ros2_dam/ros2_ws/install/press_moveit_ft45_pkg/share/colcon-core/packages/press_moveit_ft45_pkg)
[2.677s] DEBUG:colcon.colcon_parallel_executor.executor.parallel:closing loop
[2.678s] DEBUG:colcon.colcon_parallel_executor.executor.parallel:loop closed
[2.678s] DEBUG:colcon.colcon_parallel_executor.executor.parallel:run_until_complete finished with '0'
[2.679s] DEBUG:colcon.colcon_core.event_reactor:joining thread
[2.697s] INFO:colcon.colcon_core.plugin_system:Skipping extension 'colcon_notification.desktop_notification.terminal_notifier': Not used on non-Darwin systems
[2.697s] INFO:colcon.colcon_core.plugin_system:Skipping extension 'colcon_notification.desktop_notification.win32': Not used on non-Windows systems
[2.697s] INFO:colcon.colcon_notification.desktop_notification:Sending desktop notification using 'notify2'
[2.729s] DEBUG:colcon.colcon_core.event_reactor:joined thread
[2.730s] INFO:colcon.colcon_core.shell:Creating prefix script '/home/pablo/Desktop/ros2_dam/ros2_ws/install/local_setup.ps1'
[2.732s] INFO:colcon.colcon_core.shell:Creating prefix util module '/home/pablo/Desktop/ros2_dam/ros2_ws/install/_local_setup_util_ps1.py'
[2.736s] INFO:colcon.colcon_core.shell:Creating prefix chain script '/home/pablo/Desktop/ros2_dam/ros2_ws/install/setup.ps1'
[2.741s] INFO:colcon.colcon_core.shell:Creating prefix script '/home/pablo/Desktop/ros2_dam/ros2_ws/install/local_setup.sh'
[2.743s] INFO:colcon.colcon_core.shell:Creating prefix util module '/home/pablo/Desktop/ros2_dam/ros2_ws/install/_local_setup_util_sh.py'
[2.744s] INFO:colcon.colcon_core.shell:Creating prefix chain script '/home/pablo/Desktop/ros2_dam/ros2_ws/install/setup.sh'
[2.749s] INFO:colcon.colcon_core.shell:Creating prefix script '/home/pablo/Desktop/ros2_dam/ros2_ws/install/local_setup.bash'
[2.750s] INFO:colcon.colcon_core.shell:Creating prefix chain script '/home/pablo/Desktop/ros2_dam/ros2_ws/install/setup.bash'
[2.755s] INFO:colcon.colcon_core.shell:Creating prefix script '/home/pablo/Desktop/ros2_dam/ros2_ws/install/local_setup.zsh'
[2.756s] INFO:colcon.colcon_core.shell:Creating prefix chain script '/home/pablo/Desktop/ros2_dam/ros2_ws/install/setup.zsh'
