running develop
running egg_info
creating press_moveit_ft45_pkg.egg-info
writing press_moveit_ft45_pkg.egg-info/PKG-INFO
writing dependency_links to press_moveit_ft45_pkg.egg-info/dependency_links.txt
writing requirements to press_moveit_ft45_pkg.egg-info/requires.txt
writing top-level names to press_moveit_ft45_pkg.egg-info/top_level.txt
writing manifest file 'press_moveit_ft45_pkg.egg-info/SOURCES.txt'
reading manifest file 'press_moveit_ft45_pkg.egg-info/SOURCES.txt'
writing manifest file 'press_moveit_ft45_pkg.egg-info/SOURCES.txt'
running build_ext
Creating /home/pablo/Desktop/ros2_dam/ros2_ws/install/press_moveit_ft45_pkg/lib/python3.12/site-packages/press-moveit-ft45-pkg.egg-link (link to .)

Installed /home/pablo/Desktop/ros2_dam/ros2_ws/build/press_moveit_ft45_pkg
running symlink_data
creating /home/pablo/Desktop/ros2_dam/ros2_ws/install/press_moveit_ft45_pkg/share/ament_index
creating /home/pablo/Desktop/ros2_dam/ros2_ws/install/press_moveit_ft45_pkg/share/ament_index/resource_index
creating /home/pablo/Desktop/ros2_dam/ros2_ws/install/press_moveit_ft45_pkg/share/ament_index/resource_index/packages
symbolically linking /home/pablo/Desktop/ros2_dam/ros2_ws/build/press_moveit_ft45_pkg/resource/press_moveit_ft45_pkg -> /home/pablo/Desktop/ros2_dam/ros2_ws/install/press_moveit_ft45_pkg/share/ament_index/resource_index/packages
symbolically linking /home/pablo/Desktop/ros2_dam/ros2_ws/build/press_moveit_ft45_pkg/package.xml -> /home/pablo/Desktop/ros2_dam/ros2_ws/install/press_moveit_ft45_pkg/share/press_moveit_ft45_pkg
creating /home/pablo/Desktop/ros2_dam/ros2_ws/install/press_moveit_ft45_pkg/share/press_moveit_ft45_pkg/launch
symbolically linking /home/pablo/Desktop/ros2_dam/ros2_ws/build/press_moveit_ft45_pkg/launch/press_demo.launch.py -> /home/pablo/Desktop/ros2_dam/ros2_ws/install/press_moveit_ft45_pkg/share/press_moveit_ft45_pkg/launch
