[1.341s] Invoking command in '/home/pablo/Desktop/ros2_dam/ros2_ws/build/press_moveit_ft45_pkg': DEBUGINFOD_URLS=https://debuginfod.ubuntu.com PYTHONPATH=/home/pablo/Desktop/ros2_dam/ros2_ws/build/press_moveit_ft45_pkg/prefix_override:/usr/lib/python3/dist-packages/colcon_core/task/python/colcon_distutils_commands:/home/pablo/Desktop/ros2_dam/ros2_ws/install/press_moveit_ft45_pkg/lib/python3.12/site-packages:${PYTHONPATH} /usr/bin/python3 -W ignore:setup.py install is deprecated -W ignore:easy_install command is deprecated setup.py develop --editable --build-directory /home/pablo/Desktop/ros2_dam/ros2_ws/build/press_moveit_ft45_pkg/build --no-deps symlink_data
[1.814s] running develop
[2.119s] running egg_info
[2.119s] creating press_moveit_ft45_pkg.egg-info
[2.149s] writing press_moveit_ft45_pkg.egg-info/PKG-INFO
[2.149s] writing dependency_links to press_moveit_ft45_pkg.egg-info/dependency_links.txt
[2.149s] writing requirements to press_moveit_ft45_pkg.egg-info/requires.txt
[2.150s] writing top-level names to press_moveit_ft45_pkg.egg-info/top_level.txt
[2.150s] writing manifest file 'press_moveit_ft45_pkg.egg-info/SOURCES.txt'
[2.208s] reading manifest file 'press_moveit_ft45_pkg.egg-info/SOURCES.txt'
[2.209s] writing manifest file 'press_moveit_ft45_pkg.egg-info/SOURCES.txt'
[2.240s] running build_ext
[2.241s] Creating /home/pablo/Desktop/ros2_dam/ros2_ws/install/press_moveit_ft45_pkg/lib/python3.12/site-packages/press-moveit-ft45-pkg.egg-link (link to .)
[2.241s] 
[2.242s] Installed /home/pablo/Desktop/ros2_dam/ros2_ws/build/press_moveit_ft45_pkg
[2.242s] running symlink_data
[2.242s] creating /home/pablo/Desktop/ros2_dam/ros2_ws/install/press_moveit_ft45_pkg/share/ament_index
[2.243s] creating /home/pablo/Desktop/ros2_dam/ros2_ws/install/press_moveit_ft45_pkg/share/ament_index/resource_index
[2.243s] creating /home/pablo/Desktop/ros2_dam/ros2_ws/install/press_moveit_ft45_pkg/share/ament_index/resource_index/packages
[2.244s] symbolically linking /home/pablo/Desktop/ros2_dam/ros2_ws/build/press_moveit_ft45_pkg/resource/press_moveit_ft45_pkg -> /home/pablo/Desktop/ros2_dam/ros2_ws/install/press_moveit_ft45_pkg/share/ament_index/resource_index/packages
[2.244s] symbolically linking /home/pablo/Desktop/ros2_dam/ros2_ws/build/press_moveit_ft45_pkg/package.xml -> /home/pablo/Desktop/ros2_dam/ros2_ws/install/press_moveit_ft45_pkg/share/press_moveit_ft45_pkg
[2.244s] creating /home/pablo/Desktop/ros2_dam/ros2_ws/install/press_moveit_ft45_pkg/share/press_moveit_ft45_pkg/launch
[2.245s] symbolically linking /home/pablo/Desktop/ros2_dam/ros2_ws/build/press_moveit_ft45_pkg/launch/press_demo.launch.py -> /home/pablo/Desktop/ros2_dam/ros2_ws/install/press_moveit_ft45_pkg/share/press_moveit_ft45_pkg/launch
[2.272s] Invoked command in '/home/pablo/Desktop/ros2_dam/ros2_ws/build/press_moveit_ft45_pkg' returned '0': DEBUGINFOD_URLS=https://debuginfod.ubuntu.com PYTHONPATH=/home/pablo/Desktop/ros2_dam/ros2_ws/build/press_moveit_ft45_pkg/prefix_override:/usr/lib/python3/dist-packages/colcon_core/task/python/colcon_distutils_commands:/home/pablo/Desktop/ros2_dam/ros2_ws/install/press_moveit_ft45_pkg/lib/python3.12/site-packages:${PYTHONPATH} /usr/bin/python3 -W ignore:setup.py install is deprecated -W ignore:easy_install command is deprecated setup.py develop --editable --build-directory /home/pablo/Desktop/ros2_dam/ros2_ws/build/press_moveit_ft45_pkg/build --no-deps symlink_data
