-- Found ament_cmake: 2.5.5 (/opt/ros/jazzy/share/ament_cmake/cmake)
-- Override CMake install command with custom implementation using symlinks instead of copying resources
-- Found geometry_msgs: 5.3.6 (/opt/ros/jazzy/share/geometry_msgs/cmake)
-- Found rosidl_generator_c: 4.6.7 (/opt/ros/jazzy/share/rosidl_generator_c/cmake)
-- Found rosidl_generator_cpp: 4.6.7 (/opt/ros/jazzy/share/rosidl_generator_cpp/cmake)
-- Using all available rosidl_typesupport_c: rosidl_typesupport_fastrtps_c;rosidl_typesupport_introspection_c
-- Using all available rosidl_typesupport_cpp: rosidl_typesupport_fastrtps_cpp;rosidl_typesupport_introspection_cpp
-- Found moveit_ros_planning_interface: 2.12.4 (/opt/ros/jazzy/share/moveit_ros_planning_interface/cmake)
-- Found Boost: /usr/lib/x86_64-linux-gnu/cmake/Boost-1.83.0/BoostConfig.cmake (found version "1.83.0") found components: date_time filesystem program_options system thread 
-- Found Boost: /usr/lib/x86_64-linux-gnu/cmake/Boost-1.83.0/BoostConfig.cmake (found version "1.83.0") found components: chrono date_time filesystem iostreams program_options regex serialization system thread 
-- Found parameter_traits: 0.6.0 (/opt/ros/jazzy/share/parameter_traits/cmake)
-- Found rmw_implementation_cmake: 7.3.3 (/opt/ros/jazzy/share/rmw_implementation_cmake/cmake)
-- Found rmw_fastrtps_cpp: 8.4.3 (/opt/ros/jazzy/share/rmw_fastrtps_cpp/cmake)
-- Using RMW implementation 'rmw_fastrtps_cpp' as default
-- Found rclcpp_lifecycle: 28.1.16 (/opt/ros/jazzy/share/rclcpp_lifecycle/cmake)
-- Found Boost: /usr/lib/x86_64-linux-gnu/cmake/Boost-1.83.0/BoostConfig.cmake (found version "1.83.0") found components: filesystem 
-- Ensuring Eigen3 include directory is part of orocos-kdl CMake target
-- Found Boost: /usr/lib/x86_64-linux-gnu/cmake/Boost-1.83.0/BoostConfig.cmake (found version "1.83.0") found components: system filesystem date_time program_options thread chrono 
-- Found Boost: /usr/lib/x86_64-linux-gnu/cmake/Boost-1.83.0/BoostConfig.cmake (found version "1.83.0") found components: thread system filesystem regex date_time program_options 
-- Found Boost: /usr/lib/x86_64-linux-gnu/cmake/Boost-1.83.0/BoostConfig.cmake (found version "1.83.0") found components: system filesystem date_time program_options thread 
-- Configuring done (2.3s)
-- Generating done (0.0s)
-- Build files have been written to: /home/pablo/Desktop/ros2_dam/simulation/lbr-stack/build/lbr_moveit_cpp
[100%] Built target hello_moveit
-- Install configuration: "Release"
-- Execute custom install script
-- Up-to-date symlink: /home/pablo/Desktop/ros2_dam/simulation/lbr-stack/install/lbr_moveit_cpp/share/lbr_moveit_cpp/launch/hello_moveit.launch.py
-- Up-to-date symlink: /home/pablo/Desktop/ros2_dam/simulation/lbr-stack/install/lbr_moveit_cpp/lib/lbr_moveit_cpp/hello_moveit
-- Up-to-date symlink: /home/pablo/Desktop/ros2_dam/simulation/lbr-stack/install/lbr_moveit_cpp/share/ament_index/resource_index/package_run_dependencies/lbr_moveit_cpp
-- Up-to-date symlink: /home/pablo/Desktop/ros2_dam/simulation/lbr-stack/install/lbr_moveit_cpp/share/ament_index/resource_index/parent_prefix_path/lbr_moveit_cpp
-- Up-to-date symlink: /home/pablo/Desktop/ros2_dam/simulation/lbr-stack/install/lbr_moveit_cpp/share/lbr_moveit_cpp/environment/ament_prefix_path.sh
-- Up-to-date symlink: /home/pablo/Desktop/ros2_dam/simulation/lbr-stack/install/lbr_moveit_cpp/share/lbr_moveit_cpp/environment/ament_prefix_path.dsv
-- Up-to-date symlink: /home/pablo/Desktop/ros2_dam/simulation/lbr-stack/install/lbr_moveit_cpp/share/lbr_moveit_cpp/environment/path.sh
-- Up-to-date symlink: /home/pablo/Desktop/ros2_dam/simulation/lbr-stack/install/lbr_moveit_cpp/share/lbr_moveit_cpp/environment/path.dsv
-- Up-to-date symlink: /home/pablo/Desktop/ros2_dam/simulation/lbr-stack/install/lbr_moveit_cpp/share/lbr_moveit_cpp/local_setup.bash
-- Up-to-date symlink: /home/pablo/Desktop/ros2_dam/simulation/lbr-stack/install/lbr_moveit_cpp/share/lbr_moveit_cpp/local_setup.sh
-- Up-to-date symlink: /home/pablo/Desktop/ros2_dam/simulation/lbr-stack/install/lbr_moveit_cpp/share/lbr_moveit_cpp/local_setup.zsh
-- Up-to-date symlink: /home/pablo/Desktop/ros2_dam/simulation/lbr-stack/install/lbr_moveit_cpp/share/lbr_moveit_cpp/local_setup.dsv
-- Symlinking: /home/pablo/Desktop/ros2_dam/simulation/lbr-stack/install/lbr_moveit_cpp/share/lbr_moveit_cpp/package.dsv
-- Up-to-date symlink: /home/pablo/Desktop/ros2_dam/simulation/lbr-stack/install/lbr_moveit_cpp/share/ament_index/resource_index/packages/lbr_moveit_cpp
-- Up-to-date symlink: /home/pablo/Desktop/ros2_dam/simulation/lbr-stack/install/lbr_moveit_cpp/share/lbr_moveit_cpp/cmake/lbr_moveit_cppConfig.cmake
-- Up-to-date symlink: /home/pablo/Desktop/ros2_dam/simulation/lbr-stack/install/lbr_moveit_cpp/share/lbr_moveit_cpp/cmake/lbr_moveit_cppConfig-version.cmake
-- Up-to-date symlink: /home/pablo/Desktop/ros2_dam/simulation/lbr-stack/install/lbr_moveit_cpp/share/lbr_moveit_cpp/package.xml
