/home/pablo/Desktop/ros2_dam/simulation/lbr-stack/install/lbr_demos_py/lib/python3.12/site-packages/lbr_demos_py/joint_sine_overlay.py
/home/pablo/Desktop/ros2_dam/simulation/lbr-stack/install/lbr_demos_py/lib/python3.12/site-packages/lbr_demos_py/joint_trajectory_client.py
/home/pablo/Desktop/ros2_dam/simulation/lbr-stack/install/lbr_demos_py/lib/python3.12/site-packages/lbr_demos_py/__init__.py
/home/pablo/Desktop/ros2_dam/simulation/lbr-stack/install/lbr_demos_py/lib/python3.12/site-packages/lbr_demos_py/torque_sine_overlay.py
/home/pablo/Desktop/ros2_dam/simulation/lbr-stack/install/lbr_demos_py/lib/python3.12/site-packages/lbr_demos_py/wrench_sine_overlay.py
/home/pablo/Desktop/ros2_dam/simulation/lbr-stack/install/lbr_demos_py/lib/python3.12/site-packages/lbr_demos_py/__pycache__/joint_sine_overlay.cpython-312.pyc
/home/pablo/Desktop/ros2_dam/simulation/lbr-stack/install/lbr_demos_py/lib/python3.12/site-packages/lbr_demos_py/__pycache__/joint_trajectory_client.cpython-312.pyc
/home/pablo/Desktop/ros2_dam/simulation/lbr-stack/install/lbr_demos_py/lib/python3.12/site-packages/lbr_demos_py/__pycache__/__init__.cpython-312.pyc
/home/pablo/Desktop/ros2_dam/simulation/lbr-stack/install/lbr_demos_py/lib/python3.12/site-packages/lbr_demos_py/__pycache__/torque_sine_overlay.cpython-312.pyc
/home/pablo/Desktop/ros2_dam/simulation/lbr-stack/install/lbr_demos_py/lib/python3.12/site-packages/lbr_demos_py/__pycache__/wrench_sine_overlay.cpython-312.pyc
/home/pablo/Desktop/ros2_dam/simulation/lbr-stack/install/lbr_demos_py/share/ament_index/resource_index/packages/lbr_demos_py
/home/pablo/Desktop/ros2_dam/simulation/lbr-stack/install/lbr_demos_py/share/lbr_demos_py/package.xml
/home/pablo/Desktop/ros2_dam/simulation/lbr-stack/install/lbr_demos_py/lib/python3.12/site-packages/lbr_demos_py-2.4.3-py3.12.egg-info/zip-safe
/home/pablo/Desktop/ros2_dam/simulation/lbr-stack/install/lbr_demos_py/lib/python3.12/site-packages/lbr_demos_py-2.4.3-py3.12.egg-info/dependency_links.txt
/home/pablo/Desktop/ros2_dam/simulation/lbr-stack/install/lbr_demos_py/lib/python3.12/site-packages/lbr_demos_py-2.4.3-py3.12.egg-info/SOURCES.txt
/home/pablo/Desktop/ros2_dam/simulation/lbr-stack/install/lbr_demos_py/lib/python3.12/site-packages/lbr_demos_py-2.4.3-py3.12.egg-info/top_level.txt
/home/pablo/Desktop/ros2_dam/simulation/lbr-stack/install/lbr_demos_py/lib/python3.12/site-packages/lbr_demos_py-2.4.3-py3.12.egg-info/requires.txt
/home/pablo/Desktop/ros2_dam/simulation/lbr-stack/install/lbr_demos_py/lib/python3.12/site-packages/lbr_demos_py-2.4.3-py3.12.egg-info/PKG-INFO
/home/pablo/Desktop/ros2_dam/simulation/lbr-stack/install/lbr_demos_py/lib/python3.12/site-packages/lbr_demos_py-2.4.3-py3.12.egg-info/entry_points.txt
/home/pablo/Desktop/ros2_dam/simulation/lbr-stack/install/lbr_demos_py/lib/lbr_demos_py/joint_sine_overlay
/home/pablo/Desktop/ros2_dam/simulation/lbr-stack/install/lbr_demos_py/lib/lbr_demos_py/joint_trajectory_client
/home/pablo/Desktop/ros2_dam/simulation/lbr-stack/install/lbr_demos_py/lib/lbr_demos_py/torque_sine_overlay
/home/pablo/Desktop/ros2_dam/simulation/lbr-stack/install/lbr_demos_py/lib/lbr_demos_py/wrench_sine_overlay
