running egg_info
writing ../../build/baile_sencillo/baile_sencillo.egg-info/PKG-INFO
writing dependency_links to ../../build/baile_sencillo/baile_sencillo.egg-info/dependency_links.txt
writing entry points to ../../build/baile_sencillo/baile_sencillo.egg-info/entry_points.txt
writing requirements to ../../build/baile_sencillo/baile_sencillo.egg-info/requires.txt
writing top-level names to ../../build/baile_sencillo/baile_sencillo.egg-info/top_level.txt
reading manifest file '../../build/baile_sencillo/baile_sencillo.egg-info/SOURCES.txt'
writing manifest file '../../build/baile_sencillo/baile_sencillo.egg-info/SOURCES.txt'
running build
running build_py
running install
running install_lib
copying /home/pablo/Desktop/ros2_dam/ros2_ws/build/baile_sencillo/build/lib/baile_sencillo/movimiento_robot.py -> /home/pablo/Desktop/ros2_dam/ros2_ws/install/baile_sencillo/lib/python3.12/site-packages/baile_sencillo
byte-compiling /home/pablo/Desktop/ros2_dam/ros2_ws/install/baile_sencillo/lib/python3.12/site-packages/baile_sencillo/movimiento_robot.py to movimiento_robot.cpython-312.pyc
running install_data
running install_egg_info
removing '/home/pablo/Desktop/ros2_dam/ros2_ws/install/baile_sencillo/lib/python3.12/site-packages/baile_sencillo-0.0.0-py3.12.egg-info' (and everything under it)
Copying ../../build/baile_sencillo/baile_sencillo.egg-info to /home/pablo/Desktop/ros2_dam/ros2_ws/install/baile_sencillo/lib/python3.12/site-packages/baile_sencillo-0.0.0-py3.12.egg-info
running install_scripts
Installing movimiento_robot script to /home/pablo/Desktop/ros2_dam/ros2_ws/install/baile_sencillo/lib/baile_sencillo
writing list of installed files to '/home/pablo/Desktop/ros2_dam/ros2_ws/build/baile_sencillo/install.log'
