running egg_info
creating ../../build/press_moveit_ft45_pkg/press_moveit_ft45_pkg.egg-info
writing ../../build/press_moveit_ft45_pkg/press_moveit_ft45_pkg.egg-info/PKG-INFO
writing dependency_links to ../../build/press_moveit_ft45_pkg/press_moveit_ft45_pkg.egg-info/dependency_links.txt
writing entry points to ../../build/press_moveit_ft45_pkg/press_moveit_ft45_pkg.egg-info/entry_points.txt
writing requirements to ../../build/press_moveit_ft45_pkg/press_moveit_ft45_pkg.egg-info/requires.txt
writing top-level names to ../../build/press_moveit_ft45_pkg/press_moveit_ft45_pkg.egg-info/top_level.txt
writing manifest file '../../build/press_moveit_ft45_pkg/press_moveit_ft45_pkg.egg-info/SOURCES.txt'
reading manifest file '../../build/press_moveit_ft45_pkg/press_moveit_ft45_pkg.egg-info/SOURCES.txt'
adding license file 'LICENSE'
writing manifest file '../../build/press_moveit_ft45_pkg/press_moveit_ft45_pkg.egg-info/SOURCES.txt'
running build
running build_py
creating /home/pablo/Desktop/ros2_dam/ros2_ws/build/press_moveit_ft45_pkg/build
creating /home/pablo/Desktop/ros2_dam/ros2_ws/build/press_moveit_ft45_pkg/build/lib
creating /home/pablo/Desktop/ros2_dam/ros2_ws/build/press_moveit_ft45_pkg/build/lib/press_moveit_ft45_pkg
copying press_moveit_ft45_pkg/__init__.py -> /home/pablo/Desktop/ros2_dam/ros2_ws/build/press_moveit_ft45_pkg/build/lib/press_moveit_ft45_pkg
copying press_moveit_ft45_pkg/press_motion_node.py -> /home/pablo/Desktop/ros2_dam/ros2_ws/build/press_moveit_ft45_pkg/build/lib/press_moveit_ft45_pkg
running install
running install_lib
creating /home/pablo/Desktop/ros2_dam/ros2_ws/install/press_moveit_ft45_pkg/lib/python3.12/site-packages/press_moveit_ft45_pkg
copying /home/pablo/Desktop/ros2_dam/ros2_ws/build/press_moveit_ft45_pkg/build/lib/press_moveit_ft45_pkg/__init__.py -> /home/pablo/Desktop/ros2_dam/ros2_ws/install/press_moveit_ft45_pkg/lib/python3.12/site-packages/press_moveit_ft45_pkg
copying /home/pablo/Desktop/ros2_dam/ros2_ws/build/press_moveit_ft45_pkg/build/lib/press_moveit_ft45_pkg/press_motion_node.py -> /home/pablo/Desktop/ros2_dam/ros2_ws/install/press_moveit_ft45_pkg/lib/python3.12/site-packages/press_moveit_ft45_pkg
byte-compiling /home/pablo/Desktop/ros2_dam/ros2_ws/install/press_moveit_ft45_pkg/lib/python3.12/site-packages/press_moveit_ft45_pkg/__init__.py to __init__.cpython-312.pyc
byte-compiling /home/pablo/Desktop/ros2_dam/ros2_ws/install/press_moveit_ft45_pkg/lib/python3.12/site-packages/press_moveit_ft45_pkg/press_motion_node.py to press_motion_node.cpython-312.pyc
running install_data
creating /home/pablo/Desktop/ros2_dam/ros2_ws/install/press_moveit_ft45_pkg/share/ament_index
creating /home/pablo/Desktop/ros2_dam/ros2_ws/install/press_moveit_ft45_pkg/share/ament_index/resource_index
creating /home/pablo/Desktop/ros2_dam/ros2_ws/install/press_moveit_ft45_pkg/share/ament_index/resource_index/packages
copying resource/press_moveit_ft45_pkg -> /home/pablo/Desktop/ros2_dam/ros2_ws/install/press_moveit_ft45_pkg/share/ament_index/resource_index/packages
copying package.xml -> /home/pablo/Desktop/ros2_dam/ros2_ws/install/press_moveit_ft45_pkg/share/press_moveit_ft45_pkg
creating /home/pablo/Desktop/ros2_dam/ros2_ws/install/press_moveit_ft45_pkg/share/press_moveit_ft45_pkg/launch
copying launch/press_demo.launch.py -> /home/pablo/Desktop/ros2_dam/ros2_ws/install/press_moveit_ft45_pkg/share/press_moveit_ft45_pkg/launch
running install_egg_info
Copying ../../build/press_moveit_ft45_pkg/press_moveit_ft45_pkg.egg-info to /home/pablo/Desktop/ros2_dam/ros2_ws/install/press_moveit_ft45_pkg/lib/python3.12/site-packages/press_moveit_ft45_pkg-0.1.0-py3.12.egg-info
running install_scripts
Installing press_motion_node script to /home/pablo/Desktop/ros2_dam/ros2_ws/install/press_moveit_ft45_pkg/lib/press_moveit_ft45_pkg
writing list of installed files to '/home/pablo/Desktop/ros2_dam/ros2_ws/build/press_moveit_ft45_pkg/install.log'
