[1.722s] Invoking command in '/home/pablo/Desktop/ros2_dam/ros2_ws/src/press_moveit_ft45_pkg': DEBUGINFOD_URLS=https://debuginfod.ubuntu.com PYTHONPATH=/home/pablo/Desktop/ros2_dam/ros2_ws/build/press_moveit_ft45_pkg/prefix_override:/usr/lib/python3/dist-packages/colcon_core/task/python/colcon_distutils_commands:/home/pablo/Desktop/ros2_dam/ros2_ws/install/press_moveit_ft45_pkg/lib/python3.12/site-packages:${PYTHONPATH} /usr/bin/python3 -W ignore:setup.py install is deprecated -W ignore:easy_install command is deprecated setup.py egg_info --egg-base ../../build/press_moveit_ft45_pkg build --build-base /home/pablo/Desktop/ros2_dam/ros2_ws/build/press_moveit_ft45_pkg/build install --record /home/pablo/Desktop/ros2_dam/ros2_ws/build/press_moveit_ft45_pkg/install.log --single-version-externally-managed install_data
[2.190s] running egg_info
[2.190s] creating ../../build/press_moveit_ft45_pkg/press_moveit_ft45_pkg.egg-info
[2.232s] writing ../../build/press_moveit_ft45_pkg/press_moveit_ft45_pkg.egg-info/PKG-INFO
[2.233s] writing dependency_links to ../../build/press_moveit_ft45_pkg/press_moveit_ft45_pkg.egg-info/dependency_links.txt
[2.233s] writing entry points to ../../build/press_moveit_ft45_pkg/press_moveit_ft45_pkg.egg-info/entry_points.txt
[2.233s] writing requirements to ../../build/press_moveit_ft45_pkg/press_moveit_ft45_pkg.egg-info/requires.txt
[2.234s] writing top-level names to ../../build/press_moveit_ft45_pkg/press_moveit_ft45_pkg.egg-info/top_level.txt
[2.234s] writing manifest file '../../build/press_moveit_ft45_pkg/press_moveit_ft45_pkg.egg-info/SOURCES.txt'
[2.318s] reading manifest file '../../build/press_moveit_ft45_pkg/press_moveit_ft45_pkg.egg-info/SOURCES.txt'
[2.320s] adding license file 'LICENSE'
[2.320s] writing manifest file '../../build/press_moveit_ft45_pkg/press_moveit_ft45_pkg.egg-info/SOURCES.txt'
[2.321s] running build
[2.321s] running build_py
[2.322s] creating /home/pablo/Desktop/ros2_dam/ros2_ws/build/press_moveit_ft45_pkg/build
[2.322s] creating /home/pablo/Desktop/ros2_dam/ros2_ws/build/press_moveit_ft45_pkg/build/lib
[2.323s] creating /home/pablo/Desktop/ros2_dam/ros2_ws/build/press_moveit_ft45_pkg/build/lib/press_moveit_ft45_pkg
[2.323s] copying press_moveit_ft45_pkg/__init__.py -> /home/pablo/Desktop/ros2_dam/ros2_ws/build/press_moveit_ft45_pkg/build/lib/press_moveit_ft45_pkg
[2.323s] copying press_moveit_ft45_pkg/press_motion_node.py -> /home/pablo/Desktop/ros2_dam/ros2_ws/build/press_moveit_ft45_pkg/build/lib/press_moveit_ft45_pkg
[2.324s] running install
[2.333s] running install_lib
[2.373s] creating /home/pablo/Desktop/ros2_dam/ros2_ws/install/press_moveit_ft45_pkg/lib/python3.12/site-packages/press_moveit_ft45_pkg
[2.374s] copying /home/pablo/Desktop/ros2_dam/ros2_ws/build/press_moveit_ft45_pkg/build/lib/press_moveit_ft45_pkg/__init__.py -> /home/pablo/Desktop/ros2_dam/ros2_ws/install/press_moveit_ft45_pkg/lib/python3.12/site-packages/press_moveit_ft45_pkg
[2.374s] copying /home/pablo/Desktop/ros2_dam/ros2_ws/build/press_moveit_ft45_pkg/build/lib/press_moveit_ft45_pkg/press_motion_node.py -> /home/pablo/Desktop/ros2_dam/ros2_ws/install/press_moveit_ft45_pkg/lib/python3.12/site-packages/press_moveit_ft45_pkg
[2.375s] byte-compiling /home/pablo/Desktop/ros2_dam/ros2_ws/install/press_moveit_ft45_pkg/lib/python3.12/site-packages/press_moveit_ft45_pkg/__init__.py to __init__.cpython-312.pyc
[2.375s] byte-compiling /home/pablo/Desktop/ros2_dam/ros2_ws/install/press_moveit_ft45_pkg/lib/python3.12/site-packages/press_moveit_ft45_pkg/press_motion_node.py to press_motion_node.cpython-312.pyc
[2.376s] running install_data
[2.377s] creating /home/pablo/Desktop/ros2_dam/ros2_ws/install/press_moveit_ft45_pkg/share/ament_index
[2.377s] creating /home/pablo/Desktop/ros2_dam/ros2_ws/install/press_moveit_ft45_pkg/share/ament_index/resource_index
[2.378s] creating /home/pablo/Desktop/ros2_dam/ros2_ws/install/press_moveit_ft45_pkg/share/ament_index/resource_index/packages
[2.378s] copying resource/press_moveit_ft45_pkg -> /home/pablo/Desktop/ros2_dam/ros2_ws/install/press_moveit_ft45_pkg/share/ament_index/resource_index/packages
[2.379s] copying package.xml -> /home/pablo/Desktop/ros2_dam/ros2_ws/install/press_moveit_ft45_pkg/share/press_moveit_ft45_pkg
[2.379s] creating /home/pablo/Desktop/ros2_dam/ros2_ws/install/press_moveit_ft45_pkg/share/press_moveit_ft45_pkg/launch
[2.379s] copying launch/press_demo.launch.py -> /home/pablo/Desktop/ros2_dam/ros2_ws/install/press_moveit_ft45_pkg/share/press_moveit_ft45_pkg/launch
[2.380s] running install_egg_info
[2.420s] Copying ../../build/press_moveit_ft45_pkg/press_moveit_ft45_pkg.egg-info to /home/pablo/Desktop/ros2_dam/ros2_ws/install/press_moveit_ft45_pkg/lib/python3.12/site-packages/press_moveit_ft45_pkg-0.1.0-py3.12.egg-info
[2.422s] running install_scripts
[2.665s] Installing press_motion_node script to /home/pablo/Desktop/ros2_dam/ros2_ws/install/press_moveit_ft45_pkg/lib/press_moveit_ft45_pkg
[2.666s] writing list of installed files to '/home/pablo/Desktop/ros2_dam/ros2_ws/build/press_moveit_ft45_pkg/install.log'
[2.705s] Invoked command in '/home/pablo/Desktop/ros2_dam/ros2_ws/src/press_moveit_ft45_pkg' returned '0': DEBUGINFOD_URLS=https://debuginfod.ubuntu.com PYTHONPATH=/home/pablo/Desktop/ros2_dam/ros2_ws/build/press_moveit_ft45_pkg/prefix_override:/usr/lib/python3/dist-packages/colcon_core/task/python/colcon_distutils_commands:/home/pablo/Desktop/ros2_dam/ros2_ws/install/press_moveit_ft45_pkg/lib/python3.12/site-packages:${PYTHONPATH} /usr/bin/python3 -W ignore:setup.py install is deprecated -W ignore:easy_install command is deprecated setup.py egg_info --egg-base ../../build/press_moveit_ft45_pkg build --build-base /home/pablo/Desktop/ros2_dam/ros2_ws/build/press_moveit_ft45_pkg/build install --record /home/pablo/Desktop/ros2_dam/ros2_ws/build/press_moveit_ft45_pkg/install.log --single-version-externally-managed install_data
