[1.394s] Invoking command in '/home/pablo/Desktop/ros2_dam/ros2_ws/src/baile_sencillo': DEBUGINFOD_URLS=https://debuginfod.ubuntu.com PYTHONPATH=/home/pablo/Desktop/ros2_dam/ros2_ws/build/baile_sencillo/prefix_override:/usr/lib/python3/dist-packages/colcon_core/task/python/colcon_distutils_commands:/home/pablo/Desktop/ros2_dam/ros2_ws/install/baile_sencillo/lib/python3.12/site-packages:${PYTHONPATH} /usr/bin/python3 -W ignore:setup.py install is deprecated -W ignore:easy_install command is deprecated setup.py egg_info --egg-base ../../build/baile_sencillo build --build-base /home/pablo/Desktop/ros2_dam/ros2_ws/build/baile_sencillo/build install --record /home/pablo/Desktop/ros2_dam/ros2_ws/build/baile_sencillo/install.log --single-version-externally-managed install_data
[1.853s] running egg_info
[1.886s] writing ../../build/baile_sencillo/baile_sencillo.egg-info/PKG-INFO
[1.887s] writing dependency_links to ../../build/baile_sencillo/baile_sencillo.egg-info/dependency_links.txt
[1.887s] writing entry points to ../../build/baile_sencillo/baile_sencillo.egg-info/entry_points.txt
[1.887s] writing requirements to ../../build/baile_sencillo/baile_sencillo.egg-info/requires.txt
[1.888s] writing top-level names to ../../build/baile_sencillo/baile_sencillo.egg-info/top_level.txt
[1.961s] reading manifest file '../../build/baile_sencillo/baile_sencillo.egg-info/SOURCES.txt'
[1.962s] writing manifest file '../../build/baile_sencillo/baile_sencillo.egg-info/SOURCES.txt'
[1.962s] running build
[1.963s] running build_py
[1.963s] copying baile_sencillo/movimiento_robot.py -> /home/pablo/Desktop/ros2_dam/ros2_ws/build/baile_sencillo/build/lib/baile_sencillo
[1.964s] running install
[1.971s] running install_lib
[2.010s] copying /home/pablo/Desktop/ros2_dam/ros2_ws/build/baile_sencillo/build/lib/baile_sencillo/movimiento_robot.py -> /home/pablo/Desktop/ros2_dam/ros2_ws/install/baile_sencillo/lib/python3.12/site-packages/baile_sencillo
[2.011s] byte-compiling /home/pablo/Desktop/ros2_dam/ros2_ws/install/baile_sencillo/lib/python3.12/site-packages/baile_sencillo/movimiento_robot.py to movimiento_robot.cpython-312.pyc
[2.014s] running install_data
[2.014s] running install_egg_info
[2.052s] removing '/home/pablo/Desktop/ros2_dam/ros2_ws/install/baile_sencillo/lib/python3.12/site-packages/baile_sencillo-0.0.0-py3.12.egg-info' (and everything under it)
[2.053s] Copying ../../build/baile_sencillo/baile_sencillo.egg-info to /home/pablo/Desktop/ros2_dam/ros2_ws/install/baile_sencillo/lib/python3.12/site-packages/baile_sencillo-0.0.0-py3.12.egg-info
[2.053s] running install_scripts
[2.301s] Installing movimiento_robot script to /home/pablo/Desktop/ros2_dam/ros2_ws/install/baile_sencillo/lib/baile_sencillo
[2.301s] writing list of installed files to '/home/pablo/Desktop/ros2_dam/ros2_ws/build/baile_sencillo/install.log'
[2.340s] Invoked command in '/home/pablo/Desktop/ros2_dam/ros2_ws/src/baile_sencillo' returned '0': DEBUGINFOD_URLS=https://debuginfod.ubuntu.com PYTHONPATH=/home/pablo/Desktop/ros2_dam/ros2_ws/build/baile_sencillo/prefix_override:/usr/lib/python3/dist-packages/colcon_core/task/python/colcon_distutils_commands:/home/pablo/Desktop/ros2_dam/ros2_ws/install/baile_sencillo/lib/python3.12/site-packages:${PYTHONPATH} /usr/bin/python3 -W ignore:setup.py install is deprecated -W ignore:easy_install command is deprecated setup.py egg_info --egg-base ../../build/baile_sencillo build --build-base /home/pablo/Desktop/ros2_dam/ros2_ws/build/baile_sencillo/build install --record /home/pablo/Desktop/ros2_dam/ros2_ws/build/baile_sencillo/install.log --single-version-externally-managed install_data
