[0.022s] Invoking command in '/home/pablo/Desktop/ros2_dam/simulation/lbr-stack/build/lbr_bringup': AMENT_PREFIX_PATH=/home/pablo/Desktop/ros2_dam/simulation/lbr-stack/install/lbr_ros2_control:/home/pablo/Desktop/ros2_dam/simulation/lbr-stack/install/lbr_fri_ros2:/home/pablo/Desktop/ros2_dam/simulation/lbr-stack/install/lbr_fri_idl:/home/pablo/Desktop/ros2_dam/simulation/lbr-stack/install/lbr_description:${AMENT_PREFIX_PATH} CMAKE_PREFIX_PATH=/home/pablo/Desktop/ros2_dam/simulation/lbr-stack/install/lbr_ros2_control:/home/pablo/Desktop/ros2_dam/simulation/lbr-stack/install/lbr_fri_ros2:/home/pablo/Desktop/ros2_dam/simulation/lbr-stack/install/lbr_fri_idl:/home/pablo/Desktop/ros2_dam/simulation/lbr-stack/install/lbr_description:/home/pablo/Desktop/ros2_dam/simulation/lbr-stack/install/fri_client_sdk:/opt/ros/jazzy/opt/gz_sim_vendor:/opt/ros/jazzy/opt/gz_sensors_vendor:/opt/ros/jazzy/opt/gz_physics_vendor:/opt/ros/jazzy/opt/sdformat_vendor:/opt/ros/jazzy/opt/gz_gui_vendor:/opt/ros/jazzy/opt/gz_transport_vendor:/opt/ros/jazzy/opt/gz_rendering_vendor:/opt/ros/jazzy/opt/gz_plugin_vendor:/opt/ros/jazzy/opt/gz_fuel_tools_vendor:/opt/ros/jazzy/opt/gz_msgs_vendor:/opt/ros/jazzy/opt/gz_common_vendor:/opt/ros/jazzy/opt/gz_math_vendor:/opt/ros/jazzy/opt/gz_utils_vendor:/opt/ros/jazzy/opt/gz_tools_vendor:/opt/ros/jazzy/opt/gz_ogre_next_vendor:/opt/ros/jazzy/opt/gz_dartsim_vendor:/opt/ros/jazzy/opt/gz_cmake_vendor:/opt/ros/jazzy DEBUGINFOD_URLS=https://debuginfod.ubuntu.com LD_LIBRARY_PATH=/home/pablo/Desktop/ros2_dam/simulation/lbr-stack/install/lbr_ros2_control/lib:/home/pablo/Desktop/ros2_dam/simulation/lbr-stack/install/lbr_fri_ros2/lib:/home/pablo/Desktop/ros2_dam/simulation/lbr-stack/install/lbr_fri_idl/lib:/home/pablo/Desktop/ros2_dam/simulation/lbr-stack/install/fri_client_sdk/lib:${LD_LIBRARY_PATH} PKG_CONFIG_PATH=/home/pablo/Desktop/ros2_dam/simulation/lbr-stack/install/fri_client_sdk/lib/x86_64-linux-gnu/pkgconfig:/home/pablo/Desktop/ros2_dam/simulation/lbr-stack/install/fri_client_sdk/lib/pkgconfig PYTHONPATH=/home/pablo/Desktop/ros2_dam/simulation/lbr-stack/install/lbr_fri_idl/lib/python3.12/site-packages:${PYTHONPATH} /usr/bin/cmake /home/pablo/Desktop/ros2_dam/simulation/lbr-stack/src/lbr_fri_ros2_stack/lbr_bringup -DAMENT_CMAKE_SYMLINK_INSTALL=1 -DCMAKE_INSTALL_PREFIX=/home/pablo/Desktop/ros2_dam/simulation/lbr-stack/install/lbr_bringup
[0.095s] -- The C compiler identification is GNU 13.3.0
[0.170s] -- The CXX compiler identification is GNU 13.3.0
[0.196s] -- Detecting C compiler ABI info
[0.304s] -- Detecting C compiler ABI info - done
[0.319s] -- Check for working C compiler: /usr/bin/cc - skipped
[0.320s] -- Detecting C compile features
[0.320s] -- Detecting C compile features - done
[0.332s] -- Detecting CXX compiler ABI info
[0.446s] -- Detecting CXX compiler ABI info - done
[0.461s] -- Check for working CXX compiler: /usr/bin/c++ - skipped
[0.461s] -- Detecting CXX compile features
[0.462s] -- Detecting CXX compile features - done
[0.468s] -- Found ament_cmake: 2.5.5 (/opt/ros/jazzy/share/ament_cmake/cmake)
[0.663s] -- Found Python3: /usr/bin/python3 (found version "3.12.3") found components: Interpreter 
[0.745s] -- Override CMake install command with custom implementation using symlinks instead of copying resources
[1.084s] -- Configuring done (1.1s)
[1.094s] -- Generating done (0.0s)
[1.100s] -- Build files have been written to: /home/pablo/Desktop/ros2_dam/simulation/lbr-stack/build/lbr_bringup
[1.110s] Invoked command in '/home/pablo/Desktop/ros2_dam/simulation/lbr-stack/build/lbr_bringup' returned '0': AMENT_PREFIX_PATH=/home/pablo/Desktop/ros2_dam/simulation/lbr-stack/install/lbr_ros2_control:/home/pablo/Desktop/ros2_dam/simulation/lbr-stack/install/lbr_fri_ros2:/home/pablo/Desktop/ros2_dam/simulation/lbr-stack/install/lbr_fri_idl:/home/pablo/Desktop/ros2_dam/simulation/lbr-stack/install/lbr_description:${AMENT_PREFIX_PATH} CMAKE_PREFIX_PATH=/home/pablo/Desktop/ros2_dam/simulation/lbr-stack/install/lbr_ros2_control:/home/pablo/Desktop/ros2_dam/simulation/lbr-stack/install/lbr_fri_ros2:/home/pablo/Desktop/ros2_dam/simulation/lbr-stack/install/lbr_fri_idl:/home/pablo/Desktop/ros2_dam/simulation/lbr-stack/install/lbr_description:/home/pablo/Desktop/ros2_dam/simulation/lbr-stack/install/fri_client_sdk:/opt/ros/jazzy/opt/gz_sim_vendor:/opt/ros/jazzy/opt/gz_sensors_vendor:/opt/ros/jazzy/opt/gz_physics_vendor:/opt/ros/jazzy/opt/sdformat_vendor:/opt/ros/jazzy/opt/gz_gui_vendor:/opt/ros/jazzy/opt/gz_transport_vendor:/opt/ros/jazzy/opt/gz_rendering_vendor:/opt/ros/jazzy/opt/gz_plugin_vendor:/opt/ros/jazzy/opt/gz_fuel_tools_vendor:/opt/ros/jazzy/opt/gz_msgs_vendor:/opt/ros/jazzy/opt/gz_common_vendor:/opt/ros/jazzy/opt/gz_math_vendor:/opt/ros/jazzy/opt/gz_utils_vendor:/opt/ros/jazzy/opt/gz_tools_vendor:/opt/ros/jazzy/opt/gz_ogre_next_vendor:/opt/ros/jazzy/opt/gz_dartsim_vendor:/opt/ros/jazzy/opt/gz_cmake_vendor:/opt/ros/jazzy DEBUGINFOD_URLS=https://debuginfod.ubuntu.com LD_LIBRARY_PATH=/home/pablo/Desktop/ros2_dam/simulation/lbr-stack/install/lbr_ros2_control/lib:/home/pablo/Desktop/ros2_dam/simulation/lbr-stack/install/lbr_fri_ros2/lib:/home/pablo/Desktop/ros2_dam/simulation/lbr-stack/install/lbr_fri_idl/lib:/home/pablo/Desktop/ros2_dam/simulation/lbr-stack/install/fri_client_sdk/lib:${LD_LIBRARY_PATH} PKG_CONFIG_PATH=/home/pablo/Desktop/ros2_dam/simulation/lbr-stack/install/fri_client_sdk/lib/x86_64-linux-gnu/pkgconfig:/home/pablo/Desktop/ros2_dam/simulation/lbr-stack/install/fri_client_sdk/lib/pkgconfig PYTHONPATH=/home/pablo/Desktop/ros2_dam/simulation/lbr-stack/install/lbr_fri_idl/lib/python3.12/site-packages:${PYTHONPATH} /usr/bin/cmake /home/pablo/Desktop/ros2_dam/simulation/lbr-stack/src/lbr_fri_ros2_stack/lbr_bringup -DAMENT_CMAKE_SYMLINK_INSTALL=1 -DCMAKE_INSTALL_PREFIX=/home/pablo/Desktop/ros2_dam/simulation/lbr-stack/install/lbr_bringup
[1.111s] Invoking command in '/home/pablo/Desktop/ros2_dam/simulation/lbr-stack/build/lbr_bringup': AMENT_PREFIX_PATH=/home/pablo/Desktop/ros2_dam/simulation/lbr-stack/install/lbr_ros2_control:/home/pablo/Desktop/ros2_dam/simulation/lbr-stack/install/lbr_fri_ros2:/home/pablo/Desktop/ros2_dam/simulation/lbr-stack/install/lbr_fri_idl:/home/pablo/Desktop/ros2_dam/simulation/lbr-stack/install/lbr_description:${AMENT_PREFIX_PATH} CMAKE_PREFIX_PATH=/home/pablo/Desktop/ros2_dam/simulation/lbr-stack/install/lbr_ros2_control:/home/pablo/Desktop/ros2_dam/simulation/lbr-stack/install/lbr_fri_ros2:/home/pablo/Desktop/ros2_dam/simulation/lbr-stack/install/lbr_fri_idl:/home/pablo/Desktop/ros2_dam/simulation/lbr-stack/install/lbr_description:/home/pablo/Desktop/ros2_dam/simulation/lbr-stack/install/fri_client_sdk:/opt/ros/jazzy/opt/gz_sim_vendor:/opt/ros/jazzy/opt/gz_sensors_vendor:/opt/ros/jazzy/opt/gz_physics_vendor:/opt/ros/jazzy/opt/sdformat_vendor:/opt/ros/jazzy/opt/gz_gui_vendor:/opt/ros/jazzy/opt/gz_transport_vendor:/opt/ros/jazzy/opt/gz_rendering_vendor:/opt/ros/jazzy/opt/gz_plugin_vendor:/opt/ros/jazzy/opt/gz_fuel_tools_vendor:/opt/ros/jazzy/opt/gz_msgs_vendor:/opt/ros/jazzy/opt/gz_common_vendor:/opt/ros/jazzy/opt/gz_math_vendor:/opt/ros/jazzy/opt/gz_utils_vendor:/opt/ros/jazzy/opt/gz_tools_vendor:/opt/ros/jazzy/opt/gz_ogre_next_vendor:/opt/ros/jazzy/opt/gz_dartsim_vendor:/opt/ros/jazzy/opt/gz_cmake_vendor:/opt/ros/jazzy DEBUGINFOD_URLS=https://debuginfod.ubuntu.com LD_LIBRARY_PATH=/home/pablo/Desktop/ros2_dam/simulation/lbr-stack/install/lbr_ros2_control/lib:/home/pablo/Desktop/ros2_dam/simulation/lbr-stack/install/lbr_fri_ros2/lib:/home/pablo/Desktop/ros2_dam/simulation/lbr-stack/install/lbr_fri_idl/lib:/home/pablo/Desktop/ros2_dam/simulation/lbr-stack/install/fri_client_sdk/lib:${LD_LIBRARY_PATH} PKG_CONFIG_PATH=/home/pablo/Desktop/ros2_dam/simulation/lbr-stack/install/fri_client_sdk/lib/x86_64-linux-gnu/pkgconfig:/home/pablo/Desktop/ros2_dam/simulation/lbr-stack/install/fri_client_sdk/lib/pkgconfig PYTHONPATH=/home/pablo/Desktop/ros2_dam/simulation/lbr-stack/install/lbr_fri_idl/lib/python3.12/site-packages:${PYTHONPATH} /usr/bin/cmake --build /home/pablo/Desktop/ros2_dam/simulation/lbr-stack/build/lbr_bringup -- -j12 -l12
[1.188s] Built target ament_cmake_python_symlink_lbr_bringup
[1.454s] running egg_info
[1.483s] writing lbr_bringup.egg-info/PKG-INFO
[1.483s] writing dependency_links to lbr_bringup.egg-info/dependency_links.txt
[1.484s] writing top-level names to lbr_bringup.egg-info/top_level.txt
[1.484s] writing manifest file 'lbr_bringup.egg-info/SOURCES.txt'
[1.564s] reading manifest file 'lbr_bringup.egg-info/SOURCES.txt'
[1.564s] writing manifest file 'lbr_bringup.egg-info/SOURCES.txt'
[1.593s] Built target ament_cmake_python_build_lbr_bringup_egg
[1.610s] Invoked command in '/home/pablo/Desktop/ros2_dam/simulation/lbr-stack/build/lbr_bringup' returned '0': AMENT_PREFIX_PATH=/home/pablo/Desktop/ros2_dam/simulation/lbr-stack/install/lbr_ros2_control:/home/pablo/Desktop/ros2_dam/simulation/lbr-stack/install/lbr_fri_ros2:/home/pablo/Desktop/ros2_dam/simulation/lbr-stack/install/lbr_fri_idl:/home/pablo/Desktop/ros2_dam/simulation/lbr-stack/install/lbr_description:${AMENT_PREFIX_PATH} CMAKE_PREFIX_PATH=/home/pablo/Desktop/ros2_dam/simulation/lbr-stack/install/lbr_ros2_control:/home/pablo/Desktop/ros2_dam/simulation/lbr-stack/install/lbr_fri_ros2:/home/pablo/Desktop/ros2_dam/simulation/lbr-stack/install/lbr_fri_idl:/home/pablo/Desktop/ros2_dam/simulation/lbr-stack/install/lbr_description:/home/pablo/Desktop/ros2_dam/simulation/lbr-stack/install/fri_client_sdk:/opt/ros/jazzy/opt/gz_sim_vendor:/opt/ros/jazzy/opt/gz_sensors_vendor:/opt/ros/jazzy/opt/gz_physics_vendor:/opt/ros/jazzy/opt/sdformat_vendor:/opt/ros/jazzy/opt/gz_gui_vendor:/opt/ros/jazzy/opt/gz_transport_vendor:/opt/ros/jazzy/opt/gz_rendering_vendor:/opt/ros/jazzy/opt/gz_plugin_vendor:/opt/ros/jazzy/opt/gz_fuel_tools_vendor:/opt/ros/jazzy/opt/gz_msgs_vendor:/opt/ros/jazzy/opt/gz_common_vendor:/opt/ros/jazzy/opt/gz_math_vendor:/opt/ros/jazzy/opt/gz_utils_vendor:/opt/ros/jazzy/opt/gz_tools_vendor:/opt/ros/jazzy/opt/gz_ogre_next_vendor:/opt/ros/jazzy/opt/gz_dartsim_vendor:/opt/ros/jazzy/opt/gz_cmake_vendor:/opt/ros/jazzy DEBUGINFOD_URLS=https://debuginfod.ubuntu.com LD_LIBRARY_PATH=/home/pablo/Desktop/ros2_dam/simulation/lbr-stack/install/lbr_ros2_control/lib:/home/pablo/Desktop/ros2_dam/simulation/lbr-stack/install/lbr_fri_ros2/lib:/home/pablo/Desktop/ros2_dam/simulation/lbr-stack/install/lbr_fri_idl/lib:/home/pablo/Desktop/ros2_dam/simulation/lbr-stack/install/fri_client_sdk/lib:${LD_LIBRARY_PATH} PKG_CONFIG_PATH=/home/pablo/Desktop/ros2_dam/simulation/lbr-stack/install/fri_client_sdk/lib/x86_64-linux-gnu/pkgconfig:/home/pablo/Desktop/ros2_dam/simulation/lbr-stack/install/fri_client_sdk/lib/pkgconfig PYTHONPATH=/home/pablo/Desktop/ros2_dam/simulation/lbr-stack/install/lbr_fri_idl/lib/python3.12/site-packages:${PYTHONPATH} /usr/bin/cmake --build /home/pablo/Desktop/ros2_dam/simulation/lbr-stack/build/lbr_bringup -- -j12 -l12
[1.612s] Invoking command in '/home/pablo/Desktop/ros2_dam/simulation/lbr-stack/build/lbr_bringup': AMENT_PREFIX_PATH=/home/pablo/Desktop/ros2_dam/simulation/lbr-stack/install/lbr_ros2_control:/home/pablo/Desktop/ros2_dam/simulation/lbr-stack/install/lbr_fri_ros2:/home/pablo/Desktop/ros2_dam/simulation/lbr-stack/install/lbr_fri_idl:/home/pablo/Desktop/ros2_dam/simulation/lbr-stack/install/lbr_description:${AMENT_PREFIX_PATH} CMAKE_PREFIX_PATH=/home/pablo/Desktop/ros2_dam/simulation/lbr-stack/install/lbr_ros2_control:/home/pablo/Desktop/ros2_dam/simulation/lbr-stack/install/lbr_fri_ros2:/home/pablo/Desktop/ros2_dam/simulation/lbr-stack/install/lbr_fri_idl:/home/pablo/Desktop/ros2_dam/simulation/lbr-stack/install/lbr_description:/home/pablo/Desktop/ros2_dam/simulation/lbr-stack/install/fri_client_sdk:/opt/ros/jazzy/opt/gz_sim_vendor:/opt/ros/jazzy/opt/gz_sensors_vendor:/opt/ros/jazzy/opt/gz_physics_vendor:/opt/ros/jazzy/opt/sdformat_vendor:/opt/ros/jazzy/opt/gz_gui_vendor:/opt/ros/jazzy/opt/gz_transport_vendor:/opt/ros/jazzy/opt/gz_rendering_vendor:/opt/ros/jazzy/opt/gz_plugin_vendor:/opt/ros/jazzy/opt/gz_fuel_tools_vendor:/opt/ros/jazzy/opt/gz_msgs_vendor:/opt/ros/jazzy/opt/gz_common_vendor:/opt/ros/jazzy/opt/gz_math_vendor:/opt/ros/jazzy/opt/gz_utils_vendor:/opt/ros/jazzy/opt/gz_tools_vendor:/opt/ros/jazzy/opt/gz_ogre_next_vendor:/opt/ros/jazzy/opt/gz_dartsim_vendor:/opt/ros/jazzy/opt/gz_cmake_vendor:/opt/ros/jazzy DEBUGINFOD_URLS=https://debuginfod.ubuntu.com LD_LIBRARY_PATH=/home/pablo/Desktop/ros2_dam/simulation/lbr-stack/install/lbr_ros2_control/lib:/home/pablo/Desktop/ros2_dam/simulation/lbr-stack/install/lbr_fri_ros2/lib:/home/pablo/Desktop/ros2_dam/simulation/lbr-stack/install/lbr_fri_idl/lib:/home/pablo/Desktop/ros2_dam/simulation/lbr-stack/install/fri_client_sdk/lib:${LD_LIBRARY_PATH} PKG_CONFIG_PATH=/home/pablo/Desktop/ros2_dam/simulation/lbr-stack/install/fri_client_sdk/lib/x86_64-linux-gnu/pkgconfig:/home/pablo/Desktop/ros2_dam/simulation/lbr-stack/install/fri_client_sdk/lib/pkgconfig PYTHONPATH=/home/pablo/Desktop/ros2_dam/simulation/lbr-stack/install/lbr_fri_idl/lib/python3.12/site-packages:${PYTHONPATH} /usr/bin/cmake --install /home/pablo/Desktop/ros2_dam/simulation/lbr-stack/build/lbr_bringup
[1.620s] -- Install configuration: ""
[1.621s] -- Execute custom install script
[1.621s] -- Symlinking: /home/pablo/Desktop/ros2_dam/simulation/lbr-stack/install/lbr_bringup/share/lbr_bringup/config/gazebo.rviz
[1.634s] -- Symlinking: /home/pablo/Desktop/ros2_dam/simulation/lbr-stack/install/lbr_bringup/share/lbr_bringup/config/hardware.rviz
[1.644s] -- Symlinking: /home/pablo/Desktop/ros2_dam/simulation/lbr-stack/install/lbr_bringup/share/lbr_bringup/config/mock.rviz
[1.656s] -- Symlinking: /home/pablo/Desktop/ros2_dam/simulation/lbr-stack/install/lbr_bringup/share/lbr_bringup/config/moveit_servo.yaml
[1.669s] -- Symlinking: /home/pablo/Desktop/ros2_dam/simulation/lbr-stack/install/lbr_bringup/share/lbr_bringup/launch/gazebo.launch.py
[1.680s] -- Symlinking: /home/pablo/Desktop/ros2_dam/simulation/lbr-stack/install/lbr_bringup/share/lbr_bringup/launch/hardware.launch.py
[1.691s] -- Symlinking: /home/pablo/Desktop/ros2_dam/simulation/lbr-stack/install/lbr_bringup/share/lbr_bringup/launch/mock.launch.py
[1.703s] -- Symlinking: /home/pablo/Desktop/ros2_dam/simulation/lbr-stack/install/lbr_bringup/share/lbr_bringup/launch/move_group.launch.py
[1.714s] -- Symlinking: /home/pablo/Desktop/ros2_dam/simulation/lbr-stack/install/lbr_bringup/share/lbr_bringup/launch/moveit_servo.launch.py
[1.725s] -- Symlinking: /home/pablo/Desktop/ros2_dam/simulation/lbr-stack/install/lbr_bringup/share/lbr_bringup/launch/rviz.launch.py
[1.736s] -- Symlinking: /home/pablo/Desktop/ros2_dam/simulation/lbr-stack/install/lbr_bringup/share/lbr_bringup/environment/pythonpath.sh
[1.747s] -- Symlinking: /home/pablo/Desktop/ros2_dam/simulation/lbr-stack/install/lbr_bringup/share/lbr_bringup/environment/pythonpath.dsv
[1.759s] -- Symlinking: /home/pablo/Desktop/ros2_dam/simulation/lbr-stack/install/lbr_bringup/lib/python3.12/site-packages/lbr_bringup-2.4.3-py3.12.egg-info/PKG-INFO
[1.772s] -- Symlinking: /home/pablo/Desktop/ros2_dam/simulation/lbr-stack/install/lbr_bringup/lib/python3.12/site-packages/lbr_bringup-2.4.3-py3.12.egg-info/SOURCES.txt
[1.783s] -- Symlinking: /home/pablo/Desktop/ros2_dam/simulation/lbr-stack/install/lbr_bringup/lib/python3.12/site-packages/lbr_bringup-2.4.3-py3.12.egg-info/dependency_links.txt
[1.794s] -- Symlinking: /home/pablo/Desktop/ros2_dam/simulation/lbr-stack/install/lbr_bringup/lib/python3.12/site-packages/lbr_bringup-2.4.3-py3.12.egg-info/top_level.txt
[1.806s] -- Symlinking: /home/pablo/Desktop/ros2_dam/simulation/lbr-stack/install/lbr_bringup/lib/python3.12/site-packages/lbr_bringup/__init__.py
[1.817s] -- Symlinking: /home/pablo/Desktop/ros2_dam/simulation/lbr-stack/install/lbr_bringup/lib/python3.12/site-packages/lbr_bringup/description.py
[1.829s] -- Symlinking: /home/pablo/Desktop/ros2_dam/simulation/lbr-stack/install/lbr_bringup/lib/python3.12/site-packages/lbr_bringup/gazebo.py
[1.840s] -- Symlinking: /home/pablo/Desktop/ros2_dam/simulation/lbr-stack/install/lbr_bringup/lib/python3.12/site-packages/lbr_bringup/moveit.py
[1.851s] -- Symlinking: /home/pablo/Desktop/ros2_dam/simulation/lbr-stack/install/lbr_bringup/lib/python3.12/site-packages/lbr_bringup/ros2_control.py
[1.865s] -- Symlinking: /home/pablo/Desktop/ros2_dam/simulation/lbr-stack/install/lbr_bringup/lib/python3.12/site-packages/lbr_bringup/rviz.py
[1.878s] -- Symlinking: /home/pablo/Desktop/ros2_dam/simulation/lbr-stack/install/lbr_bringup/share/ament_index/resource_index/package_run_dependencies/lbr_bringup
[1.889s] -- Symlinking: /home/pablo/Desktop/ros2_dam/simulation/lbr-stack/install/lbr_bringup/share/ament_index/resource_index/parent_prefix_path/lbr_bringup
[1.900s] -- Symlinking: /home/pablo/Desktop/ros2_dam/simulation/lbr-stack/install/lbr_bringup/share/lbr_bringup/environment/ament_prefix_path.sh
[1.911s] -- Symlinking: /home/pablo/Desktop/ros2_dam/simulation/lbr-stack/install/lbr_bringup/share/lbr_bringup/environment/ament_prefix_path.dsv
[1.922s] -- Symlinking: /home/pablo/Desktop/ros2_dam/simulation/lbr-stack/install/lbr_bringup/share/lbr_bringup/environment/path.sh
[1.933s] -- Symlinking: /home/pablo/Desktop/ros2_dam/simulation/lbr-stack/install/lbr_bringup/share/lbr_bringup/environment/path.dsv
[1.945s] -- Symlinking: /home/pablo/Desktop/ros2_dam/simulation/lbr-stack/install/lbr_bringup/share/lbr_bringup/local_setup.bash
[1.956s] -- Symlinking: /home/pablo/Desktop/ros2_dam/simulation/lbr-stack/install/lbr_bringup/share/lbr_bringup/local_setup.sh
[1.968s] -- Symlinking: /home/pablo/Desktop/ros2_dam/simulation/lbr-stack/install/lbr_bringup/share/lbr_bringup/local_setup.zsh
[1.979s] -- Symlinking: /home/pablo/Desktop/ros2_dam/simulation/lbr-stack/install/lbr_bringup/share/lbr_bringup/local_setup.dsv
[1.990s] -- Symlinking: /home/pablo/Desktop/ros2_dam/simulation/lbr-stack/install/lbr_bringup/share/lbr_bringup/package.dsv
[2.001s] -- Symlinking: /home/pablo/Desktop/ros2_dam/simulation/lbr-stack/install/lbr_bringup/share/ament_index/resource_index/packages/lbr_bringup
[2.014s] -- Symlinking: /home/pablo/Desktop/ros2_dam/simulation/lbr-stack/install/lbr_bringup/share/lbr_bringup/cmake/lbr_bringupConfig.cmake
[2.025s] -- Symlinking: /home/pablo/Desktop/ros2_dam/simulation/lbr-stack/install/lbr_bringup/share/lbr_bringup/cmake/lbr_bringupConfig-version.cmake
[2.036s] -- Symlinking: /home/pablo/Desktop/ros2_dam/simulation/lbr-stack/install/lbr_bringup/share/lbr_bringup/package.xml
[2.096s] Listing '/home/pablo/Desktop/ros2_dam/simulation/lbr-stack/install/lbr_bringup/lib/python3.12/site-packages/lbr_bringup'...
[2.096s] Compiling '/home/pablo/Desktop/ros2_dam/simulation/lbr-stack/install/lbr_bringup/lib/python3.12/site-packages/lbr_bringup/__init__.py'...
[2.096s] Compiling '/home/pablo/Desktop/ros2_dam/simulation/lbr-stack/install/lbr_bringup/lib/python3.12/site-packages/lbr_bringup/description.py'...
[2.096s] Compiling '/home/pablo/Desktop/ros2_dam/simulation/lbr-stack/install/lbr_bringup/lib/python3.12/site-packages/lbr_bringup/gazebo.py'...
[2.097s] Compiling '/home/pablo/Desktop/ros2_dam/simulation/lbr-stack/install/lbr_bringup/lib/python3.12/site-packages/lbr_bringup/moveit.py'...
[2.097s] Compiling '/home/pablo/Desktop/ros2_dam/simulation/lbr-stack/install/lbr_bringup/lib/python3.12/site-packages/lbr_bringup/ros2_control.py'...
[2.097s] Compiling '/home/pablo/Desktop/ros2_dam/simulation/lbr-stack/install/lbr_bringup/lib/python3.12/site-packages/lbr_bringup/rviz.py'...
[2.107s] Invoked command in '/home/pablo/Desktop/ros2_dam/simulation/lbr-stack/build/lbr_bringup' returned '0': AMENT_PREFIX_PATH=/home/pablo/Desktop/ros2_dam/simulation/lbr-stack/install/lbr_ros2_control:/home/pablo/Desktop/ros2_dam/simulation/lbr-stack/install/lbr_fri_ros2:/home/pablo/Desktop/ros2_dam/simulation/lbr-stack/install/lbr_fri_idl:/home/pablo/Desktop/ros2_dam/simulation/lbr-stack/install/lbr_description:${AMENT_PREFIX_PATH} CMAKE_PREFIX_PATH=/home/pablo/Desktop/ros2_dam/simulation/lbr-stack/install/lbr_ros2_control:/home/pablo/Desktop/ros2_dam/simulation/lbr-stack/install/lbr_fri_ros2:/home/pablo/Desktop/ros2_dam/simulation/lbr-stack/install/lbr_fri_idl:/home/pablo/Desktop/ros2_dam/simulation/lbr-stack/install/lbr_description:/home/pablo/Desktop/ros2_dam/simulation/lbr-stack/install/fri_client_sdk:/opt/ros/jazzy/opt/gz_sim_vendor:/opt/ros/jazzy/opt/gz_sensors_vendor:/opt/ros/jazzy/opt/gz_physics_vendor:/opt/ros/jazzy/opt/sdformat_vendor:/opt/ros/jazzy/opt/gz_gui_vendor:/opt/ros/jazzy/opt/gz_transport_vendor:/opt/ros/jazzy/opt/gz_rendering_vendor:/opt/ros/jazzy/opt/gz_plugin_vendor:/opt/ros/jazzy/opt/gz_fuel_tools_vendor:/opt/ros/jazzy/opt/gz_msgs_vendor:/opt/ros/jazzy/opt/gz_common_vendor:/opt/ros/jazzy/opt/gz_math_vendor:/opt/ros/jazzy/opt/gz_utils_vendor:/opt/ros/jazzy/opt/gz_tools_vendor:/opt/ros/jazzy/opt/gz_ogre_next_vendor:/opt/ros/jazzy/opt/gz_dartsim_vendor:/opt/ros/jazzy/opt/gz_cmake_vendor:/opt/ros/jazzy DEBUGINFOD_URLS=https://debuginfod.ubuntu.com LD_LIBRARY_PATH=/home/pablo/Desktop/ros2_dam/simulation/lbr-stack/install/lbr_ros2_control/lib:/home/pablo/Desktop/ros2_dam/simulation/lbr-stack/install/lbr_fri_ros2/lib:/home/pablo/Desktop/ros2_dam/simulation/lbr-stack/install/lbr_fri_idl/lib:/home/pablo/Desktop/ros2_dam/simulation/lbr-stack/install/fri_client_sdk/lib:${LD_LIBRARY_PATH} PKG_CONFIG_PATH=/home/pablo/Desktop/ros2_dam/simulation/lbr-stack/install/fri_client_sdk/lib/x86_64-linux-gnu/pkgconfig:/home/pablo/Desktop/ros2_dam/simulation/lbr-stack/install/fri_client_sdk/lib/pkgconfig PYTHONPATH=/home/pablo/Desktop/ros2_dam/simulation/lbr-stack/install/lbr_fri_idl/lib/python3.12/site-packages:${PYTHONPATH} /usr/bin/cmake --install /home/pablo/Desktop/ros2_dam/simulation/lbr-stack/build/lbr_bringup
