/home/pablo/Desktop/ros2_dam/simulation/lbr-stack/install/lbr_moveit/lib/python3.12/site-packages/lbr_moveit/forward_keyboard_node.py
/home/pablo/Desktop/ros2_dam/simulation/lbr-stack/install/lbr_moveit/lib/python3.12/site-packages/lbr_moveit/__init__.py
/home/pablo/Desktop/ros2_dam/simulation/lbr-stack/install/lbr_moveit/lib/python3.12/site-packages/lbr_moveit/keyboard_listener.py
/home/pablo/Desktop/ros2_dam/simulation/lbr-stack/install/lbr_moveit/lib/python3.12/site-packages/scripts/__init__.py
/home/pablo/Desktop/ros2_dam/simulation/lbr-stack/install/lbr_moveit/lib/python3.12/site-packages/scripts/forward_keyboard.py
/home/pablo/Desktop/ros2_dam/simulation/lbr-stack/install/lbr_moveit/lib/python3.12/site-packages/lbr_moveit/__pycache__/forward_keyboard_node.cpython-312.pyc
/home/pablo/Desktop/ros2_dam/simulation/lbr-stack/install/lbr_moveit/lib/python3.12/site-packages/lbr_moveit/__pycache__/__init__.cpython-312.pyc
/home/pablo/Desktop/ros2_dam/simulation/lbr-stack/install/lbr_moveit/lib/python3.12/site-packages/lbr_moveit/__pycache__/keyboard_listener.cpython-312.pyc
/home/pablo/Desktop/ros2_dam/simulation/lbr-stack/install/lbr_moveit/lib/python3.12/site-packages/scripts/__pycache__/__init__.cpython-312.pyc
/home/pablo/Desktop/ros2_dam/simulation/lbr-stack/install/lbr_moveit/lib/python3.12/site-packages/scripts/__pycache__/forward_keyboard.cpython-312.pyc
/home/pablo/Desktop/ros2_dam/simulation/lbr-stack/install/lbr_moveit/share/ament_index/resource_index/packages/lbr_moveit
/home/pablo/Desktop/ros2_dam/simulation/lbr-stack/install/lbr_moveit/share/lbr_moveit/package.xml
/home/pablo/Desktop/ros2_dam/simulation/lbr-stack/install/lbr_moveit/share/lbr_moveit/config/forward_keyboard.yaml
/home/pablo/Desktop/ros2_dam/simulation/lbr-stack/install/lbr_moveit/share/lbr_moveit/launch/keyboard_driver.launch.py
/home/pablo/Desktop/ros2_dam/simulation/lbr-stack/install/lbr_moveit/lib/python3.12/site-packages/lbr_moveit-2.4.3-py3.12.egg-info/zip-safe
/home/pablo/Desktop/ros2_dam/simulation/lbr-stack/install/lbr_moveit/lib/python3.12/site-packages/lbr_moveit-2.4.3-py3.12.egg-info/dependency_links.txt
/home/pablo/Desktop/ros2_dam/simulation/lbr-stack/install/lbr_moveit/lib/python3.12/site-packages/lbr_moveit-2.4.3-py3.12.egg-info/SOURCES.txt
/home/pablo/Desktop/ros2_dam/simulation/lbr-stack/install/lbr_moveit/lib/python3.12/site-packages/lbr_moveit-2.4.3-py3.12.egg-info/top_level.txt
/home/pablo/Desktop/ros2_dam/simulation/lbr-stack/install/lbr_moveit/lib/python3.12/site-packages/lbr_moveit-2.4.3-py3.12.egg-info/requires.txt
/home/pablo/Desktop/ros2_dam/simulation/lbr-stack/install/lbr_moveit/lib/python3.12/site-packages/lbr_moveit-2.4.3-py3.12.egg-info/PKG-INFO
/home/pablo/Desktop/ros2_dam/simulation/lbr-stack/install/lbr_moveit/lib/python3.12/site-packages/lbr_moveit-2.4.3-py3.12.egg-info/entry_points.txt
/home/pablo/Desktop/ros2_dam/simulation/lbr-stack/install/lbr_moveit/lib/lbr_moveit/forward_keyboard
