running develop
Removing /home/pablo/Desktop/ros2_dam/simulation/lbr-stack/install/lbr_demos_py/lib/python3.12/site-packages/lbr-demos-py.egg-link (link to .)
running egg_info
writing ../../../../build/lbr_demos_py/lbr_demos_py.egg-info/PKG-INFO
writing dependency_links to ../../../../build/lbr_demos_py/lbr_demos_py.egg-info/dependency_links.txt
writing entry points to ../../../../build/lbr_demos_py/lbr_demos_py.egg-info/entry_points.txt
writing requirements to ../../../../build/lbr_demos_py/lbr_demos_py.egg-info/requires.txt
writing top-level names to ../../../../build/lbr_demos_py/lbr_demos_py.egg-info/top_level.txt
reading manifest file '../../../../build/lbr_demos_py/lbr_demos_py.egg-info/SOURCES.txt'
writing manifest file '../../../../build/lbr_demos_py/lbr_demos_py.egg-info/SOURCES.txt'
running build
running build_py
creating /home/pablo/Desktop/ros2_dam/simulation/lbr-stack/build/lbr_demos_py/build
creating /home/pablo/Desktop/ros2_dam/simulation/lbr-stack/build/lbr_demos_py/build/lib
creating /home/pablo/Desktop/ros2_dam/simulation/lbr-stack/build/lbr_demos_py/build/lib/lbr_demos_py
copying lbr_demos_py/joint_sine_overlay.py -> /home/pablo/Desktop/ros2_dam/simulation/lbr-stack/build/lbr_demos_py/build/lib/lbr_demos_py
copying lbr_demos_py/joint_trajectory_client.py -> /home/pablo/Desktop/ros2_dam/simulation/lbr-stack/build/lbr_demos_py/build/lib/lbr_demos_py
copying lbr_demos_py/__init__.py -> /home/pablo/Desktop/ros2_dam/simulation/lbr-stack/build/lbr_demos_py/build/lib/lbr_demos_py
copying lbr_demos_py/torque_sine_overlay.py -> /home/pablo/Desktop/ros2_dam/simulation/lbr-stack/build/lbr_demos_py/build/lib/lbr_demos_py
copying lbr_demos_py/wrench_sine_overlay.py -> /home/pablo/Desktop/ros2_dam/simulation/lbr-stack/build/lbr_demos_py/build/lib/lbr_demos_py
running install
running install_lib
creating /home/pablo/Desktop/ros2_dam/simulation/lbr-stack/install/lbr_demos_py/lib/python3.12/site-packages/lbr_demos_py
copying /home/pablo/Desktop/ros2_dam/simulation/lbr-stack/build/lbr_demos_py/build/lib/lbr_demos_py/joint_sine_overlay.py -> /home/pablo/Desktop/ros2_dam/simulation/lbr-stack/install/lbr_demos_py/lib/python3.12/site-packages/lbr_demos_py
copying /home/pablo/Desktop/ros2_dam/simulation/lbr-stack/build/lbr_demos_py/build/lib/lbr_demos_py/joint_trajectory_client.py -> /home/pablo/Desktop/ros2_dam/simulation/lbr-stack/install/lbr_demos_py/lib/python3.12/site-packages/lbr_demos_py
copying /home/pablo/Desktop/ros2_dam/simulation/lbr-stack/build/lbr_demos_py/build/lib/lbr_demos_py/__init__.py -> /home/pablo/Desktop/ros2_dam/simulation/lbr-stack/install/lbr_demos_py/lib/python3.12/site-packages/lbr_demos_py
copying /home/pablo/Desktop/ros2_dam/simulation/lbr-stack/build/lbr_demos_py/build/lib/lbr_demos_py/torque_sine_overlay.py -> /home/pablo/Desktop/ros2_dam/simulation/lbr-stack/install/lbr_demos_py/lib/python3.12/site-packages/lbr_demos_py
copying /home/pablo/Desktop/ros2_dam/simulation/lbr-stack/build/lbr_demos_py/build/lib/lbr_demos_py/wrench_sine_overlay.py -> /home/pablo/Desktop/ros2_dam/simulation/lbr-stack/install/lbr_demos_py/lib/python3.12/site-packages/lbr_demos_py
byte-compiling /home/pablo/Desktop/ros2_dam/simulation/lbr-stack/install/lbr_demos_py/lib/python3.12/site-packages/lbr_demos_py/joint_sine_overlay.py to joint_sine_overlay.cpython-312.pyc
byte-compiling /home/pablo/Desktop/ros2_dam/simulation/lbr-stack/install/lbr_demos_py/lib/python3.12/site-packages/lbr_demos_py/joint_trajectory_client.py to joint_trajectory_client.cpython-312.pyc
byte-compiling /home/pablo/Desktop/ros2_dam/simulation/lbr-stack/install/lbr_demos_py/lib/python3.12/site-packages/lbr_demos_py/__init__.py to __init__.cpython-312.pyc
byte-compiling /home/pablo/Desktop/ros2_dam/simulation/lbr-stack/install/lbr_demos_py/lib/python3.12/site-packages/lbr_demos_py/torque_sine_overlay.py to torque_sine_overlay.cpython-312.pyc
byte-compiling /home/pablo/Desktop/ros2_dam/simulation/lbr-stack/install/lbr_demos_py/lib/python3.12/site-packages/lbr_demos_py/wrench_sine_overlay.py to wrench_sine_overlay.cpython-312.pyc
running install_data
copying resource/lbr_demos_py -> /home/pablo/Desktop/ros2_dam/simulation/lbr-stack/install/lbr_demos_py/share/ament_index/resource_index/packages
copying package.xml -> /home/pablo/Desktop/ros2_dam/simulation/lbr-stack/install/lbr_demos_py/share/lbr_demos_py
running install_egg_info
Copying ../../../../build/lbr_demos_py/lbr_demos_py.egg-info to /home/pablo/Desktop/ros2_dam/simulation/lbr-stack/install/lbr_demos_py/lib/python3.12/site-packages/lbr_demos_py-2.4.3-py3.12.egg-info
running install_scripts
Installing joint_sine_overlay script to /home/pablo/Desktop/ros2_dam/simulation/lbr-stack/install/lbr_demos_py/lib/lbr_demos_py
Installing joint_trajectory_client script to /home/pablo/Desktop/ros2_dam/simulation/lbr-stack/install/lbr_demos_py/lib/lbr_demos_py
Installing torque_sine_overlay script to /home/pablo/Desktop/ros2_dam/simulation/lbr-stack/install/lbr_demos_py/lib/lbr_demos_py
Installing wrench_sine_overlay script to /home/pablo/Desktop/ros2_dam/simulation/lbr-stack/install/lbr_demos_py/lib/lbr_demos_py
writing list of installed files to '/home/pablo/Desktop/ros2_dam/simulation/lbr-stack/build/lbr_demos_py/install.log'
