[1.089s] Invoking command in '/home/pablo/Desktop/ros2_dam/ros2_ws/src/press_moveit_ft45_pkg': DEBUGINFOD_URLS=https://debuginfod.ubuntu.com PYTHONPATH=/home/pablo/Desktop/ros2_dam/ros2_ws/build/press_moveit_ft45_pkg/prefix_override:/usr/lib/python3/dist-packages/colcon_core/task/python/colcon_distutils_commands:/home/pablo/Desktop/ros2_dam/ros2_ws/install/press_moveit_ft45_pkg/lib/python3.12/site-packages:${PYTHONPATH} /usr/bin/python3 -W ignore:setup.py install is deprecated -W ignore:easy_install command is deprecated setup.py egg_info --egg-base ../../build/press_moveit_ft45_pkg build --build-base /home/pablo/Desktop/ros2_dam/ros2_ws/build/press_moveit_ft45_pkg/build install --record /home/pablo/Desktop/ros2_dam/ros2_ws/build/press_moveit_ft45_pkg/install.log --single-version-externally-managed install_data
[1.475s] running egg_info
[1.506s] writing ../../build/press_moveit_ft45_pkg/press_moveit_ft45_pkg.egg-info/PKG-INFO
[1.506s] writing dependency_links to ../../build/press_moveit_ft45_pkg/press_moveit_ft45_pkg.egg-info/dependency_links.txt
[1.506s] writing entry points to ../../build/press_moveit_ft45_pkg/press_moveit_ft45_pkg.egg-info/entry_points.txt
[1.506s] writing requirements to ../../build/press_moveit_ft45_pkg/press_moveit_ft45_pkg.egg-info/requires.txt
[1.507s] writing top-level names to ../../build/press_moveit_ft45_pkg/press_moveit_ft45_pkg.egg-info/top_level.txt
[1.567s] reading manifest file '../../build/press_moveit_ft45_pkg/press_moveit_ft45_pkg.egg-info/SOURCES.txt'
[1.567s] adding license file 'LICENSE'
[1.568s] writing manifest file '../../build/press_moveit_ft45_pkg/press_moveit_ft45_pkg.egg-info/SOURCES.txt'
[1.568s] running build
[1.568s] running build_py
[1.569s] copying press_moveit_ft45_pkg/press_motion_node.py -> /home/pablo/Desktop/ros2_dam/ros2_ws/build/press_moveit_ft45_pkg/build/lib/press_moveit_ft45_pkg
[1.569s] running install
[1.576s] running install_lib
[1.605s] copying /home/pablo/Desktop/ros2_dam/ros2_ws/build/press_moveit_ft45_pkg/build/lib/press_moveit_ft45_pkg/press_motion_node.py -> /home/pablo/Desktop/ros2_dam/ros2_ws/install/press_moveit_ft45_pkg/lib/python3.12/site-packages/press_moveit_ft45_pkg
[1.606s] byte-compiling /home/pablo/Desktop/ros2_dam/ros2_ws/install/press_moveit_ft45_pkg/lib/python3.12/site-packages/press_moveit_ft45_pkg/press_motion_node.py to press_motion_node.cpython-312.pyc
[1.608s] running install_data
[1.608s] running install_egg_info
[1.639s] removing '/home/pablo/Desktop/ros2_dam/ros2_ws/install/press_moveit_ft45_pkg/lib/python3.12/site-packages/press_moveit_ft45_pkg-0.1.0-py3.12.egg-info' (and everything under it)
[1.639s] Copying ../../build/press_moveit_ft45_pkg/press_moveit_ft45_pkg.egg-info to /home/pablo/Desktop/ros2_dam/ros2_ws/install/press_moveit_ft45_pkg/lib/python3.12/site-packages/press_moveit_ft45_pkg-0.1.0-py3.12.egg-info
[1.640s] running install_scripts
[1.823s] Installing press_motion_node script to /home/pablo/Desktop/ros2_dam/ros2_ws/install/press_moveit_ft45_pkg/lib/press_moveit_ft45_pkg
[1.824s] writing list of installed files to '/home/pablo/Desktop/ros2_dam/ros2_ws/build/press_moveit_ft45_pkg/install.log'
[1.851s] Invoked command in '/home/pablo/Desktop/ros2_dam/ros2_ws/src/press_moveit_ft45_pkg' returned '0': DEBUGINFOD_URLS=https://debuginfod.ubuntu.com PYTHONPATH=/home/pablo/Desktop/ros2_dam/ros2_ws/build/press_moveit_ft45_pkg/prefix_override:/usr/lib/python3/dist-packages/colcon_core/task/python/colcon_distutils_commands:/home/pablo/Desktop/ros2_dam/ros2_ws/install/press_moveit_ft45_pkg/lib/python3.12/site-packages:${PYTHONPATH} /usr/bin/python3 -W ignore:setup.py install is deprecated -W ignore:easy_install command is deprecated setup.py egg_info --egg-base ../../build/press_moveit_ft45_pkg build --build-base /home/pablo/Desktop/ros2_dam/ros2_ws/build/press_moveit_ft45_pkg/build install --record /home/pablo/Desktop/ros2_dam/ros2_ws/build/press_moveit_ft45_pkg/install.log --single-version-externally-managed install_data
