[1.136s] Invoking command in '/home/pablo/Desktop/ros2_dam/simulation/lbr-stack/build/lbr_demos_py': AMENT_PREFIX_PATH=/home/pablo/Desktop/ros2_dam/simulation/lbr-stack/install/lbr_bringup:/home/pablo/Desktop/ros2_dam/simulation/lbr-stack/install/lbr_ros2_control:/home/pablo/Desktop/ros2_dam/simulation/lbr-stack/install/lbr_fri_ros2:/home/pablo/Desktop/ros2_dam/simulation/lbr-stack/install/lbr_fri_idl:/home/pablo/Desktop/ros2_dam/simulation/lbr-stack/install/lbr_description:${AMENT_PREFIX_PATH} CMAKE_PREFIX_PATH=/home/pablo/Desktop/ros2_dam/simulation/lbr-stack/install/lbr_bringup:/home/pablo/Desktop/ros2_dam/simulation/lbr-stack/install/lbr_ros2_control:/home/pablo/Desktop/ros2_dam/simulation/lbr-stack/install/lbr_fri_ros2:/home/pablo/Desktop/ros2_dam/simulation/lbr-stack/install/lbr_fri_idl:/home/pablo/Desktop/ros2_dam/simulation/lbr-stack/install/lbr_description:/home/pablo/Desktop/ros2_dam/simulation/lbr-stack/install/fri_client_sdk:${CMAKE_PREFIX_PATH} DEBUGINFOD_URLS=https://debuginfod.ubuntu.com LD_LIBRARY_PATH=/home/pablo/Desktop/ros2_dam/simulation/lbr-stack/install/lbr_ros2_control/lib:/home/pablo/Desktop/ros2_dam/simulation/lbr-stack/install/lbr_fri_ros2/lib:/home/pablo/Desktop/ros2_dam/simulation/lbr-stack/install/lbr_fri_idl/lib:/home/pablo/Desktop/ros2_dam/simulation/lbr-stack/install/fri_client_sdk/lib:${LD_LIBRARY_PATH} PKG_CONFIG_PATH=/home/pablo/Desktop/ros2_dam/simulation/lbr-stack/install/fri_client_sdk/lib/x86_64-linux-gnu/pkgconfig:/home/pablo/Desktop/ros2_dam/simulation/lbr-stack/install/fri_client_sdk/lib/pkgconfig PYTHONPATH=/home/pablo/Desktop/ros2_dam/simulation/lbr-stack/build/lbr_demos_py/prefix_override:/usr/lib/python3/dist-packages/colcon_core/task/python/colcon_distutils_commands:/home/pablo/Desktop/ros2_dam/simulation/lbr-stack/install/lbr_demos_py/lib/python3.12/site-packages:/home/pablo/Desktop/ros2_dam/simulation/lbr-stack/install/lbr_bringup/lib/python3.12/site-packages:/home/pablo/Desktop/ros2_dam/simulation/lbr-stack/install/lbr_fri_idl/lib/python3.12/site-packages:${PYTHONPATH} /usr/bin/python3 -W ignore:setup.py install is deprecated -W ignore:easy_install command is deprecated setup.py develop --editable --build-directory /home/pablo/Desktop/ros2_dam/simulation/lbr-stack/build/lbr_demos_py/build --no-deps symlink_data
[1.556s] running develop
[1.846s] running egg_info
[1.874s] writing lbr_demos_py.egg-info/PKG-INFO
[1.875s] writing dependency_links to lbr_demos_py.egg-info/dependency_links.txt
[1.875s] writing entry points to lbr_demos_py.egg-info/entry_points.txt
[1.875s] writing requirements to lbr_demos_py.egg-info/requires.txt
[1.876s] writing top-level names to lbr_demos_py.egg-info/top_level.txt
[1.876s] writing manifest file 'lbr_demos_py.egg-info/SOURCES.txt'
[1.933s] reading manifest file 'lbr_demos_py.egg-info/SOURCES.txt'
[1.933s] writing manifest file 'lbr_demos_py.egg-info/SOURCES.txt'
[1.964s] running build_ext
[1.964s] Creating /home/pablo/Desktop/ros2_dam/simulation/lbr-stack/install/lbr_demos_py/lib/python3.12/site-packages/lbr-demos-py.egg-link (link to .)
[1.965s] Installing joint_sine_overlay script to /home/pablo/Desktop/ros2_dam/simulation/lbr-stack/install/lbr_demos_py/lib/lbr_demos_py
[1.965s] Installing joint_trajectory_client script to /home/pablo/Desktop/ros2_dam/simulation/lbr-stack/install/lbr_demos_py/lib/lbr_demos_py
[1.965s] Installing torque_sine_overlay script to /home/pablo/Desktop/ros2_dam/simulation/lbr-stack/install/lbr_demos_py/lib/lbr_demos_py
[1.966s] Installing wrench_sine_overlay script to /home/pablo/Desktop/ros2_dam/simulation/lbr-stack/install/lbr_demos_py/lib/lbr_demos_py
[1.966s] 
[1.966s] Installed /home/pablo/Desktop/ros2_dam/simulation/lbr-stack/build/lbr_demos_py
[1.966s] running symlink_data
[1.967s] symbolically linking /home/pablo/Desktop/ros2_dam/simulation/lbr-stack/build/lbr_demos_py/resource/lbr_demos_py -> /home/pablo/Desktop/ros2_dam/simulation/lbr-stack/install/lbr_demos_py/share/ament_index/resource_index/packages
[1.967s] symbolically linking /home/pablo/Desktop/ros2_dam/simulation/lbr-stack/build/lbr_demos_py/package.xml -> /home/pablo/Desktop/ros2_dam/simulation/lbr-stack/install/lbr_demos_py/share/lbr_demos_py
[1.998s] Invoked command in '/home/pablo/Desktop/ros2_dam/simulation/lbr-stack/build/lbr_demos_py' returned '0': AMENT_PREFIX_PATH=/home/pablo/Desktop/ros2_dam/simulation/lbr-stack/install/lbr_bringup:/home/pablo/Desktop/ros2_dam/simulation/lbr-stack/install/lbr_ros2_control:/home/pablo/Desktop/ros2_dam/simulation/lbr-stack/install/lbr_fri_ros2:/home/pablo/Desktop/ros2_dam/simulation/lbr-stack/install/lbr_fri_idl:/home/pablo/Desktop/ros2_dam/simulation/lbr-stack/install/lbr_description:${AMENT_PREFIX_PATH} CMAKE_PREFIX_PATH=/home/pablo/Desktop/ros2_dam/simulation/lbr-stack/install/lbr_bringup:/home/pablo/Desktop/ros2_dam/simulation/lbr-stack/install/lbr_ros2_control:/home/pablo/Desktop/ros2_dam/simulation/lbr-stack/install/lbr_fri_ros2:/home/pablo/Desktop/ros2_dam/simulation/lbr-stack/install/lbr_fri_idl:/home/pablo/Desktop/ros2_dam/simulation/lbr-stack/install/lbr_description:/home/pablo/Desktop/ros2_dam/simulation/lbr-stack/install/fri_client_sdk:${CMAKE_PREFIX_PATH} DEBUGINFOD_URLS=https://debuginfod.ubuntu.com LD_LIBRARY_PATH=/home/pablo/Desktop/ros2_dam/simulation/lbr-stack/install/lbr_ros2_control/lib:/home/pablo/Desktop/ros2_dam/simulation/lbr-stack/install/lbr_fri_ros2/lib:/home/pablo/Desktop/ros2_dam/simulation/lbr-stack/install/lbr_fri_idl/lib:/home/pablo/Desktop/ros2_dam/simulation/lbr-stack/install/fri_client_sdk/lib:${LD_LIBRARY_PATH} PKG_CONFIG_PATH=/home/pablo/Desktop/ros2_dam/simulation/lbr-stack/install/fri_client_sdk/lib/x86_64-linux-gnu/pkgconfig:/home/pablo/Desktop/ros2_dam/simulation/lbr-stack/install/fri_client_sdk/lib/pkgconfig PYTHONPATH=/home/pablo/Desktop/ros2_dam/simulation/lbr-stack/build/lbr_demos_py/prefix_override:/usr/lib/python3/dist-packages/colcon_core/task/python/colcon_distutils_commands:/home/pablo/Desktop/ros2_dam/simulation/lbr-stack/install/lbr_demos_py/lib/python3.12/site-packages:/home/pablo/Desktop/ros2_dam/simulation/lbr-stack/install/lbr_bringup/lib/python3.12/site-packages:/home/pablo/Desktop/ros2_dam/simulation/lbr-stack/install/lbr_fri_idl/lib/python3.12/site-packages:${PYTHONPATH} /usr/bin/python3 -W ignore:setup.py install is deprecated -W ignore:easy_install command is deprecated setup.py develop --editable --build-directory /home/pablo/Desktop/ros2_dam/simulation/lbr-stack/build/lbr_demos_py/build --no-deps symlink_data
